[[1;34mINFO[m] Scanning for projects...
[[1;34mINFO[m] ------------------------------------------------------------------------
[[1;34mINFO[m] Detecting the operating system and CPU architecture
[[1;34mINFO[m] ------------------------------------------------------------------------
[[1;34mINFO[m] os.detected.name: linux
[[1;34mINFO[m] os.detected.arch: x86_64
[[1;34mINFO[m] os.detected.bitness: 64
[[1;34mINFO[m] os.detected.version: 5.10
[[1;34mINFO[m] os.detected.version.major: 5
[[1;34mINFO[m] os.detected.version.minor: 10
[[1;34mINFO[m] os.detected.release: ubuntu
[[1;34mINFO[m] os.detected.release.version: 20.04
[[1;34mINFO[m] os.detected.release.like.ubuntu: true
[[1;34mINFO[m] os.detected.release.like.debian: true
[[1;34mINFO[m] os.detected.classifier: linux-x86_64
[[1;34mINFO[m] 
[[1;34mINFO[m] [1m------------------< [0;36morg.apache.hadoop:hadoop-common[0;1m >-------------------[m
[[1;34mINFO[m] [1mBuilding Apache Hadoop Common 3.4.0-SNAPSHOT[m
[[1;34mINFO[m] [1m--------------------------------[ jar ]---------------------------------[m
[[1;34mINFO[m] 
[[1;34mINFO[m] [1m--- [0;32mmaven-surefire-plugin:3.0.0-M1:test[m [1m(default-cli)[m @ [36mhadoop-common[0;1m ---[m
[[1;34mINFO[m] 
[[1;34mINFO[m] -------------------------------------------------------
[[1;34mINFO[m]  T E S T S
[[1;34mINFO[m] -------------------------------------------------------
[[1;34mINFO[m] Running org.apache.hadoop.fs.[1mTestLocalFSFileContextMainOperations[m
[[1;34mINFO[m] [1;32mTests run: [0;1;32m75[m, Failures: 0, Errors: 0, Skipped: 0, Time elapsed: 0.711 s - in org.apache.hadoop.fs.[1mTestLocalFSFileContextMainOperations[m
[[1;34mINFO[m] Running org.apache.hadoop.fs.protocolPB.[1mTestFSSerialization[m
[[1;34mINFO[m] [1;32mTests run: [0;1;32m2[m, Failures: 0, Errors: 0, Skipped: 0, Time elapsed: 0.406 s - in org.apache.hadoop.fs.protocolPB.[1mTestFSSerialization[m
[[1;34mINFO[m] Running org.apache.hadoop.fs.[1mTestLocalFSFileContextCreateMkdir[m
[[1;34mINFO[m] [1;32mTests run: [0;1;32m11[m, Failures: 0, Errors: 0, Skipped: 0, Time elapsed: 0.221 s - in org.apache.hadoop.fs.[1mTestLocalFSFileContextCreateMkdir[m
[[1;34mINFO[m] Running org.apache.hadoop.fs.[1mTestTruncatedInputBug[m
[[1;34mINFO[m] [1;32mTests run: [0;1;32m1[m, Failures: 0, Errors: 0, Skipped: 0, Time elapsed: 0.491 s - in org.apache.hadoop.fs.[1mTestTruncatedInputBug[m
[[1;34mINFO[m] Running org.apache.hadoop.fs.statistics.[1mTestDynamicIOStatistics[m
[[1;34mINFO[m] [1;32mTests run: [0;1;32m16[m, Failures: 0, Errors: 0, Skipped: 0, Time elapsed: 0.11 s - in org.apache.hadoop.fs.statistics.[1mTestDynamicIOStatistics[m
[[1;34mINFO[m] Running org.apache.hadoop.fs.statistics.[1mTestIOStatisticsSetters[m
[[1;34mINFO[m] [1;32mTests run: [0;1;32m15[m, Failures: 0, Errors: 0, Skipped: 0, Time elapsed: 0.093 s - in org.apache.hadoop.fs.statistics.[1mTestIOStatisticsSetters[m
[[1;34mINFO[m] Running org.apache.hadoop.fs.statistics.[1mTestEmptyIOStatistics[m
[[1;34mINFO[m] [1;32mTests run: [0;1;32m9[m, Failures: 0, Errors: 0, Skipped: 0, Time elapsed: 0.094 s - in org.apache.hadoop.fs.statistics.[1mTestEmptyIOStatistics[m
[[1;34mINFO[m] Running org.apache.hadoop.fs.statistics.[1mTestMeanStatistic[m
[[1;34mINFO[m] [1;32mTests run: [0;1;32m16[m, Failures: 0, Errors: 0, Skipped: 0, Time elapsed: 0.173 s - in org.apache.hadoop.fs.statistics.[1mTestMeanStatistic[m
[[1;34mINFO[m] Running org.apache.hadoop.fs.statistics.[1mTestDurationTracking[m
[[1;34mINFO[m] [1;32mTests run: [0;1;32m13[m, Failures: 0, Errors: 0, Skipped: 0, Time elapsed: 0.787 s - in org.apache.hadoop.fs.statistics.[1mTestDurationTracking[m
[[1;34mINFO[m] Running org.apache.hadoop.fs.statistics.[1mTestIOStatisticsStore[m
[[1;34mINFO[m] [1;32mTests run: [0;1;32m7[m, Failures: 0, Errors: 0, Skipped: 0, Time elapsed: 0.181 s - in org.apache.hadoop.fs.statistics.[1mTestIOStatisticsStore[m
[[1;34mINFO[m] Running org.apache.hadoop.fs.statistics.[1mTestIOStatisticsSnapshot[m
[[1;34mINFO[m] [1;32mTests run: [0;1;32m7[m, Failures: 0, Errors: 0, Skipped: 0, Time elapsed: 0.183 s - in org.apache.hadoop.fs.statistics.[1mTestIOStatisticsSnapshot[m
[[1;34mINFO[m] Running org.apache.hadoop.fs.http.[1mTestHttpFileSystem[m
[[1;34mINFO[m] [1;32mTests run: [0;1;32m2[m, Failures: 0, Errors: 0, Skipped: 0, Time elapsed: 0.524 s - in org.apache.hadoop.fs.http.[1mTestHttpFileSystem[m
[[1;34mINFO[m] Running org.apache.hadoop.fs.[1mTestChecksumFs[m
[[1;34mINFO[m] [1;32mTests run: [0;1;32m4[m, Failures: 0, Errors: 0, Skipped: 0, Time elapsed: 0.226 s - in org.apache.hadoop.fs.[1mTestChecksumFs[m
[[1;34mINFO[m] Running org.apache.hadoop.fs.[1mTestGlobPattern[m
[[1;34mINFO[m] [1;32mTests run: [0;1;32m3[m, Failures: 0, Errors: 0, Skipped: 0, Time elapsed: 0.409 s - in org.apache.hadoop.fs.[1mTestGlobPattern[m
[[1;34mINFO[m] Running org.apache.hadoop.fs.[1mTestLocalFSCopyFromLocal[m
[[1;34mINFO[m] [1;32mTests run: [0;1;32m19[m, Failures: 0, Errors: 0, Skipped: 0, Time elapsed: 0.745 s - in org.apache.hadoop.fs.[1mTestLocalFSCopyFromLocal[m
[[1;34mINFO[m] Running org.apache.hadoop.fs.[1mTestFcLocalFsUtil[m
[[1;34mINFO[m] [1;32mTests run: [0;1;32m2[m, Failures: 0, Errors: 0, Skipped: 0, Time elapsed: 0.173 s - in org.apache.hadoop.fs.[1mTestFcLocalFsUtil[m
[[1;34mINFO[m] Running org.apache.hadoop.fs.[1mTestVectoredReadUtils[m
[[1;34mINFO[m] [1;32mTests run: [0;1;32m12[m, Failures: 0, Errors: 0, Skipped: 0, Time elapsed: 0.253 s - in org.apache.hadoop.fs.[1mTestVectoredReadUtils[m
[[1;34mINFO[m] Running org.apache.hadoop.fs.[1mTestFileSystemCanonicalization[m
[[1;34mINFO[m] [1;32mTests run: [0;1;32m16[m, Failures: 0, Errors: 0, Skipped: 0, Time elapsed: 0.472 s - in org.apache.hadoop.fs.[1mTestFileSystemCanonicalization[m
[[1;34mINFO[m] Running org.apache.hadoop.fs.[1mTestGlobExpander[m
[[1;34mINFO[m] [1;32mTests run: [0;1;32m2[m, Failures: 0, Errors: 0, Skipped: 0, Time elapsed: 0.404 s - in org.apache.hadoop.fs.[1mTestGlobExpander[m
[[1;34mINFO[m] Running org.apache.hadoop.fs.[1mTestFsShellTouch[m
[[1;31mERROR[m] [1;31mTests [0;1mrun: [0;1m3[m, [1;31mFailures: [0;1;31m1[m, Errors: 0, Skipped: 0, Time elapsed: 1.571 s[1;31m <<< FAILURE![m - in org.apache.hadoop.fs.[1mTestFsShellTouch[m
[[1;31mERROR[m] testTouchDir(org.apache.hadoop.fs.TestFsShellTouch)  Time elapsed: 1.017 s  <<< FAILURE!
org.opentest4j.AssertionFailedError: 

Expecting:
 <1700069588846L>
to be equal to:
 <1700069588000L>
but was not.
	at java.base/jdk.internal.reflect.NativeConstructorAccessorImpl.newInstance0(Native Method)
	at java.base/jdk.internal.reflect.NativeConstructorAccessorImpl.newInstance(NativeConstructorAccessorImpl.java:62)
	at java.base/jdk.internal.reflect.DelegatingConstructorAccessorImpl.newInstance(DelegatingConstructorAccessorImpl.java:45)
	at org.apache.hadoop.fs.TestFsShellTouch.testTouchDir(TestFsShellTouch.java:260)
	at java.base/jdk.internal.reflect.NativeMethodAccessorImpl.invoke0(Native Method)
	at java.base/jdk.internal.reflect.NativeMethodAccessorImpl.invoke(NativeMethodAccessorImpl.java:62)
	at java.base/jdk.internal.reflect.DelegatingMethodAccessorImpl.invoke(DelegatingMethodAccessorImpl.java:43)
	at java.base/java.lang.reflect.Method.invoke(Method.java:566)
	at org.junit.runners.model.FrameworkMethod$1.runReflectiveCall(FrameworkMethod.java:59)
	at org.junit.internal.runners.model.ReflectiveCallable.run(ReflectiveCallable.java:12)
	at org.junit.runners.model.FrameworkMethod.invokeExplosively(FrameworkMethod.java:56)
	at org.junit.internal.runners.statements.InvokeMethod.evaluate(InvokeMethod.java:17)
	at edu.illinois.ConfigTrackJUnit4Statement.evaluate(ConfigTrackJUnit4Statement.java:27)
	at org.junit.internal.runners.statements.FailOnTimeout$CallableStatement.call(FailOnTimeout.java:299)
	at org.junit.internal.runners.statements.FailOnTimeout$CallableStatement.call(FailOnTimeout.java:293)
	at java.base/java.util.concurrent.FutureTask.run(FutureTask.java:264)
	at java.base/java.lang.Thread.run(Thread.java:829)

[[1;34mINFO[m] Running org.apache.hadoop.fs.[1mTestSymlinkLocalFSFileContext[m
[[1;33mWARNING[m] [1;33mTests [0;1mrun: [0;1m63[m, Failures: 0, Errors: 0, [1;33mSkipped: [0;1;33m3[m, Time elapsed: 0.894 s - in org.apache.hadoop.fs.[1mTestSymlinkLocalFSFileContext[m
[[1;34mINFO[m] Running org.apache.hadoop.fs.[1mTestQuotaUsage[m
[[1;34mINFO[m] [1;32mTests run: [0;1;32m8[m, Failures: 0, Errors: 0, Skipped: 0, Time elapsed: 0.409 s - in org.apache.hadoop.fs.[1mTestQuotaUsage[m
[[1;34mINFO[m] Running org.apache.hadoop.fs.[1mTestGetFileBlockLocations[m
[[1;34mINFO[m] [1;32mTests run: [0;1;32m3[m, Failures: 0, Errors: 0, Skipped: 0, Time elapsed: 0.52 s - in org.apache.hadoop.fs.[1mTestGetFileBlockLocations[m
[[1;34mINFO[m] Running org.apache.hadoop.fs.[1mTestFilterFileSystem[m
[[1;34mINFO[m] [1;32mTests run: [0;1;32m14[m, Failures: 0, Errors: 0, Skipped: 0, Time elapsed: 0.735 s - in org.apache.hadoop.fs.[1mTestFilterFileSystem[m
[[1;34mINFO[m] Running org.apache.hadoop.fs.[1mTestFsShellReturnCode[m
[[1;34mINFO[m] [1;32mTests run: [0;1;32m10[m, Failures: 0, Errors: 0, Skipped: 0, Time elapsed: 0.803 s - in org.apache.hadoop.fs.[1mTestFsShellReturnCode[m
[[1;34mINFO[m] Running org.apache.hadoop.fs.ftp.[1mTestFTPFileSystem[m
[[1;34mINFO[m] [1;32mTests run: [0;1;32m7[m, Failures: 0, Errors: 0, Skipped: 0, Time elapsed: 0.699 s - in org.apache.hadoop.fs.ftp.[1mTestFTPFileSystem[m
[[1;34mINFO[m] Running org.apache.hadoop.fs.viewfs.[1mTestViewFSOverloadSchemeCentralMountTableConfig[m
[[1;34mINFO[m] [1;32mTests run: [0;1;32m4[m, Failures: 0, Errors: 0, Skipped: 0, Time elapsed: 0.583 s - in org.apache.hadoop.fs.viewfs.[1mTestViewFSOverloadSchemeCentralMountTableConfig[m
[[1;34mINFO[m] Running org.apache.hadoop.fs.viewfs.[1mTestNestedMountPoint[m
[[1;34mINFO[m] [1;32mTests run: [0;1;32m14[m, Failures: 0, Errors: 0, Skipped: 0, Time elapsed: 0.503 s - in org.apache.hadoop.fs.viewfs.[1mTestNestedMountPoint[m
[[1;34mINFO[m] Running org.apache.hadoop.fs.viewfs.[1mTestViewfsFileStatus[m
[[1;34mINFO[m] [1;32mTests run: [0;1;32m3[m, Failures: 0, Errors: 0, Skipped: 0, Time elapsed: 0.856 s - in org.apache.hadoop.fs.viewfs.[1mTestViewfsFileStatus[m
[[1;34mINFO[m] Running org.apache.hadoop.fs.viewfs.[1mTestViewFileSystemOverloadSchemeLocalFileSystem[m
[[1;34mINFO[m] [1;32mTests run: [0;1;32m4[m, Failures: 0, Errors: 0, Skipped: 0, Time elapsed: 0.54 s - in org.apache.hadoop.fs.viewfs.[1mTestViewFileSystemOverloadSchemeLocalFileSystem[m
[[1;34mINFO[m] Running org.apache.hadoop.fs.viewfs.[1mTestViewFsLocalFs[m
[[1;34mINFO[m] [1;32mTests run: [0;1;32m66[m, Failures: 0, Errors: 0, Skipped: 0, Time elapsed: 1.428 s - in org.apache.hadoop.fs.viewfs.[1mTestViewFsLocalFs[m
[[1;34mINFO[m] Running org.apache.hadoop.fs.viewfs.[1mTestFcMainOperationsLocalFs[m
[[1;34mINFO[m] [1;32mTests run: [0;1;32m73[m, Failures: 0, Errors: 0, Skipped: 0, Time elapsed: 0.814 s - in org.apache.hadoop.fs.viewfs.[1mTestFcMainOperationsLocalFs[m
[[1;34mINFO[m] Running org.apache.hadoop.fs.viewfs.[1mTestFcCreateMkdirLocalFs[m
[[1;34mINFO[m] [1;32mTests run: [0;1;32m11[m, Failures: 0, Errors: 0, Skipped: 0, Time elapsed: 0.268 s - in org.apache.hadoop.fs.viewfs.[1mTestFcCreateMkdirLocalFs[m
[[1;34mINFO[m] Running org.apache.hadoop.fs.viewfs.[1mTestViewFsTrash[m
[[1;34mINFO[m] [1;32mTests run: [0;1;32m2[m, Failures: 0, Errors: 0, Skipped: 0, Time elapsed: 0.699 s - in org.apache.hadoop.fs.viewfs.[1mTestViewFsTrash[m
[[1;34mINFO[m] Running org.apache.hadoop.fs.viewfs.[1mTestViewFileSystemDelegation[m
[[1;34mINFO[m] [1;32mTests run: [0;1;32m2[m, Failures: 0, Errors: 0, Skipped: 0, Time elapsed: 0.721 s - in org.apache.hadoop.fs.viewfs.[1mTestViewFileSystemDelegation[m
[[1;34mINFO[m] Running org.apache.hadoop.fs.viewfs.[1mTestHCFSMountTableConfigLoader[m
[[1;34mINFO[m] [1;32mTests run: [0;1;32m5[m, Failures: 0, Errors: 0, Skipped: 0, Time elapsed: 0.512 s - in org.apache.hadoop.fs.viewfs.[1mTestHCFSMountTableConfigLoader[m
[[1;34mINFO[m] Running org.apache.hadoop.fs.viewfs.[1mTestRegexMountPointInterceptorFactory[m
[[1;34mINFO[m] [1;32mTests run: [0;1;32m2[m, Failures: 0, Errors: 0, Skipped: 0, Time elapsed: 0.411 s - in org.apache.hadoop.fs.viewfs.[1mTestRegexMountPointInterceptorFactory[m
[[1;34mINFO[m] Running org.apache.hadoop.fs.viewfs.[1mTestRegexMountPoint[m
[[1;34mINFO[m] [1;32mTests run: [0;1;32m3[m, Failures: 0, Errors: 0, Skipped: 0, Time elapsed: 0.47 s - in org.apache.hadoop.fs.viewfs.[1mTestRegexMountPoint[m
[[1;34mINFO[m] Running org.apache.hadoop.fs.viewfs.[1mTestViewFsWithAuthorityLocalFs[m
[[1;34mINFO[m] [1;32mTests run: [0;1;32m66[m, Failures: 0, Errors: 0, Skipped: 0, Time elapsed: 1.387 s - in org.apache.hadoop.fs.viewfs.[1mTestViewFsWithAuthorityLocalFs[m
[[1;34mINFO[m] Running org.apache.hadoop.fs.viewfs.[1mTestViewFsOverloadSchemeListStatus[m
[[1;34mINFO[m] [1;32mTests run: [0;1;32m2[m, Failures: 0, Errors: 0, Skipped: 0, Time elapsed: 0.519 s - in org.apache.hadoop.fs.viewfs.[1mTestViewFsOverloadSchemeListStatus[m
[[1;34mINFO[m] Running org.apache.hadoop.fs.viewfs.[1mTestRegexMountPointResolvedDstPathReplaceInterceptor[m
[[1;34mINFO[m] [1;32mTests run: [0;1;32m5[m, Failures: 0, Errors: 0, Skipped: 0, Time elapsed: 0.41 s - in org.apache.hadoop.fs.viewfs.[1mTestRegexMountPointResolvedDstPathReplaceInterceptor[m
[[1;34mINFO[m] Running org.apache.hadoop.fs.viewfs.[1mTestViewFileSystemWithAuthorityLocalFileSystem[m
[[1;33mWARNING[m] [1;33mTests [0;1mrun: [0;1m91[m, Failures: 0, Errors: 0, [1;33mSkipped: [0;1;33m1[m, Time elapsed: 1.671 s - in org.apache.hadoop.fs.viewfs.[1mTestViewFileSystemWithAuthorityLocalFileSystem[m
[[1;34mINFO[m] Running org.apache.hadoop.fs.viewfs.[1mTestChRootedFs[m
[[1;34mINFO[m] [1;32mTests run: [0;1;32m14[m, Failures: 0, Errors: 0, Skipped: 0, Time elapsed: 0.818 s - in org.apache.hadoop.fs.viewfs.[1mTestChRootedFs[m
[[1;34mINFO[m] Running org.apache.hadoop.fs.viewfs.[1mTestChRootedFileSystem[m
[[1;34mINFO[m] [1;32mTests run: [0;1;32m22[m, Failures: 0, Errors: 0, Skipped: 0, Time elapsed: 0.878 s - in org.apache.hadoop.fs.viewfs.[1mTestChRootedFileSystem[m
[[1;34mINFO[m] Running org.apache.hadoop.fs.viewfs.[1mTestFSMainOperationsLocalFileSystem[m
[[1;34mINFO[m] [1;32mTests run: [0;1;32m50[m, Failures: 0, Errors: 0, Skipped: 0, Time elapsed: 0.58 s - in org.apache.hadoop.fs.viewfs.[1mTestFSMainOperationsLocalFileSystem[m
[[1;34mINFO[m] Running org.apache.hadoop.fs.viewfs.[1mTestFcPermissionsLocalFs[m
[[1;34mINFO[m] [1;32mTests run: [0;1;32m4[m, Failures: 0, Errors: 0, Skipped: 0, Time elapsed: 0.209 s - in org.apache.hadoop.fs.viewfs.[1mTestFcPermissionsLocalFs[m
[[1;34mINFO[m] Running org.apache.hadoop.fs.viewfs.[1mTestViewFileSystemLocalFileSystem[m
[[1;33mWARNING[m] [1;33mTests [0;1mrun: [0;1m93[m, Failures: 0, Errors: 0, [1;33mSkipped: [0;1;33m1[m, Time elapsed: 1.704 s - in org.apache.hadoop.fs.viewfs.[1mTestViewFileSystemLocalFileSystem[m
[[1;34mINFO[m] Running org.apache.hadoop.fs.viewfs.[1mTestViewFsURIs[m
[[1;34mINFO[m] [1;32mTests run: [0;1;32m1[m, Failures: 0, Errors: 0, Skipped: 0, Time elapsed: 0.478 s - in org.apache.hadoop.fs.viewfs.[1mTestViewFsURIs[m
[[1;34mINFO[m] Running org.apache.hadoop.fs.viewfs.[1mTestViewFileSystemDelegationTokenSupport[m
[[1;34mINFO[m] [1;32mTests run: [0;1;32m4[m, Failures: 0, Errors: 0, Skipped: 0, Time elapsed: 0.489 s - in org.apache.hadoop.fs.viewfs.[1mTestViewFileSystemDelegationTokenSupport[m
[[1;34mINFO[m] Running org.apache.hadoop.fs.viewfs.[1mTestViewFsConfig[m
[[1;34mINFO[m] [1;32mTests run: [0;1;32m1[m, Failures: 0, Errors: 0, Skipped: 0, Time elapsed: 0.471 s - in org.apache.hadoop.fs.viewfs.[1mTestViewFsConfig[m
[[1;34mINFO[m] Running org.apache.hadoop.fs.[1mTestAfsCheckPath[m
[[1;34mINFO[m] [1;32mTests run: [0;1;32m4[m, Failures: 0, Errors: 0, Skipped: 0, Time elapsed: 0.396 s - in org.apache.hadoop.fs.[1mTestAfsCheckPath[m
[[1;34mINFO[m] Running org.apache.hadoop.fs.[1mTestDefaultUri[m
[[1;34mINFO[m] [1;32mTests run: [0;1;32m8[m, Failures: 0, Errors: 0, Skipped: 0, Time elapsed: 0.522 s - in org.apache.hadoop.fs.[1mTestDefaultUri[m
[[1;34mINFO[m] Running org.apache.hadoop.fs.[1mTestDelegationTokenRenewer[m
[[1;34mINFO[m] [1;32mTests run: [0;1;32m5[m, Failures: 0, Errors: 0, Skipped: 0, Time elapsed: 5.876 s - in org.apache.hadoop.fs.[1mTestDelegationTokenRenewer[m
[[1;34mINFO[m] Running org.apache.hadoop.fs.[1mTestFileContextResolveAfs[m
[[1;34mINFO[m] [1;32mTests run: [0;1;32m1[m, Failures: 0, Errors: 0, Skipped: 0, Time elapsed: 0.519 s - in org.apache.hadoop.fs.[1mTestFileContextResolveAfs[m
[[1;34mINFO[m] Running org.apache.hadoop.fs.permission.[1mTestFsPermission[m
[[1;34mINFO[m] [1;32mTests run: [0;1;32m10[m, Failures: 0, Errors: 0, Skipped: 0, Time elapsed: 0.466 s - in org.apache.hadoop.fs.permission.[1mTestFsPermission[m
[[1;34mINFO[m] Running org.apache.hadoop.fs.permission.[1mTestAcl[m
[[1;34mINFO[m] [1;32mTests run: [0;1;32m6[m, Failures: 0, Errors: 0, Skipped: 0, Time elapsed: 0.443 s - in org.apache.hadoop.fs.permission.[1mTestAcl[m
[[1;34mINFO[m] Running org.apache.hadoop.fs.[1mTestFsOptions[m
[[1;34mINFO[m] [1;32mTests run: [0;1;32m1[m, Failures: 0, Errors: 0, Skipped: 0, Time elapsed: 0.404 s - in org.apache.hadoop.fs.[1mTestFsOptions[m
[[1;34mINFO[m] Running org.apache.hadoop.fs.[1mTestAvroFSInput[m
[[1;34mINFO[m] [1;32mTests run: [0;1;32m1[m, Failures: 0, Errors: 0, Skipped: 0, Time elapsed: 0.518 s - in org.apache.hadoop.fs.[1mTestAvroFSInput[m
[[1;34mINFO[m] Running org.apache.hadoop.fs.[1mTestSymlinkLocalFSFileSystem[m
[[1;33mWARNING[m] [1;33mTests [0;1mrun: [0;1m63[m, Failures: 0, Errors: 0, [1;33mSkipped: [0;1;33m7[m, Time elapsed: 0.713 s - in org.apache.hadoop.fs.[1mTestSymlinkLocalFSFileSystem[m
[[1;34mINFO[m] Running org.apache.hadoop.fs.[1mTestHardLink[m
[[1;34mINFO[m] [1;32mTests run: [0;1;32m5[m, Failures: 0, Errors: 0, Skipped: 0, Time elapsed: 0.421 s - in org.apache.hadoop.fs.[1mTestHardLink[m
[[1;34mINFO[m] Running org.apache.hadoop.fs.[1mTestLocatedFileStatus[m
[[1;34mINFO[m] [1;32mTests run: [0;1;32m1[m, Failures: 0, Errors: 0, Skipped: 0, Time elapsed: 0.56 s - in org.apache.hadoop.fs.[1mTestLocatedFileStatus[m
[[1;34mINFO[m] Running org.apache.hadoop.fs.[1mTestDelegateToFileSystem[m
[[1;34mINFO[m] [1;32mTests run: [0;1;32m2[m, Failures: 0, Errors: 0, Skipped: 0, Time elapsed: 0.432 s - in org.apache.hadoop.fs.[1mTestDelegateToFileSystem[m
[[1;34mINFO[m] Running org.apache.hadoop.fs.[1mTestFileSystemInitialization[m
[[1;34mINFO[m] [1;32mTests run: [0;1;32m3[m, Failures: 0, Errors: 0, Skipped: 0, Time elapsed: 0.5 s - in org.apache.hadoop.fs.[1mTestFileSystemInitialization[m
[[1;34mINFO[m] Running org.apache.hadoop.fs.[1mTestDFVariations[m
[[1;34mINFO[m] [1;32mTests run: [0;1;32m5[m, Failures: 0, Errors: 0, Skipped: 0, Time elapsed: 0.422 s - in org.apache.hadoop.fs.[1mTestDFVariations[m
[[1;34mINFO[m] Running org.apache.hadoop.fs.sftp.[1mTestSFTPFileSystem[m
[[1;34mINFO[m] [1;32mTests run: [0;1;32m13[m, Failures: 0, Errors: 0, Skipped: 0, Time elapsed: 1.171 s - in org.apache.hadoop.fs.sftp.[1mTestSFTPFileSystem[m
[[1;34mINFO[m] Running org.apache.hadoop.fs.[1mTestLocalFsFCStatistics[m
[[1;34mINFO[m] [1;32mTests run: [0;1;32m3[m, Failures: 0, Errors: 0, Skipped: 0, Time elapsed: 0.686 s - in org.apache.hadoop.fs.[1mTestLocalFsFCStatistics[m
[[1;34mINFO[m] Running org.apache.hadoop.fs.[1mTestDU[m
[[1;34mINFO[m] [1;32mTests run: [0;1;32m3[m, Failures: 0, Errors: 0, Skipped: 0, Time elapsed: 10.498 s - in org.apache.hadoop.fs.[1mTestDU[m
[[1;34mINFO[m] Running org.apache.hadoop.fs.[1mTestFsUrlConnectionPath[m
[[1;34mINFO[m] [1;32mTests run: [0;1;32m4[m, Failures: 0, Errors: 0, Skipped: 0, Time elapsed: 0.476 s - in org.apache.hadoop.fs.[1mTestFsUrlConnectionPath[m
[[1;34mINFO[m] Running org.apache.hadoop.fs.impl.[1mTestFutureIO[m
[[1;34mINFO[m] [1;32mTests run: [0;1;32m2[m, Failures: 0, Errors: 0, Skipped: 0, Time elapsed: 0.027 s - in org.apache.hadoop.fs.impl.[1mTestFutureIO[m
[[1;34mINFO[m] Running org.apache.hadoop.fs.impl.prefetch.[1mTestExecutorServiceFuturePool[m
[[1;34mINFO[m] [1;32mTests run: [0;1;32m4[m, Failures: 0, Errors: 0, Skipped: 0, Time elapsed: 0.073 s - in org.apache.hadoop.fs.impl.prefetch.[1mTestExecutorServiceFuturePool[m
[[1;34mINFO[m] Running org.apache.hadoop.fs.impl.prefetch.[1mTestFilePosition[m
[[1;34mINFO[m] [1;32mTests run: [0;1;32m5[m, Failures: 0, Errors: 0, Skipped: 0, Time elapsed: 0.086 s - in org.apache.hadoop.fs.impl.prefetch.[1mTestFilePosition[m
[[1;34mINFO[m] Running org.apache.hadoop.fs.impl.prefetch.[1mTestBlockCache[m
[[1;34mINFO[m] [1;32mTests run: [0;1;32m2[m, Failures: 0, Errors: 0, Skipped: 0, Time elapsed: 0.167 s - in org.apache.hadoop.fs.impl.prefetch.[1mTestBlockCache[m
[[1;34mINFO[m] Running org.apache.hadoop.fs.impl.prefetch.[1mTestBlockOperations[m
[[1;34mINFO[m] [1;32mTests run: [0;1;32m2[m, Failures: 0, Errors: 0, Skipped: 0, Time elapsed: 0.079 s - in org.apache.hadoop.fs.impl.prefetch.[1mTestBlockOperations[m
[[1;34mINFO[m] Running org.apache.hadoop.fs.impl.prefetch.[1mTestBlockData[m
[[1;34mINFO[m] [1;32mTests run: [0;1;32m2[m, Failures: 0, Errors: 0, Skipped: 0, Time elapsed: 0.079 s - in org.apache.hadoop.fs.impl.prefetch.[1mTestBlockData[m
[[1;34mINFO[m] Running org.apache.hadoop.fs.impl.prefetch.[1mTestBoundedResourcePool[m
[[1;34mINFO[m] [1;32mTests run: [0;1;32m3[m, Failures: 0, Errors: 0, Skipped: 0, Time elapsed: 0.071 s - in org.apache.hadoop.fs.impl.prefetch.[1mTestBoundedResourcePool[m
[[1;34mINFO[m] Running org.apache.hadoop.fs.impl.prefetch.[1mTestBufferPool[m
[[1;34mINFO[m] [1;32mTests run: [0;1;32m3[m, Failures: 0, Errors: 0, Skipped: 0, Time elapsed: 0.071 s - in org.apache.hadoop.fs.impl.prefetch.[1mTestBufferPool[m
[[1;34mINFO[m] Running org.apache.hadoop.fs.impl.prefetch.[1mTestBufferData[m
[[1;34mINFO[m] [1;32mTests run: [0;1;32m5[m, Failures: 0, Errors: 0, Skipped: 0, Time elapsed: 0.074 s - in org.apache.hadoop.fs.impl.prefetch.[1mTestBufferData[m
[[1;34mINFO[m] Running org.apache.hadoop.fs.impl.prefetch.[1mTestRetryer[m
[[1;34mINFO[m] [1;32mTests run: [0;1;32m2[m, Failures: 0, Errors: 0, Skipped: 0, Time elapsed: 0.084 s - in org.apache.hadoop.fs.impl.prefetch.[1mTestRetryer[m
[[1;34mINFO[m] Running org.apache.hadoop.fs.impl.prefetch.[1mTestValidate[m
[[1;34mINFO[m] [1;32mTests run: [0;1;32m15[m, Failures: 0, Errors: 0, Skipped: 0, Time elapsed: 0.094 s - in org.apache.hadoop.fs.impl.prefetch.[1mTestValidate[m
[[1;34mINFO[m] Running org.apache.hadoop.fs.store.[1mTestFSBuilderSupport[m
[[1;34mINFO[m] [1;32mTests run: [0;1;32m6[m, Failures: 0, Errors: 0, Skipped: 0, Time elapsed: 0.095 s - in org.apache.hadoop.fs.store.[1mTestFSBuilderSupport[m
[[1;34mINFO[m] Running org.apache.hadoop.fs.store.[1mTestDataBlocks[m
[[1;34mINFO[m] [1;32mTests run: [0;1;32m1[m, Failures: 0, Errors: 0, Skipped: 0, Time elapsed: 0.499 s - in org.apache.hadoop.fs.store.[1mTestDataBlocks[m
[[1;34mINFO[m] Running org.apache.hadoop.fs.store.[1mTestEtagChecksum[m
[[1;34mINFO[m] [1;32mTests run: [0;1;32m6[m, Failures: 0, Errors: 0, Skipped: 0, Time elapsed: 0.023 s - in org.apache.hadoop.fs.store.[1mTestEtagChecksum[m
[[1;34mINFO[m] Running org.apache.hadoop.fs.contract.ftp.[1mTestFTPContractMkdir[m
[[1;33mWARNING[m] [1;33mTests [0;1mrun: [0;1m8[m, Failures: 0, Errors: 0, [1;33mSkipped: [0;1;33m8[m, Time elapsed: 0.123 s - in org.apache.hadoop.fs.contract.ftp.[1mTestFTPContractMkdir[m
[[1;34mINFO[m] Running org.apache.hadoop.fs.contract.ftp.[1mTestFTPContractOpen[m
[[1;33mWARNING[m] [1;33mTests [0;1mrun: [0;1m19[m, Failures: 0, Errors: 0, [1;33mSkipped: [0;1;33m19[m, Time elapsed: 0.144 s - in org.apache.hadoop.fs.contract.ftp.[1mTestFTPContractOpen[m
[[1;34mINFO[m] Running org.apache.hadoop.fs.contract.ftp.[1mTestFTPContractDelete[m
[[1;33mWARNING[m] [1;33mTests [0;1mrun: [0;1m8[m, Failures: 0, Errors: 0, [1;33mSkipped: [0;1;33m8[m, Time elapsed: 0.125 s - in org.apache.hadoop.fs.contract.ftp.[1mTestFTPContractDelete[m
[[1;34mINFO[m] Running org.apache.hadoop.fs.contract.ftp.[1mTestFTPContractCreate[m
[[1;33mWARNING[m] [1;33mTests [0;1mrun: [0;1m16[m, Failures: 0, Errors: 0, [1;33mSkipped: [0;1;33m16[m, Time elapsed: 0.14 s - in org.apache.hadoop.fs.contract.ftp.[1mTestFTPContractCreate[m
[[1;34mINFO[m] Running org.apache.hadoop.fs.contract.ftp.[1mTestFTPContractRename[m
[[1;33mWARNING[m] [1;33mTests [0;1mrun: [0;1m10[m, Failures: 0, Errors: 0, [1;33mSkipped: [0;1;33m10[m, Time elapsed: 0.127 s - in org.apache.hadoop.fs.contract.ftp.[1mTestFTPContractRename[m
[[1;34mINFO[m] Running org.apache.hadoop.fs.contract.localfs.[1mTestLocalFSContractVectoredRead[m
[[1;34mINFO[m] [1;32mTests run: [0;1;32m40[m, Failures: 0, Errors: 0, Skipped: 0, Time elapsed: 0.436 s - in org.apache.hadoop.fs.contract.localfs.[1mTestLocalFSContractVectoredRead[m
[[1;34mINFO[m] Running org.apache.hadoop.fs.contract.localfs.[1mTestLocalFSContractCreate[m
[[1;34mINFO[m] [1;32mTests run: [0;1;32m17[m, Failures: 0, Errors: 0, Skipped: 0, Time elapsed: 0.291 s - in org.apache.hadoop.fs.contract.localfs.[1mTestLocalFSContractCreate[m
[[1;34mINFO[m] Running org.apache.hadoop.fs.contract.localfs.[1mTestLocalFSContractStreamIOStatistics[m
[[1;34mINFO[m] [1;32mTests run: [0;1;32m5[m, Failures: 0, Errors: 0, Skipped: 0, Time elapsed: 0.224 s - in org.apache.hadoop.fs.contract.localfs.[1mTestLocalFSContractStreamIOStatistics[m
[[1;34mINFO[m] Running org.apache.hadoop.fs.contract.localfs.[1mTestLocalFSContractMkdir[m
[[1;34mINFO[m] [1;32mTests run: [0;1;32m8[m, Failures: 0, Errors: 0, Skipped: 0, Time elapsed: 0.242 s - in org.apache.hadoop.fs.contract.localfs.[1mTestLocalFSContractMkdir[m
[[1;34mINFO[m] Running org.apache.hadoop.fs.contract.localfs.[1mTestLocalFSContractContentSummary[m
[[1;34mINFO[m] [1;32mTests run: [0;1;32m2[m, Failures: 0, Errors: 0, Skipped: 0, Time elapsed: 0.209 s - in org.apache.hadoop.fs.contract.localfs.[1mTestLocalFSContractContentSummary[m
[[1;34mINFO[m] Running org.apache.hadoop.fs.contract.localfs.[1mTestLocalFSContractRename[m
[[1;34mINFO[m] [1;32mTests run: [0;1;32m10[m, Failures: 0, Errors: 0, Skipped: 0, Time elapsed: 0.267 s - in org.apache.hadoop.fs.contract.localfs.[1mTestLocalFSContractRename[m
[[1;34mINFO[m] Running org.apache.hadoop.fs.contract.localfs.[1mTestLocalFSContractSeek[m
[[1;34mINFO[m] [1;32mTests run: [0;1;32m18[m, Failures: 0, Errors: 0, Skipped: 0, Time elapsed: 0.333 s - in org.apache.hadoop.fs.contract.localfs.[1mTestLocalFSContractSeek[m
[[1;34mINFO[m] Running org.apache.hadoop.fs.contract.localfs.[1mTestLocalFSContractLoaded[m
[[1;34mINFO[m] [1;32mTests run: [0;1;32m2[m, Failures: 0, Errors: 0, Skipped: 0, Time elapsed: 0.165 s - in org.apache.hadoop.fs.contract.localfs.[1mTestLocalFSContractLoaded[m
[[1;34mINFO[m] Running org.apache.hadoop.fs.contract.localfs.[1mTestLocalFSContractDelete[m
[[1;34mINFO[m] [1;32mTests run: [0;1;32m8[m, Failures: 0, Errors: 0, Skipped: 0, Time elapsed: 0.216 s - in org.apache.hadoop.fs.contract.localfs.[1mTestLocalFSContractDelete[m
[[1;34mINFO[m] Running org.apache.hadoop.fs.contract.localfs.[1mTestLocalFSContractAppend[m
[[1;33mWARNING[m] [1;33mTests [0;1mrun: [0;1m8[m, Failures: 0, Errors: 0, [1;33mSkipped: [0;1;33m8[m, Time elapsed: 0.188 s - in org.apache.hadoop.fs.contract.localfs.[1mTestLocalFSContractAppend[m
[[1;34mINFO[m] Running org.apache.hadoop.fs.contract.localfs.[1mTestLocalFSContractGetFileStatus[m
[[1;34mINFO[m] [1;32mTests run: [0;1;32m20[m, Failures: 0, Errors: 0, Skipped: 0, Time elapsed: 0.476 s - in org.apache.hadoop.fs.contract.localfs.[1mTestLocalFSContractGetFileStatus[m
[[1;34mINFO[m] Running org.apache.hadoop.fs.contract.localfs.[1mTestLocalFSContractOpen[m
[[1;34mINFO[m] [1;32mTests run: [0;1;32m19[m, Failures: 0, Errors: 0, Skipped: 0, Time elapsed: 0.282 s - in org.apache.hadoop.fs.contract.localfs.[1mTestLocalFSContractOpen[m
[[1;34mINFO[m] Running org.apache.hadoop.fs.contract.localfs.[1mTestLocalFSContractSetTimes[m
[[1;34mINFO[m] [1;32mTests run: [0;1;32m1[m, Failures: 0, Errors: 0, Skipped: 0, Time elapsed: 0.156 s - in org.apache.hadoop.fs.contract.localfs.[1mTestLocalFSContractSetTimes[m
[[1;34mINFO[m] Running org.apache.hadoop.fs.contract.rawlocal.[1mTestRawLocalContractUnderlyingFileBehavior[m
[[1;34mINFO[m] [1;32mTests run: [0;1;32m1[m, Failures: 0, Errors: 0, Skipped: 0, Time elapsed: 0.071 s - in org.apache.hadoop.fs.contract.rawlocal.[1mTestRawLocalContractUnderlyingFileBehavior[m
[[1;34mINFO[m] Running org.apache.hadoop.fs.contract.rawlocal.[1mTestRawlocalContractRename[m
[[1;34mINFO[m] [1;32mTests run: [0;1;32m11[m, Failures: 0, Errors: 0, Skipped: 0, Time elapsed: 0.256 s - in org.apache.hadoop.fs.contract.rawlocal.[1mTestRawlocalContractRename[m
[[1;34mINFO[m] Running org.apache.hadoop.fs.contract.rawlocal.[1mTestRawlocalContractAppend[m
[[1;34mINFO[m] [1;32mTests run: [0;1;32m8[m, Failures: 0, Errors: 0, Skipped: 0, Time elapsed: 0.207 s - in org.apache.hadoop.fs.contract.rawlocal.[1mTestRawlocalContractAppend[m
[[1;34mINFO[m] Running org.apache.hadoop.fs.contract.rawlocal.[1mTestRawlocalContractPathHandle[m
[[1;33mWARNING[m] [1;33mTests [0;1mrun: [0;1m56[m, Failures: 0, Errors: 0, [1;33mSkipped: [0;1;33m36[m, Time elapsed: 8.448 s - in org.apache.hadoop.fs.contract.rawlocal.[1mTestRawlocalContractPathHandle[m
[[1;34mINFO[m] Running org.apache.hadoop.fs.contract.rawlocal.[1mTestRawlocalContractMkdir[m
[[1;34mINFO[m] [1;32mTests run: [0;1;32m8[m, Failures: 0, Errors: 0, Skipped: 0, Time elapsed: 0.232 s - in org.apache.hadoop.fs.contract.rawlocal.[1mTestRawlocalContractMkdir[m
[[1;34mINFO[m] Running org.apache.hadoop.fs.contract.rawlocal.[1mTestRawlocalContractGetFileStatus[m
[[1;34mINFO[m] [1;32mTests run: [0;1;32m20[m, Failures: 0, Errors: 0, Skipped: 0, Time elapsed: 0.442 s - in org.apache.hadoop.fs.contract.rawlocal.[1mTestRawlocalContractGetFileStatus[m
[[1;34mINFO[m] Running org.apache.hadoop.fs.contract.rawlocal.[1mTestRawlocalContractDelete[m
[[1;34mINFO[m] [1;32mTests run: [0;1;32m8[m, Failures: 0, Errors: 0, Skipped: 0, Time elapsed: 0.222 s - in org.apache.hadoop.fs.contract.rawlocal.[1mTestRawlocalContractDelete[m
[[1;34mINFO[m] Running org.apache.hadoop.fs.contract.rawlocal.[1mTestRawlocalContractCreate[m
[[1;34mINFO[m] [1;32mTests run: [0;1;32m16[m, Failures: 0, Errors: 0, Skipped: 0, Time elapsed: 0.312 s - in org.apache.hadoop.fs.contract.rawlocal.[1mTestRawlocalContractCreate[m
[[1;34mINFO[m] Running org.apache.hadoop.fs.contract.rawlocal.[1mTestRawLocalContractVectoredRead[m
[[1;34mINFO[m] [1;32mTests run: [0;1;32m34[m, Failures: 0, Errors: 0, Skipped: 0, Time elapsed: 0.35 s - in org.apache.hadoop.fs.contract.rawlocal.[1mTestRawLocalContractVectoredRead[m
[[1;34mINFO[m] Running org.apache.hadoop.fs.contract.rawlocal.[1mTestRawlocalContractOpen[m
[[1;34mINFO[m] [1;32mTests run: [0;1;32m19[m, Failures: 0, Errors: 0, Skipped: 0, Time elapsed: 0.267 s - in org.apache.hadoop.fs.contract.rawlocal.[1mTestRawlocalContractOpen[m
[[1;34mINFO[m] Running org.apache.hadoop.fs.contract.rawlocal.[1mTestRawlocalContractSeek[m
[[1;34mINFO[m] [1;32mTests run: [0;1;32m18[m, Failures: 0, Errors: 0, Skipped: 0, Time elapsed: 0.279 s - in org.apache.hadoop.fs.contract.rawlocal.[1mTestRawlocalContractSeek[m
[[1;34mINFO[m] Running org.apache.hadoop.fs.contract.rawlocal.[1mTestRawlocalContractSetTimes[m
[[1;34mINFO[m] [1;32mTests run: [0;1;32m1[m, Failures: 0, Errors: 0, Skipped: 0, Time elapsed: 0.16 s - in org.apache.hadoop.fs.contract.rawlocal.[1mTestRawlocalContractSetTimes[m
[[1;34mINFO[m] Running org.apache.hadoop.fs.contract.sftp.[1mTestSFTPContractSeek[m
[[1;34mINFO[m] [1;32mTests run: [0;1;32m18[m, Failures: 0, Errors: 0, Skipped: 0, Time elapsed: 4.541 s - in org.apache.hadoop.fs.contract.sftp.[1mTestSFTPContractSeek[m
[[1;34mINFO[m] Running org.apache.hadoop.fs.[1mTestListFiles[m
[[1;34mINFO[m] [1;32mTests run: [0;1;32m2[m, Failures: 0, Errors: 0, Skipped: 0, Time elapsed: 0.522 s - in org.apache.hadoop.fs.[1mTestListFiles[m
[[1;34mINFO[m] Running org.apache.hadoop.fs.[1mTestLocalFileSystem[m
[[1;33mWARNING[m] [1;33mTests [0;1mrun: [0;1m29[m, Failures: 0, Errors: 0, [1;33mSkipped: [0;1;33m1[m, Time elapsed: 1.134 s - in org.apache.hadoop.fs.[1mTestLocalFileSystem[m
[[1;34mINFO[m] Running org.apache.hadoop.fs.audit.[1mTestCommonAuditContext[m
[[1;34mINFO[m] [1;32mTests run: [0;1;32m8[m, Failures: 0, Errors: 0, Skipped: 0, Time elapsed: 0.092 s - in org.apache.hadoop.fs.audit.[1mTestCommonAuditContext[m
[[1;34mINFO[m] Running org.apache.hadoop.fs.[1mTestFileStatus[m
[[1;34mINFO[m] [1;32mTests run: [0;1;32m12[m, Failures: 0, Errors: 0, Skipped: 0, Time elapsed: 0.42 s - in org.apache.hadoop.fs.[1mTestFileStatus[m
[[1;34mINFO[m] Running org.apache.hadoop.fs.[1mTestLocalDirAllocator[m
[[1;34mINFO[m] [1;32mTests run: [0;1;32m45[m, Failures: 0, Errors: 0, Skipped: 0, Time elapsed: 0.347 s - in org.apache.hadoop.fs.[1mTestLocalDirAllocator[m
[[1;34mINFO[m] Running org.apache.hadoop.fs.[1mTestDelegateToFsCheckPath[m
[[1;34mINFO[m] [1;32mTests run: [0;1;32m2[m, Failures: 0, Errors: 0, Skipped: 0, Time elapsed: 0.431 s - in org.apache.hadoop.fs.[1mTestDelegateToFsCheckPath[m
[[1;34mINFO[m] Running org.apache.hadoop.fs.[1mTestContentSummary[m
[[1;34mINFO[m] [1;32mTests run: [0;1;32m15[m, Failures: 0, Errors: 0, Skipped: 0, Time elapsed: 0.562 s - in org.apache.hadoop.fs.[1mTestContentSummary[m
[[1;34mINFO[m] Running org.apache.hadoop.fs.[1mTestFilterFs[m
[[1;34mINFO[m] [1;32mTests run: [0;1;32m2[m, Failures: 0, Errors: 0, Skipped: 0, Time elapsed: 0.476 s - in org.apache.hadoop.fs.[1mTestFilterFs[m
[[1;34mINFO[m] Running org.apache.hadoop.fs.[1mTestFileSystemStorageStatistics[m
[[1;34mINFO[m] [1;32mTests run: [0;1;32m2[m, Failures: 0, Errors: 0, Skipped: 0, Time elapsed: 0.411 s - in org.apache.hadoop.fs.[1mTestFileSystemStorageStatistics[m
[[1;34mINFO[m] Running org.apache.hadoop.fs.[1mTestFsShellList[m
[[1;34mINFO[m] [1;32mTests run: [0;1;32m2[m, Failures: 0, Errors: 0, Skipped: 0, Time elapsed: 0.539 s - in org.apache.hadoop.fs.[1mTestFsShellList[m
[[1;34mINFO[m] Running org.apache.hadoop.fs.[1mTestFileContext[m
[[1;34mINFO[m] [1;32mTests run: [0;1;32m2[m, Failures: 0, Errors: 0, Skipped: 0, Time elapsed: 0.5 s - in org.apache.hadoop.fs.[1mTestFileContext[m
[[1;34mINFO[m] Running org.apache.hadoop.fs.[1mTestDFCachingGetSpaceUsed[m
[[1;34mINFO[m] [1;32mTests run: [0;1;32m1[m, Failures: 0, Errors: 0, Skipped: 0, Time elapsed: 0.427 s - in org.apache.hadoop.fs.[1mTestDFCachingGetSpaceUsed[m
[[1;34mINFO[m] Running org.apache.hadoop.fs.[1mTestFsShell[m
[[1;34mINFO[m] [1;32mTests run: [0;1;32m4[m, Failures: 0, Errors: 0, Skipped: 0, Time elapsed: 0.685 s - in org.apache.hadoop.fs.[1mTestFsShell[m
[[1;34mINFO[m] Running org.apache.hadoop.fs.[1mTestFileUtil[m
[[1;34mINFO[m] [1;32mTests run: [0;1;32m50[m, Failures: 0, Errors: 0, Skipped: 0, Time elapsed: 7.06 s - in org.apache.hadoop.fs.[1mTestFileUtil[m
[[1;34mINFO[m] Running org.apache.hadoop.fs.[1mTestFileSystemCaching[m
[[1;34mINFO[m] [1;32mTests run: [0;1;32m17[m, Failures: 0, Errors: 0, Skipped: 0, Time elapsed: 0.467 s - in org.apache.hadoop.fs.[1mTestFileSystemCaching[m
[[1;34mINFO[m] Running org.apache.hadoop.fs.[1mTestBlockLocation[m
[[1;34mINFO[m] [1;32mTests run: [0;1;32m2[m, Failures: 0, Errors: 0, Skipped: 0, Time elapsed: 0.424 s - in org.apache.hadoop.fs.[1mTestBlockLocation[m
[[1;34mINFO[m] Running org.apache.hadoop.fs.[1mTestChecksumFileSystem[m
[[1;34mINFO[m] [1;32mTests run: [0;1;32m11[m, Failures: 0, Errors: 0, Skipped: 0, Time elapsed: 0.601 s - in org.apache.hadoop.fs.[1mTestChecksumFileSystem[m
[[1;34mINFO[m] Running org.apache.hadoop.fs.[1mTestHarFileSystem[m
[[1;34mINFO[m] [1;32mTests run: [0;1;32m4[m, Failures: 0, Errors: 0, Skipped: 0, Time elapsed: 0.497 s - in org.apache.hadoop.fs.[1mTestHarFileSystem[m
[[1;34mINFO[m] Running org.apache.hadoop.fs.[1mTestFSMainOperationsLocalFileSystem[m
[[1;34mINFO[m] [1;32mTests run: [0;1;32m50[m, Failures: 0, Errors: 0, Skipped: 0, Time elapsed: 0.52 s - in org.apache.hadoop.fs.[1mTestFSMainOperationsLocalFileSystem[m
[[1;34mINFO[m] Running org.apache.hadoop.fs.[1mTestHarFileSystemBasics[m
[[1;34mINFO[m] [1;32mTests run: [0;1;32m12[m, Failures: 0, Errors: 0, Skipped: 0, Time elapsed: 1.711 s - in org.apache.hadoop.fs.[1mTestHarFileSystemBasics[m
[[1;34mINFO[m] Running org.apache.hadoop.fs.[1mTestFileContextDeleteOnExit[m
[[1;34mINFO[m] [1;32mTests run: [0;1;32m1[m, Failures: 0, Errors: 0, Skipped: 0, Time elapsed: 0.513 s - in org.apache.hadoop.fs.[1mTestFileContextDeleteOnExit[m
[[1;34mINFO[m] Running org.apache.hadoop.fs.shell.[1mTestAclCommands[m
[[1;34mINFO[m] [1;32mTests run: [0;1;32m7[m, Failures: 0, Errors: 0, Skipped: 0, Time elapsed: 0.523 s - in org.apache.hadoop.fs.shell.[1mTestAclCommands[m
[[1;34mINFO[m] Running org.apache.hadoop.fs.shell.[1mTestCopy[m
[[1;34mINFO[m] [1;32mTests run: [0;1;32m6[m, Failures: 0, Errors: 0, Skipped: 0, Time elapsed: 0.779 s - in org.apache.hadoop.fs.shell.[1mTestCopy[m
[[1;34mINFO[m] Running org.apache.hadoop.fs.shell.[1mTestCount[m
[[1;34mINFO[m] [1;32mTests run: [0;1;32m26[m, Failures: 0, Errors: 0, Skipped: 0, Time elapsed: 0.464 s - in org.apache.hadoop.fs.shell.[1mTestCount[m
[[1;34mINFO[m] Running org.apache.hadoop.fs.shell.[1mTestXAttrCommands[m
[[1;34mINFO[m] [1;32mTests run: [0;1;32m2[m, Failures: 0, Errors: 0, Skipped: 0, Time elapsed: 0.492 s - in org.apache.hadoop.fs.shell.[1mTestXAttrCommands[m
[[1;34mINFO[m] Running org.apache.hadoop.fs.shell.[1mTestFsShellConcat[m
[[1;34mINFO[m] [1;32mTests run: [0;1;32m2[m, Failures: 0, Errors: 0, Skipped: 0, Time elapsed: 0.535 s - in org.apache.hadoop.fs.shell.[1mTestFsShellConcat[m
[[1;34mINFO[m] Running org.apache.hadoop.fs.shell.[1mTestCopyToLocal[m
[[1;34mINFO[m] [1;32mTests run: [0;1;32m6[m, Failures: 0, Errors: 0, Skipped: 0, Time elapsed: 0.706 s - in org.apache.hadoop.fs.shell.[1mTestCopyToLocal[m
[[1;34mINFO[m] Running org.apache.hadoop.fs.shell.find.[1mTestFilterExpression[m
[[1;34mINFO[m] [1;32mTests run: [0;1;32m11[m, Failures: 0, Errors: 0, Skipped: 0, Time elapsed: 0.621 s - in org.apache.hadoop.fs.shell.find.[1mTestFilterExpression[m
[[1;34mINFO[m] Running org.apache.hadoop.fs.shell.find.[1mTestPrint0[m
[[1;34mINFO[m] [1;32mTests run: [0;1;32m1[m, Failures: 0, Errors: 0, Skipped: 0, Time elapsed: 0.739 s - in org.apache.hadoop.fs.shell.find.[1mTestPrint0[m
[[1;34mINFO[m] Running org.apache.hadoop.fs.shell.find.[1mTestFind[m
[[1;34mINFO[m] [1;32mTests run: [0;1;32m24[m, Failures: 0, Errors: 0, Skipped: 0, Time elapsed: 0.934 s - in org.apache.hadoop.fs.shell.find.[1mTestFind[m
[[1;34mINFO[m] Running org.apache.hadoop.fs.shell.find.[1mTestResult[m
[[1;34mINFO[m] [1;32mTests run: [0;1;32m18[m, Failures: 0, Errors: 0, Skipped: 0, Time elapsed: 0.448 s - in org.apache.hadoop.fs.shell.find.[1mTestResult[m
[[1;34mINFO[m] Running org.apache.hadoop.fs.shell.find.[1mTestAnd[m
[[1;34mINFO[m] [1;32mTests run: [0;1;32m10[m, Failures: 0, Errors: 0, Skipped: 0, Time elapsed: 0.667 s - in org.apache.hadoop.fs.shell.find.[1mTestAnd[m
[[1;34mINFO[m] Running org.apache.hadoop.fs.shell.find.[1mTestIname[m
[[1;34mINFO[m] [1;32mTests run: [0;1;32m6[m, Failures: 0, Errors: 0, Skipped: 0, Time elapsed: 0.762 s - in org.apache.hadoop.fs.shell.find.[1mTestIname[m
[[1;34mINFO[m] Running org.apache.hadoop.fs.shell.find.[1mTestName[m
[[1;34mINFO[m] [1;32mTests run: [0;1;32m6[m, Failures: 0, Errors: 0, Skipped: 0, Time elapsed: 0.764 s - in org.apache.hadoop.fs.shell.find.[1mTestName[m
[[1;34mINFO[m] Running org.apache.hadoop.fs.shell.find.[1mTestPrint[m
[[1;34mINFO[m] [1;32mTests run: [0;1;32m1[m, Failures: 0, Errors: 0, Skipped: 0, Time elapsed: 0.749 s - in org.apache.hadoop.fs.shell.find.[1mTestPrint[m
[[1;34mINFO[m] Running org.apache.hadoop.fs.shell.[1mTestCpCommand[m
[[1;34mINFO[m] [1;32mTests run: [0;1;32m6[m, Failures: 0, Errors: 0, Skipped: 0, Time elapsed: 0.813 s - in org.apache.hadoop.fs.shell.[1mTestCpCommand[m
[[1;34mINFO[m] Running org.apache.hadoop.fs.shell.[1mTestLs[m
[[1;34mINFO[m] [1;32mTests run: [0;1;32m36[m, Failures: 0, Errors: 0, Skipped: 0, Time elapsed: 0.511 s - in org.apache.hadoop.fs.shell.[1mTestLs[m
[[1;34mINFO[m] Running org.apache.hadoop.fs.shell.[1mTestPathData[m
[[1;33mWARNING[m] [1;33mTests [0;1mrun: [0;1m12[m, Failures: 0, Errors: 0, [1;33mSkipped: [0;1;33m2[m, Time elapsed: 0.683 s - in org.apache.hadoop.fs.shell.[1mTestPathData[m
[[1;34mINFO[m] Running org.apache.hadoop.fs.shell.[1mTestCopyFromLocal[m
[[1;34mINFO[m] [1;32mTests run: [0;1;32m3[m, Failures: 0, Errors: 0, Skipped: 0, Time elapsed: 0.719 s - in org.apache.hadoop.fs.shell.[1mTestCopyFromLocal[m
[[1;34mINFO[m] Running org.apache.hadoop.fs.shell.[1mTestCopyPreserveFlag[m
[[1;34mINFO[m] [1;32mTests run: [0;1;32m18[m, Failures: 0, Errors: 0, Skipped: 0, Time elapsed: 0.763 s - in org.apache.hadoop.fs.shell.[1mTestCopyPreserveFlag[m
[[1;34mINFO[m] Running org.apache.hadoop.fs.shell.[1mTestPathExceptions[m
[[1;34mINFO[m] [1;32mTests run: [0;1;32m4[m, Failures: 0, Errors: 0, Skipped: 0, Time elapsed: 0.427 s - in org.apache.hadoop.fs.shell.[1mTestPathExceptions[m
[[1;34mINFO[m] Running org.apache.hadoop.fs.shell.[1mTestCommandFactory[m
[[1;34mINFO[m] [1;32mTests run: [0;1;32m2[m, Failures: 0, Errors: 0, Skipped: 0, Time elapsed: 0.408 s - in org.apache.hadoop.fs.shell.[1mTestCommandFactory[m
[[1;34mINFO[m] Running org.apache.hadoop.fs.shell.[1mTestTail[m
[[1;34mINFO[m] [1;32mTests run: [0;1;32m2[m, Failures: 0, Errors: 0, Skipped: 0, Time elapsed: 0.398 s - in org.apache.hadoop.fs.shell.[1mTestTail[m
[[1;34mINFO[m] Running org.apache.hadoop.fs.shell.[1mTestTextCommand[m
[[1;34mINFO[m] [1;32mTests run: [0;1;32m5[m, Failures: 0, Errors: 0, Skipped: 0, Time elapsed: 0.605 s - in org.apache.hadoop.fs.shell.[1mTestTextCommand[m
[[1;34mINFO[m] Running org.apache.hadoop.fs.shell.[1mTestMove[m
[[1;34mINFO[m] [1;32mTests run: [0;1;32m2[m, Failures: 0, Errors: 0, Skipped: 0, Time elapsed: 0.754 s - in org.apache.hadoop.fs.shell.[1mTestMove[m
[[1;34mINFO[m] Running org.apache.hadoop.fs.shell.[1mTestPrintableString[m
[[1;34mINFO[m] [1;32mTests run: [0;1;32m2[m, Failures: 0, Errors: 0, Skipped: 0, Time elapsed: 0.413 s - in org.apache.hadoop.fs.shell.[1mTestPrintableString[m
[[1;34mINFO[m] Running org.apache.hadoop.fs.[1mTestTrash[m
[[1;34mINFO[m] [1;32mTests run: [0;1;32m11[m, Failures: 0, Errors: 0, Skipped: 0, Time elapsed: 22.112 s - in org.apache.hadoop.fs.[1mTestTrash[m
[[1;34mINFO[m] Running org.apache.hadoop.fs.[1mTestGetSpaceUsed[m
[[1;34mINFO[m] [1;32mTests run: [0;1;32m4[m, Failures: 0, Errors: 0, Skipped: 0, Time elapsed: 0.454 s - in org.apache.hadoop.fs.[1mTestGetSpaceUsed[m
[[1;34mINFO[m] Running org.apache.hadoop.fs.[1mTestFsShellCopy[m
[[1;33mWARNING[m] [1;33mTests [0;1mrun: [0;1m21[m, Failures: 0, Errors: 0, [1;33mSkipped: [0;1;33m4[m, Time elapsed: 0.828 s - in org.apache.hadoop.fs.[1mTestFsShellCopy[m
[[1;34mINFO[m] Running org.apache.hadoop.fs.[1mTestFcLocalFsPermission[m
[[1;34mINFO[m] [1;32mTests run: [0;1;32m4[m, Failures: 0, Errors: 0, Skipped: 0, Time elapsed: 0.197 s - in org.apache.hadoop.fs.[1mTestFcLocalFsPermission[m
[[1;34mINFO[m] Running org.apache.hadoop.fs.[1mTestFileSystemTokens[m
[[1;34mINFO[m] [1;32mTests run: [0;1;32m10[m, Failures: 0, Errors: 0, Skipped: 0, Time elapsed: 0.755 s - in org.apache.hadoop.fs.[1mTestFileSystemTokens[m
[[1;34mINFO[m] Running org.apache.hadoop.fs.[1mTestStat[m
[[1;34mINFO[m] [1;32mTests run: [0;1;32m5[m, Failures: 0, Errors: 0, Skipped: 0, Time elapsed: 0.197 s - in org.apache.hadoop.fs.[1mTestStat[m
[[1;34mINFO[m] Running org.apache.hadoop.fs.[1mTestPath[m
[[1;33mWARNING[m] [1;33mTests [0;1mrun: [0;1m23[m, Failures: 0, Errors: 0, [1;33mSkipped: [0;1;33m3[m, Time elapsed: 0.641 s - in org.apache.hadoop.fs.[1mTestPath[m
[[1;34mINFO[m] Running org.apache.hadoop.fs.[1mTestLocalFileSystemPermission[m
[[1;34mINFO[m] [1;32mTests run: [0;1;32m4[m, Failures: 0, Errors: 0, Skipped: 0, Time elapsed: 0.572 s - in org.apache.hadoop.fs.[1mTestLocalFileSystemPermission[m
[[1;34mINFO[m] Running org.apache.hadoop.fs.[1mTestRawLocalFileSystemContract[m
[[1;33mWARNING[m] [1;33mTests [0;1mrun: [0;1m44[m, Failures: 0, Errors: 0, [1;33mSkipped: [0;1;33m19[m, Time elapsed: 0.331 s - in org.apache.hadoop.fs.[1mTestRawLocalFileSystemContract[m
[[1;34mINFO[m] Running org.apache.hadoop.fs.[1mTestCommandFormat[m
[[1;34mINFO[m] [1;32mTests run: [0;1;32m10[m, Failures: 0, Errors: 0, Skipped: 0, Time elapsed: 0.43 s - in org.apache.hadoop.fs.[1mTestCommandFormat[m
[[1;34mINFO[m] Running org.apache.hadoop.net.[1mTestTableMapping[m
[[1;34mINFO[m] [1;32mTests run: [0;1;32m6[m, Failures: 0, Errors: 0, Skipped: 0, Time elapsed: 0.477 s - in org.apache.hadoop.net.[1mTestTableMapping[m
[[1;34mINFO[m] Running org.apache.hadoop.net.[1mTestNetworkTopologyWithNodeGroup[m
[[1;34mINFO[m] [1;32mTests run: [0;1;32m9[m, Failures: 0, Errors: 0, Skipped: 0, Time elapsed: 0.439 s - in org.apache.hadoop.net.[1mTestNetworkTopologyWithNodeGroup[m
[[1;34mINFO[m] Running org.apache.hadoop.net.unix.[1mTestDomainSocketWatcher[m
[[1;33mWARNING[m] [1;33mTests [0;1mrun: [0;1m6[m, Failures: 0, Errors: 0, [1;33mSkipped: [0;1;33m6[m, Time elapsed: 0.068 s - in org.apache.hadoop.net.unix.[1mTestDomainSocketWatcher[m
[[1;34mINFO[m] Running org.apache.hadoop.net.unix.[1mTestDomainSocket[m
[[1;33mWARNING[m] [1;33mTests [0;1mrun: [0;1m17[m, Failures: 0, Errors: 0, [1;33mSkipped: [0;1;33m17[m, Time elapsed: 0.081 s - in org.apache.hadoop.net.unix.[1mTestDomainSocket[m
[[1;34mINFO[m] Running org.apache.hadoop.net.[1mTestMockDomainNameResolver[m
[[1;34mINFO[m] [1;32mTests run: [0;1;32m2[m, Failures: 0, Errors: 0, Skipped: 0, Time elapsed: 0.436 s - in org.apache.hadoop.net.[1mTestMockDomainNameResolver[m
[[1;34mINFO[m] Running org.apache.hadoop.net.[1mTestDNS[m
[[1;33mWARNING[m] [1;33mTests [0;1mrun: [0;1m12[m, Failures: 0, Errors: 0, [1;33mSkipped: [0;1;33m1[m, Time elapsed: 2.73 s - in org.apache.hadoop.net.[1mTestDNS[m
[[1;34mINFO[m] Running org.apache.hadoop.net.[1mTestSwitchMapping[m
[[1;34mINFO[m] [1;32mTests run: [0;1;32m5[m, Failures: 0, Errors: 0, Skipped: 0, Time elapsed: 0.092 s - in org.apache.hadoop.net.[1mTestSwitchMapping[m
[[1;34mINFO[m] Running org.apache.hadoop.net.[1mTestNetUtils[m
[[1;34mINFO[m] [1;32mTests run: [0;1;32m48[m, Failures: 0, Errors: 0, Skipped: 0, Time elapsed: 6.379 s - in org.apache.hadoop.net.[1mTestNetUtils[m
[[1;34mINFO[m] Running org.apache.hadoop.net.[1mTestStaticMapping[m
[[1;34mINFO[m] [1;32mTests run: [0;1;32m8[m, Failures: 0, Errors: 0, Skipped: 0, Time elapsed: 2.661 s - in org.apache.hadoop.net.[1mTestStaticMapping[m
[[1;34mINFO[m] Running org.apache.hadoop.net.[1mTestSocketIOWithTimeout[m
[[1;34mINFO[m] [1;32mTests run: [0;1;32m4[m, Failures: 0, Errors: 0, Skipped: 0, Time elapsed: 10.513 s - in org.apache.hadoop.net.[1mTestSocketIOWithTimeout[m
[[1;34mINFO[m] Running org.apache.hadoop.net.[1mTestScriptBasedMappingWithDependency[m
[[1;34mINFO[m] [1;32mTests run: [0;1;32m4[m, Failures: 0, Errors: 0, Skipped: 0, Time elapsed: 1.068 s - in org.apache.hadoop.net.[1mTestScriptBasedMappingWithDependency[m
[[1;34mINFO[m] Running org.apache.hadoop.net.[1mTestClusterTopology[m
[[1;34mINFO[m] [1;32mTests run: [0;1;32m5[m, Failures: 0, Errors: 0, Skipped: 0, Time elapsed: 0.121 s - in org.apache.hadoop.net.[1mTestClusterTopology[m
[[1;34mINFO[m] Running org.apache.hadoop.net.[1mTestScriptBasedMapping[m
[[1;34mINFO[m] [1;32mTests run: [0;1;32m4[m, Failures: 0, Errors: 0, Skipped: 0, Time elapsed: 0.448 s - in org.apache.hadoop.net.[1mTestScriptBasedMapping[m
[[1;34mINFO[m] Running org.apache.hadoop.net.[1mTestDNSDomainNameResolver[m
[[1;34mINFO[m] [1;32mTests run: [0;1;32m1[m, Failures: 0, Errors: 0, Skipped: 0, Time elapsed: 0.409 s - in org.apache.hadoop.net.[1mTestDNSDomainNameResolver[m
[[1;34mINFO[m] Running org.apache.hadoop.cli.[1mTestCLI[m
[[1;34mINFO[m] [1;32mTests run: [0;1;32m1[m, Failures: 0, Errors: 0, Skipped: 0, Time elapsed: 0.187 s - in org.apache.hadoop.cli.[1mTestCLI[m
[[1;34mINFO[m] Running org.apache.hadoop.http.[1mTestHttpRequestLog[m
[[1;34mINFO[m] [1;32mTests run: [0;1;32m1[m, Failures: 0, Errors: 0, Skipped: 0, Time elapsed: 0.402 s - in org.apache.hadoop.http.[1mTestHttpRequestLog[m
[[1;34mINFO[m] Running org.apache.hadoop.http.[1mTestHtmlQuoting[m
[[1;34mINFO[m] [1;32mTests run: [0;1;32m4[m, Failures: 0, Errors: 0, Skipped: 0, Time elapsed: 0.559 s - in org.apache.hadoop.http.[1mTestHtmlQuoting[m
[[1;34mINFO[m] Running org.apache.hadoop.http.[1mTestGlobalFilter[m
[[1;34mINFO[m] [1;32mTests run: [0;1;32m1[m, Failures: 0, Errors: 0, Skipped: 0, Time elapsed: 0.316 s - in org.apache.hadoop.http.[1mTestGlobalFilter[m
[[1;34mINFO[m] Running org.apache.hadoop.http.[1mTestHttpServerLogs[m
[[1;34mINFO[m] [1;32mTests run: [0;1;32m2[m, Failures: 0, Errors: 0, Skipped: 0, Time elapsed: 0.318 s - in org.apache.hadoop.http.[1mTestHttpServerLogs[m
[[1;34mINFO[m] Running org.apache.hadoop.http.[1mTestProfileServlet[m
[[1;34mINFO[m] [1;32mTests run: [0;1;32m1[m, Failures: 0, Errors: 0, Skipped: 0, Time elapsed: 0.303 s - in org.apache.hadoop.http.[1mTestProfileServlet[m
[[1;34mINFO[m] Running org.apache.hadoop.http.[1mTestAuthenticationSessionCookie[m
[[1;34mINFO[m] [1;32mTests run: [0;1;32m2[m, Failures: 0, Errors: 0, Skipped: 0, Time elapsed: 0.748 s - in org.apache.hadoop.http.[1mTestAuthenticationSessionCookie[m
[[1;34mINFO[m] Running org.apache.hadoop.http.[1mTestHttpCookieFlag[m
[[1;34mINFO[m] [1;32mTests run: [0;1;32m2[m, Failures: 0, Errors: 0, Skipped: 0, Time elapsed: 0.761 s - in org.apache.hadoop.http.[1mTestHttpCookieFlag[m
[[1;34mINFO[m] Running org.apache.hadoop.http.[1mTestDisabledProfileServlet[m
[[1;34mINFO[m] [1;32mTests run: [0;1;32m2[m, Failures: 0, Errors: 0, Skipped: 0, Time elapsed: 0.282 s - in org.apache.hadoop.http.[1mTestDisabledProfileServlet[m
[[1;34mINFO[m] Running org.apache.hadoop.http.lib.[1mTestStaticUserWebFilter[m
[[1;34mINFO[m] [1;32mTests run: [0;1;32m3[m, Failures: 0, Errors: 0, Skipped: 0, Time elapsed: 0.606 s - in org.apache.hadoop.http.lib.[1mTestStaticUserWebFilter[m
[[1;34mINFO[m] Running org.apache.hadoop.http.[1mTestServletFilter[m
[[1;34mINFO[m] [1;32mTests run: [0;1;32m2[m, Failures: 0, Errors: 0, Skipped: 0, Time elapsed: 0.241 s - in org.apache.hadoop.http.[1mTestServletFilter[m
[[1;34mINFO[m] Running org.apache.hadoop.http.[1mTestHttpServer[m
[[1;34mINFO[m] [1;32mTests run: [0;1;32m29[m, Failures: 0, Errors: 0, Skipped: 0, Time elapsed: 1.521 s - in org.apache.hadoop.http.[1mTestHttpServer[m
[[1;34mINFO[m] Running org.apache.hadoop.http.[1mTestHttpServerLifecycle[m
[[1;34mINFO[m] [1;32mTests run: [0;1;32m6[m, Failures: 0, Errors: 0, Skipped: 0, Time elapsed: 0.281 s - in org.apache.hadoop.http.[1mTestHttpServerLifecycle[m
[[1;34mINFO[m] Running org.apache.hadoop.http.[1mTestSSLHttpServer[m
[[1;34mINFO[m] [1;32mTests run: [0;1;32m6[m, Failures: 0, Errors: 0, Skipped: 0, Time elapsed: 0.684 s - in org.apache.hadoop.http.[1mTestSSLHttpServer[m
[[1;34mINFO[m] Running org.apache.hadoop.http.[1mTestIsActiveServlet[m
[[1;34mINFO[m] [1;32mTests run: [0;1;32m2[m, Failures: 0, Errors: 0, Skipped: 0, Time elapsed: 0.557 s - in org.apache.hadoop.http.[1mTestIsActiveServlet[m
[[1;34mINFO[m] Running org.apache.hadoop.http.[1mTestHttpServerWithSpnego[m
[[1;34mINFO[m] [1;32mTests run: [0;1;32m2[m, Failures: 0, Errors: 0, Skipped: 0, Time elapsed: 1.912 s - in org.apache.hadoop.http.[1mTestHttpServerWithSpnego[m
[[1;34mINFO[m] Running org.apache.hadoop.http.[1mTestHttpServerWebapps[m
[[1;34mINFO[m] [1;32mTests run: [0;1;32m2[m, Failures: 0, Errors: 0, Skipped: 0, Time elapsed: 0.173 s - in org.apache.hadoop.http.[1mTestHttpServerWebapps[m
[[1;34mINFO[m] Running org.apache.hadoop.http.[1mTestSSLHttpServerConfigs[m
[[1;34mINFO[m] [1;32mTests run: [0;1;32m9[m, Failures: 0, Errors: 0, Skipped: 0, Time elapsed: 0.914 s - in org.apache.hadoop.http.[1mTestSSLHttpServerConfigs[m
[[1;34mINFO[m] Running org.apache.hadoop.metrics2.sink.[1mTestGraphiteMetrics[m
[[1;34mINFO[m] [1;32mTests run: [0;1;32m5[m, Failures: 0, Errors: 0, Skipped: 0, Time elapsed: 0.56 s - in org.apache.hadoop.metrics2.sink.[1mTestGraphiteMetrics[m
[[1;34mINFO[m] Running org.apache.hadoop.metrics2.sink.ganglia.[1mTestGangliaSink[m
[[1;34mINFO[m] [1;32mTests run: [0;1;32m5[m, Failures: 0, Errors: 0, Skipped: 0, Time elapsed: 3.049 s - in org.apache.hadoop.metrics2.sink.ganglia.[1mTestGangliaSink[m
[[1;34mINFO[m] Running org.apache.hadoop.metrics2.sink.[1mTestRollingFileSystemSink[m
[[1;34mINFO[m] [1;32mTests run: [0;1;32m4[m, Failures: 0, Errors: 0, Skipped: 0, Time elapsed: 0.571 s - in org.apache.hadoop.metrics2.sink.[1mTestRollingFileSystemSink[m
[[1;34mINFO[m] Running org.apache.hadoop.metrics2.sink.[1mTestPrometheusMetricsSink[m
[[1;34mINFO[m] [1;32mTests run: [0;1;32m8[m, Failures: 0, Errors: 0, Skipped: 0, Time elapsed: 0.491 s - in org.apache.hadoop.metrics2.sink.[1mTestPrometheusMetricsSink[m
[[1;34mINFO[m] Running org.apache.hadoop.metrics2.sink.[1mTestStatsDMetrics[m
[[1;34mINFO[m] [1;32mTests run: [0;1;32m2[m, Failures: 0, Errors: 0, Skipped: 0, Time elapsed: 0.555 s - in org.apache.hadoop.metrics2.sink.[1mTestStatsDMetrics[m
[[1;34mINFO[m] Running org.apache.hadoop.metrics2.sink.[1mTestFileSink[m
[[1;34mINFO[m] [1;32mTests run: [0;1;32m1[m, Failures: 0, Errors: 0, Skipped: 0, Time elapsed: 0.468 s - in org.apache.hadoop.metrics2.sink.[1mTestFileSink[m
[[1;34mINFO[m] Running org.apache.hadoop.metrics2.sink.[1mTestRollingFileSystemSinkWithLocal[m
[[1;34mINFO[m] [1;32mTests run: [0;1;32m7[m, Failures: 0, Errors: 0, Skipped: 0, Time elapsed: 20.333 s - in org.apache.hadoop.metrics2.sink.[1mTestRollingFileSystemSinkWithLocal[m
[[1;34mINFO[m] Running org.apache.hadoop.metrics2.lib.[1mTestMutableMetrics[m
[[1;34mINFO[m] [1;32mTests run: [0;1;32m17[m, Failures: 0, Errors: 0, Skipped: 0, Time elapsed: 58.76 s - in org.apache.hadoop.metrics2.lib.[1mTestMutableMetrics[m
[[1;34mINFO[m] Running org.apache.hadoop.metrics2.lib.[1mTestMetricsAnnotations[m
[[1;34mINFO[m] [1;32mTests run: [0;1;32m9[m, Failures: 0, Errors: 0, Skipped: 0, Time elapsed: 0.58 s - in org.apache.hadoop.metrics2.lib.[1mTestMetricsAnnotations[m
[[1;34mINFO[m] Running org.apache.hadoop.metrics2.lib.[1mTestInterns[m
[[1;34mINFO[m] [1;32mTests run: [0;1;32m4[m, Failures: 0, Errors: 0, Skipped: 0, Time elapsed: 0.393 s - in org.apache.hadoop.metrics2.lib.[1mTestInterns[m
[[1;34mINFO[m] Running org.apache.hadoop.metrics2.lib.[1mTestUniqNames[m
[[1;34mINFO[m] [1;32mTests run: [0;1;32m2[m, Failures: 0, Errors: 0, Skipped: 0, Time elapsed: 0.401 s - in org.apache.hadoop.metrics2.lib.[1mTestUniqNames[m
[[1;34mINFO[m] Running org.apache.hadoop.metrics2.lib.[1mTestMutableRollingAverages[m
[[1;34mINFO[m] [1;32mTests run: [0;1;32m3[m, Failures: 0, Errors: 0, Skipped: 0, Time elapsed: 23.589 s - in org.apache.hadoop.metrics2.lib.[1mTestMutableRollingAverages[m
[[1;34mINFO[m] Running org.apache.hadoop.metrics2.lib.[1mTestMetricsRegistry[m
[[1;34mINFO[m] [1;32mTests run: [0;1;32m4[m, Failures: 0, Errors: 0, Skipped: 0, Time elapsed: 0.545 s - in org.apache.hadoop.metrics2.lib.[1mTestMetricsRegistry[m
[[1;34mINFO[m] Running org.apache.hadoop.metrics2.source.[1mTestJvmMetrics[m
[[1;34mINFO[m] [1;32mTests run: [0;1;32m10[m, Failures: 0, Errors: 0, Skipped: 0, Time elapsed: 2.862 s - in org.apache.hadoop.metrics2.source.[1mTestJvmMetrics[m
[[1;34mINFO[m] Running org.apache.hadoop.metrics2.impl.[1mTestMetricsCollectorImpl[m
[[1;34mINFO[m] [1;32mTests run: [0;1;32m2[m, Failures: 0, Errors: 0, Skipped: 0, Time elapsed: 0.441 s - in org.apache.hadoop.metrics2.impl.[1mTestMetricsCollectorImpl[m
[[1;34mINFO[m] Running org.apache.hadoop.metrics2.impl.[1mTestSinkQueue[m
[[1;34mINFO[m] [1;32mTests run: [0;1;32m8[m, Failures: 0, Errors: 0, Skipped: 0, Time elapsed: 0.66 s - in org.apache.hadoop.metrics2.impl.[1mTestSinkQueue[m
[[1;34mINFO[m] Running org.apache.hadoop.metrics2.impl.[1mTestMetricsSystemImpl[m
[[1;34mINFO[m] [1;32mTests run: [0;1;32m14[m, Failures: 0, Errors: 0, Skipped: 0, Time elapsed: 1.342 s - in org.apache.hadoop.metrics2.impl.[1mTestMetricsSystemImpl[m
[[1;34mINFO[m] Running org.apache.hadoop.metrics2.impl.[1mTestMetricsVisitor[m
[[1;34mINFO[m] [1;32mTests run: [0;1;32m1[m, Failures: 0, Errors: 0, Skipped: 0, Time elapsed: 0.198 s - in org.apache.hadoop.metrics2.impl.[1mTestMetricsVisitor[m
[[1;34mINFO[m] Running org.apache.hadoop.metrics2.impl.[1mTestMetricsConfig[m
[[1;34mINFO[m] [1;32mTests run: [0;1;32m4[m, Failures: 0, Errors: 0, Skipped: 0, Time elapsed: 0.453 s - in org.apache.hadoop.metrics2.impl.[1mTestMetricsConfig[m
[[1;34mINFO[m] Running org.apache.hadoop.metrics2.impl.[1mTestMetricsSourceAdapter[m
[[1;34mINFO[m] [1;32mTests run: [0;1;32m3[m, Failures: 0, Errors: 0, Skipped: 0, Time elapsed: 11.64 s - in org.apache.hadoop.metrics2.impl.[1mTestMetricsSourceAdapter[m
[[1;34mINFO[m] Running org.apache.hadoop.metrics2.impl.[1mTestGangliaMetrics[m
[[1;34mINFO[m] [1;32mTests run: [0;1;32m2[m, Failures: 0, Errors: 0, Skipped: 0, Time elapsed: 0.482 s - in org.apache.hadoop.metrics2.impl.[1mTestGangliaMetrics[m
[[1;34mINFO[m] Running org.apache.hadoop.metrics2.util.[1mTestSampleQuantiles[m
[[1;34mINFO[m] [1;32mTests run: [0;1;32m4[m, Failures: 0, Errors: 0, Skipped: 0, Time elapsed: 0.514 s - in org.apache.hadoop.metrics2.util.[1mTestSampleQuantiles[m
[[1;34mINFO[m] Running org.apache.hadoop.metrics2.util.[1mTestMBeans[m
[[1;34mINFO[m] [1;32mTests run: [0;1;32m3[m, Failures: 0, Errors: 0, Skipped: 0, Time elapsed: 0.097 s - in org.apache.hadoop.metrics2.util.[1mTestMBeans[m
[[1;34mINFO[m] Running org.apache.hadoop.metrics2.util.[1mTestSampleStat[m
[[1;34mINFO[m] [1;32mTests run: [0;1;32m1[m, Failures: 0, Errors: 0, Skipped: 0, Time elapsed: 0.395 s - in org.apache.hadoop.metrics2.util.[1mTestSampleStat[m
[[1;34mINFO[m] Running org.apache.hadoop.metrics2.util.[1mTestMetricsCache[m
[[1;34mINFO[m] [1;32mTests run: [0;1;32m4[m, Failures: 0, Errors: 0, Skipped: 0, Time elapsed: 0.662 s - in org.apache.hadoop.metrics2.util.[1mTestMetricsCache[m
[[1;34mINFO[m] Running org.apache.hadoop.metrics2.filter.[1mTestPatternFilter[m
[[1;34mINFO[m] [1;32mTests run: [0;1;32m5[m, Failures: 0, Errors: 0, Skipped: 0, Time elapsed: 0.57 s - in org.apache.hadoop.metrics2.filter.[1mTestPatternFilter[m
[[1;34mINFO[m] Running org.apache.hadoop.crypto.random.[1mTestOpensslSecureRandom[m
[[1;34mINFO[m] [1;32mTests run: [0;1;32m5[m, Failures: 0, Errors: 0, Skipped: 0, Time elapsed: 0.414 s - in org.apache.hadoop.crypto.random.[1mTestOpensslSecureRandom[m
[[1;34mINFO[m] Running org.apache.hadoop.crypto.random.[1mTestOsSecureRandom[m
[[1;34mINFO[m] [1;32mTests run: [0;1;32m6[m, Failures: 0, Errors: 0, Skipped: 0, Time elapsed: 0.445 s - in org.apache.hadoop.crypto.random.[1mTestOsSecureRandom[m
[[1;34mINFO[m] Running org.apache.hadoop.crypto.[1mTestCryptoOutputStreamClosing[m
[[1;34mINFO[m] [1;32mTests run: [0;1;32m3[m, Failures: 0, Errors: 0, Skipped: 0, Time elapsed: 0.611 s - in org.apache.hadoop.crypto.[1mTestCryptoOutputStreamClosing[m
[[1;34mINFO[m] Running org.apache.hadoop.crypto.[1mTestCryptoStreamsWithOpensslSm4CtrCryptoCodec[m
[[1;33mWARNING[m] [1;33mTests [0;1mrun: [0;1m1[m, Failures: 0, Errors: 0, [1;33mSkipped: [0;1;33m1[m, Time elapsed: 0.061 s - in org.apache.hadoop.crypto.[1mTestCryptoStreamsWithOpensslSm4CtrCryptoCodec[m
[[1;34mINFO[m] Running org.apache.hadoop.crypto.[1mTestCryptoStreams[m
[[1;34mINFO[m] [1;32mTests run: [0;1;32m19[m, Failures: 0, Errors: 0, Skipped: 0, Time elapsed: 0.554 s - in org.apache.hadoop.crypto.[1mTestCryptoStreams[m
[[1;34mINFO[m] Running org.apache.hadoop.crypto.[1mTestCryptoStreamsWithJceSm4CtrCryptoCodec[m
[[1;34mINFO[m] [1;32mTests run: [0;1;32m19[m, Failures: 0, Errors: 0, Skipped: 0, Time elapsed: 2.816 s - in org.apache.hadoop.crypto.[1mTestCryptoStreamsWithJceSm4CtrCryptoCodec[m
[[1;34mINFO[m] Running org.apache.hadoop.crypto.[1mTestCryptoStreamsNormal[m
[[1;33mWARNING[m] [1;33mTests [0;1mrun: [0;1m18[m, Failures: 0, Errors: 0, [1;33mSkipped: [0;1;33m12[m, Time elapsed: 0.349 s - in org.apache.hadoop.crypto.[1mTestCryptoStreamsNormal[m
[[1;34mINFO[m] Running org.apache.hadoop.crypto.[1mTestOpensslCipher[m
[[1;33mWARNING[m] [1;33mTests [0;1mrun: [0;1m3[m, Failures: 0, Errors: 0, [1;33mSkipped: [0;1;33m3[m, Time elapsed: 0.398 s - in org.apache.hadoop.crypto.[1mTestOpensslCipher[m
[[1;34mINFO[m] Running org.apache.hadoop.crypto.[1mTestCryptoCodec[m
[[1;33mWARNING[m] [1;33mTests [0;1mrun: [0;1m5[m, Failures: 0, Errors: 0, [1;33mSkipped: [0;1;33m4[m, Time elapsed: 6.363 s - in org.apache.hadoop.crypto.[1mTestCryptoCodec[m
[[1;34mINFO[m] Running org.apache.hadoop.crypto.[1mTestCryptoStreamsWithJceAesCtrCryptoCodec[m
[[1;34mINFO[m] [1;32mTests run: [0;1;32m19[m, Failures: 0, Errors: 0, Skipped: 0, Time elapsed: 0.568 s - in org.apache.hadoop.crypto.[1mTestCryptoStreamsWithJceAesCtrCryptoCodec[m
[[1;34mINFO[m] Running org.apache.hadoop.crypto.[1mTestCryptoStreamsForLocalFS[m
[[1;33mWARNING[m] [1;33mTests [0;1mrun: [0;1m18[m, Failures: 0, Errors: 0, [1;33mSkipped: [0;1;33m9[m, Time elapsed: 0.554 s - in org.apache.hadoop.crypto.[1mTestCryptoStreamsForLocalFS[m
[[1;34mINFO[m] Running org.apache.hadoop.crypto.key.[1mTestKeyProviderDelegationTokenExtension[m
[[1;34mINFO[m] [1;32mTests run: [0;1;32m1[m, Failures: 0, Errors: 0, Skipped: 0, Time elapsed: 0.627 s - in org.apache.hadoop.crypto.key.[1mTestKeyProviderDelegationTokenExtension[m
[[1;34mINFO[m] Running org.apache.hadoop.crypto.key.[1mTestValueQueue[m
[[1;34mINFO[m] [1;32mTests run: [0;1;32m8[m, Failures: 0, Errors: 0, Skipped: 0, Time elapsed: 11.817 s - in org.apache.hadoop.crypto.key.[1mTestValueQueue[m
[[1;34mINFO[m] Running org.apache.hadoop.crypto.key.[1mTestKeyProvider[m
[[1;34mINFO[m] [1;32mTests run: [0;1;32m9[m, Failures: 0, Errors: 0, Skipped: 0, Time elapsed: 0.521 s - in org.apache.hadoop.crypto.key.[1mTestKeyProvider[m
[[1;34mINFO[m] Running org.apache.hadoop.crypto.key.kms.[1mTestKMSClientProvider[m
[[1;34mINFO[m] [1;32mTests run: [0;1;32m5[m, Failures: 0, Errors: 0, Skipped: 0, Time elapsed: 0.828 s - in org.apache.hadoop.crypto.key.kms.[1mTestKMSClientProvider[m
[[1;34mINFO[m] Running org.apache.hadoop.crypto.key.kms.[1mTestLoadBalancingKMSClientProvider[m
[[1;34mINFO[m] [1;32mTests run: [0;1;32m25[m, Failures: 0, Errors: 0, Skipped: 0, Time elapsed: 17.369 s - in org.apache.hadoop.crypto.key.kms.[1mTestLoadBalancingKMSClientProvider[m
[[1;34mINFO[m] Running org.apache.hadoop.crypto.key.[1mTestCachingKeyProvider[m
[[1;34mINFO[m] [1;32mTests run: [0;1;32m5[m, Failures: 0, Errors: 0, Skipped: 0, Time elapsed: 2.261 s - in org.apache.hadoop.crypto.key.[1mTestCachingKeyProvider[m
[[1;34mINFO[m] Running org.apache.hadoop.crypto.key.[1mTestKeyProviderFactory[m
[[1;34mINFO[m] [1;32mTests run: [0;1;32m8[m, Failures: 0, Errors: 0, Skipped: 0, Time elapsed: 2.083 s - in org.apache.hadoop.crypto.key.[1mTestKeyProviderFactory[m
[[1;34mINFO[m] Running org.apache.hadoop.crypto.key.[1mTestKeyProviderCryptoExtension[m
[[1;34mINFO[m] [1;32mTests run: [0;1;32m7[m, Failures: 0, Errors: 0, Skipped: 0, Time elapsed: 0.519 s - in org.apache.hadoop.crypto.key.[1mTestKeyProviderCryptoExtension[m
[[1;34mINFO[m] Running org.apache.hadoop.crypto.key.[1mTestKeyShell[m
[[1;31mERROR[m] [1;31mTests [0;1mrun: [0;1m10[m, [1;31mFailures: [0;1;31m1[m, Errors: 0, Skipped: 0, Time elapsed: 2.078 s[1;31m <<< FAILURE![m - in org.apache.hadoop.crypto.key.[1mTestKeyShell[m
[[1;31mERROR[m] testInvalidKeySize(org.apache.hadoop.crypto.key.TestKeyShell)  Time elapsed: 0.102 s  <<< FAILURE!
java.lang.AssertionError: expected:<1> but was:<0>
	at org.junit.Assert.fail(Assert.java:89)
	at org.junit.Assert.failNotEquals(Assert.java:835)
	at org.junit.Assert.assertEquals(Assert.java:647)
	at org.junit.Assert.assertEquals(Assert.java:633)
	at org.apache.hadoop.crypto.key.TestKeyShell.testInvalidKeySize(TestKeyShell.java:190)
	at java.base/jdk.internal.reflect.NativeMethodAccessorImpl.invoke0(Native Method)
	at java.base/jdk.internal.reflect.NativeMethodAccessorImpl.invoke(NativeMethodAccessorImpl.java:62)
	at java.base/jdk.internal.reflect.DelegatingMethodAccessorImpl.invoke(DelegatingMethodAccessorImpl.java:43)
	at java.base/java.lang.reflect.Method.invoke(Method.java:566)
	at org.junit.runners.model.FrameworkMethod$1.runReflectiveCall(FrameworkMethod.java:59)
	at org.junit.internal.runners.model.ReflectiveCallable.run(ReflectiveCallable.java:12)
	at org.junit.runners.model.FrameworkMethod.invokeExplosively(FrameworkMethod.java:56)
	at org.junit.internal.runners.statements.InvokeMethod.evaluate(InvokeMethod.java:17)
	at edu.illinois.ConfigTrackJUnit4Statement.evaluate(ConfigTrackJUnit4Statement.java:27)
	at org.junit.internal.runners.statements.FailOnTimeout$CallableStatement.call(FailOnTimeout.java:299)
	at org.junit.internal.runners.statements.FailOnTimeout$CallableStatement.call(FailOnTimeout.java:293)
	at java.base/java.util.concurrent.FutureTask.run(FutureTask.java:264)
	at java.base/java.lang.Thread.run(Thread.java:829)

[[1;34mINFO[m] Running org.apache.hadoop.crypto.[1mTestCryptoStreamsWithOpensslAesCtrCryptoCodec[m
[[1;33mWARNING[m] [1;33mTests [0;1mrun: [0;1m1[m, Failures: 0, Errors: 0, [1;33mSkipped: [0;1;33m1[m, Time elapsed: 0.063 s - in org.apache.hadoop.crypto.[1mTestCryptoStreamsWithOpensslAesCtrCryptoCodec[m
[[1;34mINFO[m] Running org.apache.hadoop.jmx.[1mTestJMXJsonServlet[m
[[1;34mINFO[m] [1;32mTests run: [0;1;32m2[m, Failures: 0, Errors: 0, Skipped: 0, Time elapsed: 0.4 s - in org.apache.hadoop.jmx.[1mTestJMXJsonServlet[m
[[1;34mINFO[m] Running org.apache.hadoop.conf.[1mTestConfServlet[m
[[1;34mINFO[m] [1;32mTests run: [0;1;32m6[m, Failures: 0, Errors: 0, Skipped: 0, Time elapsed: 0.696 s - in org.apache.hadoop.conf.[1mTestConfServlet[m
[[1;34mINFO[m] Running org.apache.hadoop.conf.[1mTestDeprecatedKeys[m
[[1;34mINFO[m] [1;32mTests run: [0;1;32m3[m, Failures: 0, Errors: 0, Skipped: 0, Time elapsed: 0.461 s - in org.apache.hadoop.conf.[1mTestDeprecatedKeys[m
[[1;34mINFO[m] Running org.apache.hadoop.conf.[1mTestConfigRedactor[m
[[1;34mINFO[m] [1;32mTests run: [0;1;32m2[m, Failures: 0, Errors: 0, Skipped: 0, Time elapsed: 0.441 s - in org.apache.hadoop.conf.[1mTestConfigRedactor[m
[[1;34mINFO[m] Running org.apache.hadoop.conf.[1mTestConfiguration[m
[[1;31mERROR[m] [1;31mTests [0;1mrun: [0;1m89[m, Failures: 0, [1;31mErrors: [0;1;31m1[m, Skipped: 0, Time elapsed: 6.092 s[1;31m <<< FAILURE![m - in org.apache.hadoop.conf.[1mTestConfiguration[m
[[1;31mERROR[m] testReload(org.apache.hadoop.conf.TestConfiguration)  Time elapsed: 0.007 s  <<< ERROR!
java.util.ConcurrentModificationException
	at java.base/java.util.HashMap$HashIterator.nextNode(HashMap.java:1511)
	at java.base/java.util.HashMap$KeyIterator.next(HashMap.java:1534)
	at java.base/java.util.AbstractCollection.addAll(AbstractCollection.java:351)
	at edu.illinois.ConfigTracker.getAllSetParams(ConfigTracker.java:153)
	at edu.illinois.ConfigTracker.writeConfigToFile(ConfigTracker.java:205)
	at edu.illinois.ConfigTrackJUnit4Statement.evaluate(ConfigTrackJUnit4Statement.java:33)
	at org.junit.internal.runners.statements.FailOnTimeout$CallableStatement.call(FailOnTimeout.java:299)
	at org.junit.internal.runners.statements.FailOnTimeout$CallableStatement.call(FailOnTimeout.java:293)
	at java.base/java.util.concurrent.FutureTask.run(FutureTask.java:264)
	at java.base/java.lang.Thread.run(Thread.java:829)

[[1;34mINFO[m] Running org.apache.hadoop.conf.[1mTestGetInstances[m
[[1;34mINFO[m] [1;32mTests run: [0;1;32m1[m, Failures: 0, Errors: 0, Skipped: 0, Time elapsed: 0.447 s - in org.apache.hadoop.conf.[1mTestGetInstances[m
[[1;34mINFO[m] Running org.apache.hadoop.conf.[1mTestStorageUnit[m
[[1;34mINFO[m] [1;32mTests run: [0;1;32m13[m, Failures: 0, Errors: 0, Skipped: 0, Time elapsed: 0.441 s - in org.apache.hadoop.conf.[1mTestStorageUnit[m
[[1;34mINFO[m] Running org.apache.hadoop.conf.[1mTestReconfiguration[m
[[1;34mINFO[m] [1;32mTests run: [0;1;32m9[m, Failures: 0, Errors: 0, Skipped: 0, Time elapsed: 2.874 s - in org.apache.hadoop.conf.[1mTestReconfiguration[m
[[1;34mINFO[m] Running org.apache.hadoop.conf.[1mTestConfigurationSubclass[m
[[1;34mINFO[m] [1;32mTests run: [0;1;32m3[m, Failures: 0, Errors: 0, Skipped: 0, Time elapsed: 0.442 s - in org.apache.hadoop.conf.[1mTestConfigurationSubclass[m
[[1;34mINFO[m] Running org.apache.hadoop.conf.[1mTestCommonConfigurationFields[m
[[1;34mINFO[m] [1;32mTests run: [0;1;32m4[m, Failures: 0, Errors: 0, Skipped: 0, Time elapsed: 0.143 s - in org.apache.hadoop.conf.[1mTestCommonConfigurationFields[m
[[1;34mINFO[m] Running org.apache.hadoop.conf.[1mTestConfigurationDeprecation[m
[[1;34mINFO[m] [1;32mTests run: [0;1;32m10[m, Failures: 0, Errors: 0, Skipped: 0, Time elapsed: 3.42 s - in org.apache.hadoop.conf.[1mTestConfigurationDeprecation[m
[[1;34mINFO[m] Running org.apache.hadoop.service.[1mTestGlobalStateChangeListener[m
[[1;34mINFO[m] [1;32mTests run: [0;1;32m5[m, Failures: 0, Errors: 0, Skipped: 0, Time elapsed: 0.08 s - in org.apache.hadoop.service.[1mTestGlobalStateChangeListener[m
[[1;34mINFO[m] Running org.apache.hadoop.service.launcher.[1mTestServiceLauncherCreationFailures[m
[[1;34mINFO[m] [1;32mTests run: [0;1;32m8[m, Failures: 0, Errors: 0, Skipped: 0, Time elapsed: 0.136 s - in org.apache.hadoop.service.launcher.[1mTestServiceLauncherCreationFailures[m
[[1;34mINFO[m] Running org.apache.hadoop.service.launcher.[1mTestServiceConf[m
[[1;34mINFO[m] [1;32mTests run: [0;1;32m8[m, Failures: 0, Errors: 0, Skipped: 0, Time elapsed: 0.507 s - in org.apache.hadoop.service.launcher.[1mTestServiceConf[m
[[1;34mINFO[m] Running org.apache.hadoop.service.launcher.[1mTestServiceLauncher[m
[[1;34mINFO[m] [1;32mTests run: [0;1;32m22[m, Failures: 0, Errors: 0, Skipped: 0, Time elapsed: 0.657 s - in org.apache.hadoop.service.launcher.[1mTestServiceLauncher[m
[[1;34mINFO[m] Running org.apache.hadoop.service.launcher.[1mTestServiceLauncherInnerMethods[m
[[1;34mINFO[m] [1;32mTests run: [0;1;32m6[m, Failures: 0, Errors: 0, Skipped: 0, Time elapsed: 0.225 s - in org.apache.hadoop.service.launcher.[1mTestServiceLauncherInnerMethods[m
[[1;34mINFO[m] Running org.apache.hadoop.service.launcher.[1mTestServiceInterruptHandling[m
[[1;34mINFO[m] [1;32mTests run: [0;1;32m3[m, Failures: 0, Errors: 0, Skipped: 0, Time elapsed: 1.097 s - in org.apache.hadoop.service.launcher.[1mTestServiceInterruptHandling[m
[[1;34mINFO[m] Running org.apache.hadoop.service.[1mTestServiceOperations[m
[[1;34mINFO[m] [1;32mTests run: [0;1;32m1[m, Failures: 0, Errors: 0, Skipped: 0, Time elapsed: 0.231 s - in org.apache.hadoop.service.[1mTestServiceOperations[m
[[1;34mINFO[m] Running org.apache.hadoop.service.[1mTestServiceLifecycle[m
[[1;34mINFO[m] [1;32mTests run: [0;1;32m18[m, Failures: 0, Errors: 0, Skipped: 0, Time elapsed: 2.107 s - in org.apache.hadoop.service.[1mTestServiceLifecycle[m
[[1;34mINFO[m] Running org.apache.hadoop.service.[1mTestCompositeService[m
[[1;34mINFO[m] [1;32mTests run: [0;1;32m42[m, Failures: 0, Errors: 0, Skipped: 0, Time elapsed: 0.435 s - in org.apache.hadoop.service.[1mTestCompositeService[m
[[1;34mINFO[m] Running org.apache.hadoop.ha.[1mTestZKFailoverControllerStress[m
[[1;34mINFO[m] [1;32mTests run: [0;1;32m3[m, Failures: 0, Errors: 0, Skipped: 0, Time elapsed: 103.903 s - in org.apache.hadoop.ha.[1mTestZKFailoverControllerStress[m
[[1;34mINFO[m] Running org.apache.hadoop.ha.[1mTestZKFailoverController[m
[[1;34mINFO[m] [1;32mTests run: [0;1;32m23[m, Failures: 0, Errors: 0, Skipped: 0, Time elapsed: 62.927 s - in org.apache.hadoop.ha.[1mTestZKFailoverController[m
[[1;34mINFO[m] Running org.apache.hadoop.ha.[1mTestActiveStandbyElectorRealZK[m
[[1;34mINFO[m] [1;32mTests run: [0;1;32m5[m, Failures: 0, Errors: 0, Skipped: 0, Time elapsed: 11.126 s - in org.apache.hadoop.ha.[1mTestActiveStandbyElectorRealZK[m
[[1;34mINFO[m] Running org.apache.hadoop.ha.[1mTestActiveStandbyElector[m
[[1;34mINFO[m] [1;32mTests run: [0;1;32m26[m, Failures: 0, Errors: 0, Skipped: 0, Time elapsed: 2.769 s - in org.apache.hadoop.ha.[1mTestActiveStandbyElector[m
[[1;34mINFO[m] Running org.apache.hadoop.ha.[1mTestHealthMonitorWithDedicatedHealthAddress[m
[[1;34mINFO[m] [1;32mTests run: [0;1;32m3[m, Failures: 0, Errors: 0, Skipped: 0, Time elapsed: 1.343 s - in org.apache.hadoop.ha.[1mTestHealthMonitorWithDedicatedHealthAddress[m
[[1;34mINFO[m] Running org.apache.hadoop.ha.[1mTestFailoverController[m
[[1;34mINFO[m] [1;32mTests run: [0;1;32m17[m, Failures: 0, Errors: 0, Skipped: 0, Time elapsed: 3.229 s - in org.apache.hadoop.ha.[1mTestFailoverController[m
[[1;34mINFO[m] Running org.apache.hadoop.ha.[1mTestShellCommandFencer[m
[[1;34mINFO[m] [1;32mTests run: [0;1;32m10[m, Failures: 0, Errors: 0, Skipped: 0, Time elapsed: 4.525 s - in org.apache.hadoop.ha.[1mTestShellCommandFencer[m
[[1;34mINFO[m] Running org.apache.hadoop.ha.[1mTestHAAdmin[m
[[1;34mINFO[m] [1;32mTests run: [0;1;32m2[m, Failures: 0, Errors: 0, Skipped: 0, Time elapsed: 0.442 s - in org.apache.hadoop.ha.[1mTestHAAdmin[m
[[1;34mINFO[m] Running org.apache.hadoop.ha.[1mTestHealthMonitor[m
[[1;34mINFO[m] [1;32mTests run: [0;1;32m3[m, Failures: 0, Errors: 0, Skipped: 0, Time elapsed: 1.32 s - in org.apache.hadoop.ha.[1mTestHealthMonitor[m
[[1;34mINFO[m] Running org.apache.hadoop.ha.[1mTestSshFenceByTcpPort[m
[[1;33mWARNING[m] [1;33mTests [0;1mrun: [0;1m4[m, Failures: 0, Errors: 0, [1;33mSkipped: [0;1;33m1[m, Time elapsed: 4.105 s - in org.apache.hadoop.ha.[1mTestSshFenceByTcpPort[m
[[1;34mINFO[m] Running org.apache.hadoop.ha.[1mTestNodeFencer[m
[[1;34mINFO[m] [1;32mTests run: [0;1;32m9[m, Failures: 0, Errors: 0, Skipped: 0, Time elapsed: 0.881 s - in org.apache.hadoop.ha.[1mTestNodeFencer[m
[[1;34mINFO[m] Running org.apache.hadoop.ipc.[1mTestIPCServerResponder[m
[[1;34mINFO[m] [1;32mTests run: [0;1;32m3[m, Failures: 0, Errors: 0, Skipped: 0, Time elapsed: 7.86 s - in org.apache.hadoop.ipc.[1mTestIPCServerResponder[m
[[1;34mINFO[m] Running org.apache.hadoop.ipc.[1mTestMiniRPCBenchmark[m
[[1;34mINFO[m] [1;32mTests run: [0;1;32m1[m, Failures: 0, Errors: 0, Skipped: 0, Time elapsed: 0.501 s - in org.apache.hadoop.ipc.[1mTestMiniRPCBenchmark[m
[[1;34mINFO[m] Running org.apache.hadoop.ipc.[1mTestResponseBuffer[m
[[1;34mINFO[m] [1;32mTests run: [0;1;32m1[m, Failures: 0, Errors: 0, Skipped: 0, Time elapsed: 0.408 s - in org.apache.hadoop.ipc.[1mTestResponseBuffer[m
[[1;34mINFO[m] Running org.apache.hadoop.ipc.[1mTestRpcWritable[m
[[1;34mINFO[m] [1;32mTests run: [0;1;32m4[m, Failures: 0, Errors: 0, Skipped: 0, Time elapsed: 0.42 s - in org.apache.hadoop.ipc.[1mTestRpcWritable[m
[[1;34mINFO[m] Running org.apache.hadoop.ipc.[1mTestProtoBufRPCCompatibility[m
[[1;34mINFO[m] [1;32mTests run: [0;1;32m1[m, Failures: 0, Errors: 0, Skipped: 0, Time elapsed: 0.526 s - in org.apache.hadoop.ipc.[1mTestProtoBufRPCCompatibility[m
[[1;34mINFO[m] Running org.apache.hadoop.ipc.[1mTestProcessingDetails[m
[[1;34mINFO[m] [1;32mTests run: [0;1;32m2[m, Failures: 0, Errors: 0, Skipped: 0, Time elapsed: 0.408 s - in org.apache.hadoop.ipc.[1mTestProcessingDetails[m
[[1;34mINFO[m] Running org.apache.hadoop.ipc.[1mTestMultipleProtocolServer[m
[[1;34mINFO[m] [1;32mTests run: [0;1;32m1[m, Failures: 0, Errors: 0, Skipped: 0, Time elapsed: 0.218 s - in org.apache.hadoop.ipc.[1mTestMultipleProtocolServer[m
[[1;34mINFO[m] Running org.apache.hadoop.ipc.[1mTestRPC[m
[[1;34mINFO[m] [1;32mTests run: [0;1;32m35[m, Failures: 0, Errors: 0, Skipped: 0, Time elapsed: 33.027 s - in org.apache.hadoop.ipc.[1mTestRPC[m
[[1;34mINFO[m] Running org.apache.hadoop.ipc.[1mTestWeightedRoundRobinMultiplexer[m
[[1;34mINFO[m] [1;32mTests run: [0;1;32m6[m, Failures: 0, Errors: 0, Skipped: 0, Time elapsed: 0.483 s - in org.apache.hadoop.ipc.[1mTestWeightedRoundRobinMultiplexer[m
[[1;34mINFO[m] Running org.apache.hadoop.ipc.[1mTestSaslRPC[m
[[1;34mINFO[m] [1;32mTests run: [0;1;32m95[m, Failures: 0, Errors: 0, Skipped: 0, Time elapsed: 6.881 s - in org.apache.hadoop.ipc.[1mTestSaslRPC[m
[[1;34mINFO[m] Running org.apache.hadoop.ipc.[1mTestIdentityProviders[m
[[1;34mINFO[m] [1;32mTests run: [0;1;32m2[m, Failures: 0, Errors: 0, Skipped: 0, Time elapsed: 0.49 s - in org.apache.hadoop.ipc.[1mTestIdentityProviders[m
[[1;34mINFO[m] Running org.apache.hadoop.ipc.[1mTestRPCCallBenchmark[m
[[1;34mINFO[m] [1;32mTests run: [0;1;32m1[m, Failures: 0, Errors: 0, Skipped: 0, Time elapsed: 5.504 s - in org.apache.hadoop.ipc.[1mTestRPCCallBenchmark[m
[[1;34mINFO[m] Running org.apache.hadoop.ipc.[1mTestWeightedTimeCostProvider[m
[[1;34mINFO[m] [1;32mTests run: [0;1;32m3[m, Failures: 0, Errors: 0, Skipped: 0, Time elapsed: 0.429 s - in org.apache.hadoop.ipc.[1mTestWeightedTimeCostProvider[m
[[1;34mINFO[m] Running org.apache.hadoop.ipc.[1mTestSocketFactory[m
[[1;34mINFO[m] [1;32mTests run: [0;1;32m4[m, Failures: 0, Errors: 0, Skipped: 0, Time elapsed: 0.495 s - in org.apache.hadoop.ipc.[1mTestSocketFactory[m
[[1;34mINFO[m] Running org.apache.hadoop.ipc.[1mTestRPCServerShutdown[m
[[1;34mINFO[m] [1;32mTests run: [0;1;32m1[m, Failures: 0, Errors: 0, Skipped: 0, Time elapsed: 0.293 s - in org.apache.hadoop.ipc.[1mTestRPCServerShutdown[m
[[1;34mINFO[m] Running org.apache.hadoop.ipc.metrics.[1mTestRpcMetrics[m
[[1;34mINFO[m] [1;32mTests run: [0;1;32m1[m, Failures: 0, Errors: 0, Skipped: 0, Time elapsed: 0.475 s - in org.apache.hadoop.ipc.metrics.[1mTestRpcMetrics[m
[[1;34mINFO[m] Running org.apache.hadoop.ipc.metrics.[1mTestDecayRpcSchedulerDetailedMetrics[m
[[1;34mINFO[m] [1;32mTests run: [0;1;32m1[m, Failures: 0, Errors: 0, Skipped: 0, Time elapsed: 0.506 s - in org.apache.hadoop.ipc.metrics.[1mTestDecayRpcSchedulerDetailedMetrics[m
[[1;34mINFO[m] Running org.apache.hadoop.ipc.[1mTestFairCallQueue[m
[[1;34mINFO[m] [1;32mTests run: [0;1;32m29[m, Failures: 0, Errors: 0, Skipped: 0, Time elapsed: 0.799 s - in org.apache.hadoop.ipc.[1mTestFairCallQueue[m
[[1;34mINFO[m] Running org.apache.hadoop.ipc.[1mTestRetryCacheMetrics[m
[[1;34mINFO[m] [1;32mTests run: [0;1;32m1[m, Failures: 0, Errors: 0, Skipped: 0, Time elapsed: 0.58 s - in org.apache.hadoop.ipc.[1mTestRetryCacheMetrics[m
[[1;34mINFO[m] Running org.apache.hadoop.ipc.[1mTestRpcServerHandoff[m
[[1;34mINFO[m] [1;32mTests run: [0;1;32m2[m, Failures: 0, Errors: 0, Skipped: 0, Time elapsed: 6.584 s - in org.apache.hadoop.ipc.[1mTestRpcServerHandoff[m
[[1;34mINFO[m] Running org.apache.hadoop.ipc.[1mTestServer[m
[[1;34mINFO[m] [1;32mTests run: [0;1;32m8[m, Failures: 0, Errors: 0, Skipped: 0, Time elapsed: 0.633 s - in org.apache.hadoop.ipc.[1mTestServer[m
[[1;34mINFO[m] Running org.apache.hadoop.ipc.[1mTestRPCCompatibility[m
[[1;34mINFO[m] [1;32mTests run: [0;1;32m1[m, Failures: 0, Errors: 0, Skipped: 0, Time elapsed: 0.436 s - in org.apache.hadoop.ipc.[1mTestRPCCompatibility[m
[[1;34mINFO[m] Running org.apache.hadoop.ipc.[1mTestIPC[m
[[1;31mERROR[m] [1;31mTests [0;1mrun: [0;1m46[m, [1;31mFailures: [0;1;31m2[m, Errors: 0, Skipped: 0, Time elapsed: 88.42 s[1;31m <<< FAILURE![m - in org.apache.hadoop.ipc.[1mTestIPC[m
[[1;31mERROR[m] testUserBinding(org.apache.hadoop.ipc.TestIPC)  Time elapsed: 0.052 s  <<< FAILURE!
Wanted but not invoked:
socket.bind(DovelyW-1/127.0.1.1:0);
-> at org.apache.hadoop.ipc.TestIPC.checkUserBinding(TestIPC.java:1823)

However, there were exactly 5 interactions with this mock:
socket.setTcpNoDelay(true);
-> at org.apache.hadoop.ipc.Client$Connection.setupConnection(Client.java:626)

socket.setKeepAlive(true);
-> at org.apache.hadoop.ipc.Client$Connection.setupConnection(Client.java:627)

socket.getChannel();
-> at org.apache.hadoop.net.NetUtils.connect(NetUtils.java:585)

socket.connect(0.0.0.0/0.0.0.0:0, 20000);
-> at org.apache.hadoop.net.NetUtils.connect(NetUtils.java:599)

socket.close();
-> at org.apache.hadoop.ipc.Client$Connection.closeConnection(Client.java:898)


	at org.apache.hadoop.ipc.TestIPC.checkUserBinding(TestIPC.java:1823)
	at org.apache.hadoop.ipc.TestIPC.testUserBinding(TestIPC.java:1761)
	at java.base/jdk.internal.reflect.NativeMethodAccessorImpl.invoke0(Native Method)
	at java.base/jdk.internal.reflect.NativeMethodAccessorImpl.invoke(NativeMethodAccessorImpl.java:62)
	at java.base/jdk.internal.reflect.DelegatingMethodAccessorImpl.invoke(DelegatingMethodAccessorImpl.java:43)
	at java.base/java.lang.reflect.Method.invoke(Method.java:566)
	at org.junit.runners.model.FrameworkMethod$1.runReflectiveCall(FrameworkMethod.java:59)
	at org.junit.internal.runners.model.ReflectiveCallable.run(ReflectiveCallable.java:12)
	at org.junit.runners.model.FrameworkMethod.invokeExplosively(FrameworkMethod.java:56)
	at org.junit.internal.runners.statements.InvokeMethod.evaluate(InvokeMethod.java:17)
	at org.junit.internal.runners.statements.RunBefores.evaluate(RunBefores.java:26)
	at org.junit.runners.ParentRunner$3.evaluate(ParentRunner.java:306)
	at org.junit.runners.BlockJUnit4ClassRunner$1.evaluate(BlockJUnit4ClassRunner.java:100)
	at org.junit.runners.ParentRunner.runLeaf(ParentRunner.java:366)
	at org.junit.runners.BlockJUnit4ClassRunner.runChild(BlockJUnit4ClassRunner.java:103)
	at org.junit.runners.BlockJUnit4ClassRunner.runChild(BlockJUnit4ClassRunner.java:63)
	at org.junit.runners.ParentRunner$4.run(ParentRunner.java:331)
	at org.junit.runners.ParentRunner$1.schedule(ParentRunner.java:79)
	at org.junit.runners.ParentRunner.runChildren(ParentRunner.java:329)
	at org.junit.runners.ParentRunner.access$100(ParentRunner.java:66)
	at org.junit.runners.ParentRunner$2.evaluate(ParentRunner.java:293)
	at org.junit.runners.ParentRunner$3.evaluate(ParentRunner.java:306)
	at org.junit.runners.ParentRunner.run(ParentRunner.java:413)
	at org.apache.maven.surefire.junit4.JUnit4Provider.execute(JUnit4Provider.java:365)
	at org.apache.maven.surefire.junit4.JUnit4Provider.executeWithRerun(JUnit4Provider.java:273)
	at org.apache.maven.surefire.junit4.JUnit4Provider.executeTestSet(JUnit4Provider.java:238)
	at org.apache.maven.surefire.junit4.JUnit4Provider.invoke(JUnit4Provider.java:159)
	at org.apache.maven.surefire.booter.ForkedBooter.invokeProviderInSameClassLoader(ForkedBooter.java:384)
	at org.apache.maven.surefire.booter.ForkedBooter.runSuitesInProcess(ForkedBooter.java:345)
	at org.apache.maven.surefire.booter.ForkedBooter.execute(ForkedBooter.java:126)
	at org.apache.maven.surefire.booter.ForkedBooter.main(ForkedBooter.java:418)

[[1;31mERROR[m] testProxyUserBinding(org.apache.hadoop.ipc.TestIPC)  Time elapsed: 0.004 s  <<< FAILURE!
Wanted but not invoked:
socket.bind(DovelyW-1/127.0.1.1:0);
-> at org.apache.hadoop.ipc.TestIPC.checkUserBinding(TestIPC.java:1823)

However, there were exactly 5 interactions with this mock:
socket.setTcpNoDelay(true);
-> at org.apache.hadoop.ipc.Client$Connection.setupConnection(Client.java:626)

socket.setKeepAlive(true);
-> at org.apache.hadoop.ipc.Client$Connection.setupConnection(Client.java:627)

socket.getChannel();
-> at org.apache.hadoop.net.NetUtils.connect(NetUtils.java:585)

socket.connect(0.0.0.0/0.0.0.0:0, 20000);
-> at org.apache.hadoop.net.NetUtils.connect(NetUtils.java:599)

socket.close();
-> at org.apache.hadoop.ipc.Client$Connection.closeConnection(Client.java:898)


	at org.apache.hadoop.ipc.TestIPC.checkUserBinding(TestIPC.java:1823)
	at org.apache.hadoop.ipc.TestIPC.testProxyUserBinding(TestIPC.java:1766)
	at java.base/jdk.internal.reflect.NativeMethodAccessorImpl.invoke0(Native Method)
	at java.base/jdk.internal.reflect.NativeMethodAccessorImpl.invoke(NativeMethodAccessorImpl.java:62)
	at java.base/jdk.internal.reflect.DelegatingMethodAccessorImpl.invoke(DelegatingMethodAccessorImpl.java:43)
	at java.base/java.lang.reflect.Method.invoke(Method.java:566)
	at org.junit.runners.model.FrameworkMethod$1.runReflectiveCall(FrameworkMethod.java:59)
	at org.junit.internal.runners.model.ReflectiveCallable.run(ReflectiveCallable.java:12)
	at org.junit.runners.model.FrameworkMethod.invokeExplosively(FrameworkMethod.java:56)
	at org.junit.internal.runners.statements.InvokeMethod.evaluate(InvokeMethod.java:17)
	at org.junit.internal.runners.statements.RunBefores.evaluate(RunBefores.java:26)
	at org.junit.runners.ParentRunner$3.evaluate(ParentRunner.java:306)
	at org.junit.runners.BlockJUnit4ClassRunner$1.evaluate(BlockJUnit4ClassRunner.java:100)
	at org.junit.runners.ParentRunner.runLeaf(ParentRunner.java:366)
	at org.junit.runners.BlockJUnit4ClassRunner.runChild(BlockJUnit4ClassRunner.java:103)
	at org.junit.runners.BlockJUnit4ClassRunner.runChild(BlockJUnit4ClassRunner.java:63)
	at org.junit.runners.ParentRunner$4.run(ParentRunner.java:331)
	at org.junit.runners.ParentRunner$1.schedule(ParentRunner.java:79)
	at org.junit.runners.ParentRunner.runChildren(ParentRunner.java:329)
	at org.junit.runners.ParentRunner.access$100(ParentRunner.java:66)
	at org.junit.runners.ParentRunner$2.evaluate(ParentRunner.java:293)
	at org.junit.runners.ParentRunner$3.evaluate(ParentRunner.java:306)
	at org.junit.runners.ParentRunner.run(ParentRunner.java:413)
	at org.apache.maven.surefire.junit4.JUnit4Provider.execute(JUnit4Provider.java:365)
	at org.apache.maven.surefire.junit4.JUnit4Provider.executeWithRerun(JUnit4Provider.java:273)
	at org.apache.maven.surefire.junit4.JUnit4Provider.executeTestSet(JUnit4Provider.java:238)
	at org.apache.maven.surefire.junit4.JUnit4Provider.invoke(JUnit4Provider.java:159)
	at org.apache.maven.surefire.booter.ForkedBooter.invokeProviderInSameClassLoader(ForkedBooter.java:384)
	at org.apache.maven.surefire.booter.ForkedBooter.runSuitesInProcess(ForkedBooter.java:345)
	at org.apache.maven.surefire.booter.ForkedBooter.execute(ForkedBooter.java:126)
	at org.apache.maven.surefire.booter.ForkedBooter.main(ForkedBooter.java:418)

[[1;34mINFO[m] Running org.apache.hadoop.ipc.[1mTestDecayRpcScheduler[m
[[1;34mINFO[m] [1;32mTests run: [0;1;32m17[m, Failures: 0, Errors: 0, Skipped: 0, Time elapsed: 1.869 s - in org.apache.hadoop.ipc.[1mTestDecayRpcScheduler[m
[[1;34mINFO[m] Running org.apache.hadoop.ipc.[1mTestShadedProtobufHelper[m
[[1;34mINFO[m] [1;32mTests run: [0;1;32m5[m, Failures: 0, Errors: 0, Skipped: 0, Time elapsed: 0.071 s - in org.apache.hadoop.ipc.[1mTestShadedProtobufHelper[m
[[1;34mINFO[m] Running org.apache.hadoop.ipc.[1mTestReuseRpcConnections[m
[[1;34mINFO[m] [1;32mTests run: [0;1;32m2[m, Failures: 0, Errors: 0, Skipped: 0, Time elapsed: 0.244 s - in org.apache.hadoop.ipc.[1mTestReuseRpcConnections[m
[[1;34mINFO[m] Running org.apache.hadoop.ipc.[1mTestProtoBufRpc[m
[[1;33mWARNING[m] [1;33mTests [0;1mrun: [0;1m18[m, Failures: 0, Errors: 0, [1;33mSkipped: [0;1;33m8[m, Time elapsed: 6.964 s - in org.apache.hadoop.ipc.[1mTestProtoBufRpc[m
[[1;34mINFO[m] Running org.apache.hadoop.ipc.[1mTestProtoBufRpcServerHandoff[m
[[1;34mINFO[m] [1;32mTests run: [0;1;32m1[m, Failures: 0, Errors: 0, Skipped: 0, Time elapsed: 5.546 s - in org.apache.hadoop.ipc.[1mTestProtoBufRpcServerHandoff[m
[[1;34mINFO[m] Running org.apache.hadoop.ipc.[1mTestCallQueueManager[m
[[1;34mINFO[m] [1;32mTests run: [0;1;32m10[m, Failures: 0, Errors: 0, Skipped: 0, Time elapsed: 7.893 s - in org.apache.hadoop.ipc.[1mTestCallQueueManager[m
[[1;34mINFO[m] Running org.apache.hadoop.ipc.[1mTestCallerContext[m
[[1;34mINFO[m] [1;32mTests run: [0;1;32m3[m, Failures: 0, Errors: 0, Skipped: 0, Time elapsed: 0.428 s - in org.apache.hadoop.ipc.[1mTestCallerContext[m
[[1;34mINFO[m] Running org.apache.hadoop.ipc.[1mTestRPCWaitForProxy[m
[[1;34mINFO[m] [1;32mTests run: [0;1;32m2[m, Failures: 0, Errors: 0, Skipped: 0, Time elapsed: 11.133 s - in org.apache.hadoop.ipc.[1mTestRPCWaitForProxy[m
[[1;34mINFO[m] Running org.apache.hadoop.ipc.[1mTestAsyncIPC[m
[[1;34mINFO[m] [1;32mTests run: [0;1;32m8[m, Failures: 0, Errors: 0, Skipped: 0, Time elapsed: 27.555 s - in org.apache.hadoop.ipc.[1mTestAsyncIPC[m
[[1;34mINFO[m] Running org.apache.hadoop.ipc.[1mTestRetryCache[m
[[1;34mINFO[m] [1;32mTests run: [0;1;32m6[m, Failures: 0, Errors: 0, Skipped: 0, Time elapsed: 1.526 s - in org.apache.hadoop.ipc.[1mTestRetryCache[m
[[1;34mINFO[m] Running org.apache.hadoop.util.[1mTestReadWriteDiskValidator[m
[[1;34mINFO[m] [1;32mTests run: [0;1;32m2[m, Failures: 0, Errors: 0, Skipped: 0, Time elapsed: 0.443 s - in org.apache.hadoop.util.[1mTestReadWriteDiskValidator[m
[[1;34mINFO[m] Running org.apache.hadoop.util.[1mTestProtoUtil[m
[[1;34mINFO[m] [1;32mTests run: [0;1;32m2[m, Failures: 0, Errors: 0, Skipped: 0, Time elapsed: 0.407 s - in org.apache.hadoop.util.[1mTestProtoUtil[m
[[1;34mINFO[m] Running org.apache.hadoop.util.[1mTestLightWeightGSet[m
[[1;34mINFO[m] [1;32mTests run: [0;1;32m2[m, Failures: 0, Errors: 0, Skipped: 0, Time elapsed: 0.397 s - in org.apache.hadoop.util.[1mTestLightWeightGSet[m
[[1;34mINFO[m] Running org.apache.hadoop.util.[1mTestGenericsUtil[m
[[1;34mINFO[m] [1;32mTests run: [0;1;32m7[m, Failures: 0, Errors: 0, Skipped: 0, Time elapsed: 0.428 s - in org.apache.hadoop.util.[1mTestGenericsUtil[m
[[1;34mINFO[m] Running org.apache.hadoop.util.[1mTestSysInfoLinux[m
[[1;34mINFO[m] [1;32mTests run: [0;1;32m7[m, Failures: 0, Errors: 0, Skipped: 0, Time elapsed: 0.439 s - in org.apache.hadoop.util.[1mTestSysInfoLinux[m
[[1;34mINFO[m] Running org.apache.hadoop.util.bloom.[1mTestBloomFilters[m
[[1;34mINFO[m] [1;32mTests run: [0;1;32m7[m, Failures: 0, Errors: 0, Skipped: 0, Time elapsed: 4.45 s - in org.apache.hadoop.util.bloom.[1mTestBloomFilters[m
[[1;34mINFO[m] Running org.apache.hadoop.util.[1mTestDataChecksum[m
[[1;34mINFO[m] [1;32mTests run: [0;1;32m5[m, Failures: 0, Errors: 0, Skipped: 0, Time elapsed: 9.209 s - in org.apache.hadoop.util.[1mTestDataChecksum[m
[[1;34mINFO[m] Running org.apache.hadoop.util.[1mTestGSet[m
[[1;34mINFO[m] [1;32mTests run: [0;1;32m7[m, Failures: 0, Errors: 0, Skipped: 0, Time elapsed: 0.864 s - in org.apache.hadoop.util.[1mTestGSet[m
[[1;34mINFO[m] Running org.apache.hadoop.util.functional.[1mTestRemoteIterators[m
[[1;34mINFO[m] [1;32mTests run: [0;1;32m19[m, Failures: 0, Errors: 0, Skipped: 0, Time elapsed: 0.105 s - in org.apache.hadoop.util.functional.[1mTestRemoteIterators[m
[[1;34mINFO[m] Running org.apache.hadoop.util.functional.[1mTestTaskPool[m
[[1;34mINFO[m] [1;32mTests run: [0;1;32m60[m, Failures: 0, Errors: 0, Skipped: 0, Time elapsed: 0.856 s - in org.apache.hadoop.util.functional.[1mTestTaskPool[m
[[1;34mINFO[m] Running org.apache.hadoop.util.[1mTestApplicationClassLoader[m
[[1;34mINFO[m] [1;32mTests run: [0;1;32m4[m, Failures: 0, Errors: 0, Skipped: 0, Time elapsed: 0.504 s - in org.apache.hadoop.util.[1mTestApplicationClassLoader[m
[[1;34mINFO[m] Running org.apache.hadoop.util.[1mTestHttpExceptionUtils[m
[[1;34mINFO[m] [1;32mTests run: [0;1;32m7[m, Failures: 0, Errors: 0, Skipped: 0, Time elapsed: 0.678 s - in org.apache.hadoop.util.[1mTestHttpExceptionUtils[m
[[1;34mINFO[m] Running org.apache.hadoop.util.[1mTestUTF8ByteArrayUtils[m
[[1;34mINFO[m] [1;32mTests run: [0;1;32m3[m, Failures: 0, Errors: 0, Skipped: 0, Time elapsed: 0.025 s - in org.apache.hadoop.util.[1mTestUTF8ByteArrayUtils[m
[[1;34mINFO[m] Running org.apache.hadoop.util.[1mTestConfTest[m
[[1;34mINFO[m] [1;32mTests run: [0;1;32m14[m, Failures: 0, Errors: 0, Skipped: 0, Time elapsed: 0.439 s - in org.apache.hadoop.util.[1mTestConfTest[m
[[1;34mINFO[m] Running org.apache.hadoop.util.[1mTestXMLUtils[m
[[1;34mINFO[m] [1;32mTests run: [0;1;32m11[m, Failures: 0, Errors: 0, Skipped: 0, Time elapsed: 0.141 s - in org.apache.hadoop.util.[1mTestXMLUtils[m
[[1;34mINFO[m] Running org.apache.hadoop.util.[1mTestSignalLogger[m
[[1;34mINFO[m] [1;32mTests run: [0;1;32m1[m, Failures: 0, Errors: 0, Skipped: 0, Time elapsed: 0.41 s - in org.apache.hadoop.util.[1mTestSignalLogger[m
[[1;34mINFO[m] Running org.apache.hadoop.util.[1mTestStringInterner[m
[[1;34mINFO[m] [1;32mTests run: [0;1;32m3[m, Failures: 0, Errors: 0, Skipped: 0, Time elapsed: 0.395 s - in org.apache.hadoop.util.[1mTestStringInterner[m
[[1;34mINFO[m] Running org.apache.hadoop.util.[1mTestStopWatch[m
[[1;34mINFO[m] [1;32mTests run: [0;1;32m3[m, Failures: 0, Errors: 0, Skipped: 0, Time elapsed: 0.394 s - in org.apache.hadoop.util.[1mTestStopWatch[m
[[1;34mINFO[m] Running org.apache.hadoop.util.[1mTestCacheableIPList[m
[[1;34mINFO[m] [1;32mTests run: [0;1;32m4[m, Failures: 0, Errors: 0, Skipped: 0, Time elapsed: 1.531 s - in org.apache.hadoop.util.[1mTestCacheableIPList[m
[[1;34mINFO[m] Running org.apache.hadoop.util.[1mTestRunJar[m
[[1;34mINFO[m] [1;32mTests run: [0;1;32m7[m, Failures: 0, Errors: 0, Skipped: 0, Time elapsed: 0.66 s - in org.apache.hadoop.util.[1mTestRunJar[m
[[1;34mINFO[m] Running org.apache.hadoop.util.[1mTestLimitInputStream[m
[[1;34mINFO[m] [1;32mTests run: [0;1;32m3[m, Failures: 0, Errors: 0, Skipped: 0, Time elapsed: 0.075 s - in org.apache.hadoop.util.[1mTestLimitInputStream[m
[[1;34mINFO[m] Running org.apache.hadoop.util.[1mTestStringUtils[m
[[1;34mINFO[m] [1;32mTests run: [0;1;32m19[m, Failures: 0, Errors: 0, Skipped: 0, Time elapsed: 0.109 s - in org.apache.hadoop.util.[1mTestStringUtils[m
[[1;34mINFO[m] Running org.apache.hadoop.util.[1mTestCrcComposer[m
[[1;34mINFO[m] [1;32mTests run: [0;1;32m10[m, Failures: 0, Errors: 0, Skipped: 0, Time elapsed: 0.416 s - in org.apache.hadoop.util.[1mTestCrcComposer[m
[[1;34mINFO[m] Running org.apache.hadoop.util.[1mTestPureJavaCrc32[m
[[1;34mINFO[m] [1;32mTests run: [0;1;32m1[m, Failures: 0, Errors: 0, Skipped: 0, Time elapsed: 0.459 s - in org.apache.hadoop.util.[1mTestPureJavaCrc32[m
[[1;34mINFO[m] Running org.apache.hadoop.util.[1mTestChunkedArrayList[m
[[1;34mINFO[m] [1;32mTests run: [0;1;32m5[m, Failures: 0, Errors: 0, Skipped: 0, Time elapsed: 0.53 s - in org.apache.hadoop.util.[1mTestChunkedArrayList[m
[[1;34mINFO[m] Running org.apache.hadoop.util.[1mTestInstrumentedReadWriteLock[m
[[1;34mINFO[m] [1;32mTests run: [0;1;32m6[m, Failures: 0, Errors: 0, Skipped: 0, Time elapsed: 0.405 s - in org.apache.hadoop.util.[1mTestInstrumentedReadWriteLock[m
[[1;34mINFO[m] Running org.apache.hadoop.util.[1mTestShell[m
[[1;34mINFO[m] [1;32mTests run: [0;1;32m26[m, Failures: 0, Errors: 0, Skipped: 0, Time elapsed: 5.166 s - in org.apache.hadoop.util.[1mTestShell[m
[[1;34mINFO[m] Running org.apache.hadoop.util.[1mTestIntrusiveCollection[m
[[1;34mINFO[m] [1;32mTests run: [0;1;32m4[m, Failures: 0, Errors: 0, Skipped: 0, Time elapsed: 0.07 s - in org.apache.hadoop.util.[1mTestIntrusiveCollection[m
[[1;34mINFO[m] Running org.apache.hadoop.util.[1mTestDirectBufferPool[m
[[1;34mINFO[m] [1;32mTests run: [0;1;32m3[m, Failures: 0, Errors: 0, Skipped: 0, Time elapsed: 0.417 s - in org.apache.hadoop.util.[1mTestDirectBufferPool[m
[[1;34mINFO[m] Running org.apache.hadoop.util.[1mTestDiskCheckerWithDiskIo[m
[[1;34mINFO[m] [1;32mTests run: [0;1;32m5[m, Failures: 0, Errors: 0, Skipped: 0, Time elapsed: 0.431 s - in org.apache.hadoop.util.[1mTestDiskCheckerWithDiskIo[m
[[1;34mINFO[m] Running org.apache.hadoop.util.curator.[1mTestSecureZKCuratorManager[m
[[1;34mINFO[m] [1;32mTests run: [0;1;32m2[m, Failures: 0, Errors: 0, Skipped: 0, Time elapsed: 20.535 s - in org.apache.hadoop.util.curator.[1mTestSecureZKCuratorManager[m
[[1;34mINFO[m] Running org.apache.hadoop.util.curator.[1mTestZKCuratorManager[m
[[1;34mINFO[m] [1;32mTests run: [0;1;32m6[m, Failures: 0, Errors: 0, Skipped: 0, Time elapsed: 1.461 s - in org.apache.hadoop.util.curator.[1mTestZKCuratorManager[m
[[1;34mINFO[m] Running org.apache.hadoop.util.[1mTestMachineList[m
[[1;34mINFO[m] [1;32mTests run: [0;1;32m14[m, Failures: 0, Errors: 0, Skipped: 0, Time elapsed: 0.43 s - in org.apache.hadoop.util.[1mTestMachineList[m
[[1;34mINFO[m] Running org.apache.hadoop.util.[1mTestWinUtils[m
[[1;33mWARNING[m] [1;33mTests [0;1mrun: [0;1m11[m, Failures: 0, Errors: 0, [1;33mSkipped: [0;1;33m11[m, Time elapsed: 0.072 s - in org.apache.hadoop.util.[1mTestWinUtils[m
[[1;34mINFO[m] Running org.apache.hadoop.util.[1mTestProgress[m
[[1;34mINFO[m] [1;32mTests run: [0;1;32m1[m, Failures: 0, Errors: 0, Skipped: 0, Time elapsed: 0.392 s - in org.apache.hadoop.util.[1mTestProgress[m
[[1;34mINFO[m] Running org.apache.hadoop.util.[1mTestNativeCodeLoader[m
[[1;31mERROR[m] [1;31mTests [0;1mrun: [0;1m1[m, [1;31mFailures: [0;1;31m1[m, Errors: 0, Skipped: 0, Time elapsed: 0.405 s[1;31m <<< FAILURE![m - in org.apache.hadoop.util.[1mTestNativeCodeLoader[m
[[1;31mERROR[m] testNativeCodeLoaded(org.apache.hadoop.util.TestNativeCodeLoader)  Time elapsed: 0.386 s  <<< FAILURE!
java.lang.AssertionError: TestNativeCodeLoader: libhadoop.so testing was required, but libhadoop.so was not loaded.
	at org.junit.Assert.fail(Assert.java:89)
	at org.apache.hadoop.util.TestNativeCodeLoader.testNativeCodeLoaded(TestNativeCodeLoader.java:52)
	at java.base/jdk.internal.reflect.NativeMethodAccessorImpl.invoke0(Native Method)
	at java.base/jdk.internal.reflect.NativeMethodAccessorImpl.invoke(NativeMethodAccessorImpl.java:62)
	at java.base/jdk.internal.reflect.DelegatingMethodAccessorImpl.invoke(DelegatingMethodAccessorImpl.java:43)
	at java.base/java.lang.reflect.Method.invoke(Method.java:566)
	at org.junit.runners.model.FrameworkMethod$1.runReflectiveCall(FrameworkMethod.java:59)
	at org.junit.internal.runners.model.ReflectiveCallable.run(ReflectiveCallable.java:12)
	at org.junit.runners.model.FrameworkMethod.invokeExplosively(FrameworkMethod.java:56)
	at org.junit.internal.runners.statements.InvokeMethod.evaluate(InvokeMethod.java:17)
	at edu.illinois.ConfigTrackJUnit4Statement.evaluate(ConfigTrackJUnit4Statement.java:27)
	at org.junit.internal.runners.statements.FailOnTimeout$CallableStatement.call(FailOnTimeout.java:299)
	at org.junit.internal.runners.statements.FailOnTimeout$CallableStatement.call(FailOnTimeout.java:293)
	at java.base/java.util.concurrent.FutureTask.run(FutureTask.java:264)
	at java.base/java.lang.Thread.run(Thread.java:829)

[[1;34mINFO[m] Running org.apache.hadoop.util.[1mTestLightWeightCache[m
[[1;34mINFO[m] [1;32mTests run: [0;1;32m1[m, Failures: 0, Errors: 0, Skipped: 0, Time elapsed: 3.487 s - in org.apache.hadoop.util.[1mTestLightWeightCache[m
[[1;34mINFO[m] Running org.apache.hadoop.util.[1mTestBasicDiskValidator[m
[[1;34mINFO[m] [1;32mTests run: [0;1;32m14[m, Failures: 0, Errors: 0, Skipped: 0, Time elapsed: 0.802 s - in org.apache.hadoop.util.[1mTestBasicDiskValidator[m
[[1;34mINFO[m] Running org.apache.hadoop.util.[1mTestShutdownThreadsHelper[m
[[1;34mINFO[m] [1;32mTests run: [0;1;32m2[m, Failures: 0, Errors: 0, Skipped: 0, Time elapsed: 3.408 s - in org.apache.hadoop.util.[1mTestShutdownThreadsHelper[m
[[1;34mINFO[m] Running org.apache.hadoop.util.[1mTestExitUtil[m
[[1;34mINFO[m] [1;32mTests run: [0;1;32m2[m, Failures: 0, Errors: 0, Skipped: 0, Time elapsed: 0.073 s - in org.apache.hadoop.util.[1mTestExitUtil[m
[[1;34mINFO[m] Running org.apache.hadoop.util.[1mTestJsonSerialization[m
[[1;34mINFO[m] [1;32mTests run: [0;1;32m9[m, Failures: 0, Errors: 0, Skipped: 0, Time elapsed: 0.275 s - in org.apache.hadoop.util.[1mTestJsonSerialization[m
[[1;34mINFO[m] Running org.apache.hadoop.util.[1mTestPreconditions[m
[[1;34mINFO[m] [1;32mTests run: [0;1;32m6[m, Failures: 0, Errors: 0, Skipped: 0, Time elapsed: 0.409 s - in org.apache.hadoop.util.[1mTestPreconditions[m
[[1;34mINFO[m] Running org.apache.hadoop.util.[1mTestJarFinder[m
[[1;34mINFO[m] [1;32mTests run: [0;1;32m4[m, Failures: 0, Errors: 0, Skipped: 0, Time elapsed: 0.854 s - in org.apache.hadoop.util.[1mTestJarFinder[m
[[1;34mINFO[m] Running org.apache.hadoop.util.[1mTestLists[m
[[1;34mINFO[m] [1;32mTests run: [0;1;32m7[m, Failures: 0, Errors: 0, Skipped: 0, Time elapsed: 0.416 s - in org.apache.hadoop.util.[1mTestLists[m
[[1;34mINFO[m] Running org.apache.hadoop.util.[1mTestDiskValidatorFactory[m
[[1;34mINFO[m] [1;32mTests run: [0;1;32m2[m, Failures: 0, Errors: 0, Skipped: 0, Time elapsed: 0.394 s - in org.apache.hadoop.util.[1mTestDiskValidatorFactory[m
[[1;34mINFO[m] Running org.apache.hadoop.util.[1mTestAsyncDiskService[m
[[1;34mINFO[m] [1;32mTests run: [0;1;32m1[m, Failures: 0, Errors: 0, Skipped: 0, Time elapsed: 0.404 s - in org.apache.hadoop.util.[1mTestAsyncDiskService[m
[[1;34mINFO[m] Running org.apache.hadoop.util.[1mTestAutoCloseableLock[m
[[1;34mINFO[m] [1;32mTests run: [0;1;32m3[m, Failures: 0, Errors: 0, Skipped: 0, Time elapsed: 0.405 s - in org.apache.hadoop.util.[1mTestAutoCloseableLock[m
[[1;34mINFO[m] Running org.apache.hadoop.util.[1mTestOptions[m
[[1;34mINFO[m] [1;32mTests run: [0;1;32m2[m, Failures: 0, Errors: 0, Skipped: 0, Time elapsed: 0.388 s - in org.apache.hadoop.util.[1mTestOptions[m
[[1;34mINFO[m] Running org.apache.hadoop.util.[1mTestIdentityHashStore[m
[[1;34mINFO[m] [1;32mTests run: [0;1;32m3[m, Failures: 0, Errors: 0, Skipped: 0, Time elapsed: 0.407 s - in org.apache.hadoop.util.[1mTestIdentityHashStore[m
[[1;34mINFO[m] Running org.apache.hadoop.util.[1mTestReflectionUtils[m
[[1;34mINFO[m] [1;32mTests run: [0;1;32m8[m, Failures: 0, Errors: 0, Skipped: 0, Time elapsed: 0.486 s - in org.apache.hadoop.util.[1mTestReflectionUtils[m
[[1;34mINFO[m] Running org.apache.hadoop.util.[1mTestSysInfoWindows[m
[[1;34mINFO[m] [1;32mTests run: [0;1;32m4[m, Failures: 0, Errors: 0, Skipped: 0, Time elapsed: 0.398 s - in org.apache.hadoop.util.[1mTestSysInfoWindows[m
[[1;34mINFO[m] Running org.apache.hadoop.util.[1mTestGenericOptionsParser[m
[[1;34mINFO[m] [1;32mTests run: [0;1;32m8[m, Failures: 0, Errors: 0, Skipped: 0, Time elapsed: 0.569 s - in org.apache.hadoop.util.[1mTestGenericOptionsParser[m
[[1;34mINFO[m] Running org.apache.hadoop.util.[1mTestCloseableReferenceCount[m
[[1;34mINFO[m] [1;32mTests run: [0;1;32m7[m, Failures: 0, Errors: 0, Skipped: 0, Time elapsed: 0.072 s - in org.apache.hadoop.util.[1mTestCloseableReferenceCount[m
[[1;34mINFO[m] Running org.apache.hadoop.util.hash.[1mTestHash[m
[[1;34mINFO[m] [1;32mTests run: [0;1;32m1[m, Failures: 0, Errors: 0, Skipped: 0, Time elapsed: 0.433 s - in org.apache.hadoop.util.hash.[1mTestHash[m
[[1;34mINFO[m] Running org.apache.hadoop.util.[1mTestLightWeightResizableGSet[m
[[1;34mINFO[m] [1;32mTests run: [0;1;32m2[m, Failures: 0, Errors: 0, Skipped: 0, Time elapsed: 0.505 s - in org.apache.hadoop.util.[1mTestLightWeightResizableGSet[m
[[1;34mINFO[m] Running org.apache.hadoop.util.[1mTestNativeLibraryChecker[m
[[1;34mINFO[m] [1;32mTests run: [0;1;32m2[m, Failures: 0, Errors: 0, Skipped: 0, Time elapsed: 0.448 s - in org.apache.hadoop.util.[1mTestNativeLibraryChecker[m
[[1;34mINFO[m] Running org.apache.hadoop.util.[1mTestIndexedSort[m
[[1;34mINFO[m] [1;32mTests run: [0;1;32m2[m, Failures: 0, Errors: 0, Skipped: 0, Time elapsed: 0.569 s - in org.apache.hadoop.util.[1mTestIndexedSort[m
[[1;34mINFO[m] Running org.apache.hadoop.util.[1mTestInstrumentedLock[m
[[1;34mINFO[m] [1;32mTests run: [0;1;32m4[m, Failures: 0, Errors: 0, Skipped: 0, Time elapsed: 0.547 s - in org.apache.hadoop.util.[1mTestInstrumentedLock[m
[[1;34mINFO[m] Running org.apache.hadoop.util.[1mTestDurationInfo[m
[[1;34mINFO[m] [1;32mTests run: [0;1;32m3[m, Failures: 0, Errors: 0, Skipped: 0, Time elapsed: 2.417 s - in org.apache.hadoop.util.[1mTestDurationInfo[m
[[1;34mINFO[m] Running org.apache.hadoop.util.[1mTestTime[m
[[1;34mINFO[m] [1;32mTests run: [0;1;32m1[m, Failures: 0, Errors: 0, Skipped: 0, Time elapsed: 0.397 s - in org.apache.hadoop.util.[1mTestTime[m
[[1;34mINFO[m] Running org.apache.hadoop.util.[1mTestCrcUtil[m
[[1;34mINFO[m] [1;32mTests run: [0;1;32m13[m, Failures: 0, Errors: 0, Skipped: 0, Time elapsed: 0.422 s - in org.apache.hadoop.util.[1mTestCrcUtil[m
[[1;34mINFO[m] Running org.apache.hadoop.util.[1mTestFindClass[m
[[1;34mINFO[m] [1;32mTests run: [0;1;32m16[m, Failures: 0, Errors: 0, Skipped: 0, Time elapsed: 0.14 s - in org.apache.hadoop.util.[1mTestFindClass[m
[[1;34mINFO[m] Running org.apache.hadoop.util.[1mTestClassUtil[m
[[1;34mINFO[m] [1;32mTests run: [0;1;32m1[m, Failures: 0, Errors: 0, Skipped: 0, Time elapsed: 0.396 s - in org.apache.hadoop.util.[1mTestClassUtil[m
[[1;34mINFO[m] Running org.apache.hadoop.util.[1mTestFileBasedIPList[m
[[1;34mINFO[m] [1;32mTests run: [0;1;32m8[m, Failures: 0, Errors: 0, Skipped: 0, Time elapsed: 0.415 s - in org.apache.hadoop.util.[1mTestFileBasedIPList[m
[[1;34mINFO[m] Running org.apache.hadoop.util.[1mTestDiskChecker[m
[[1;34mINFO[m] [1;32mTests run: [0;1;32m14[m, Failures: 0, Errors: 0, Skipped: 0, Time elapsed: 0.805 s - in org.apache.hadoop.util.[1mTestDiskChecker[m
[[1;34mINFO[m] Running org.apache.hadoop.util.[1mTestLineReader[m
[[1;34mINFO[m] [1;32mTests run: [0;1;32m3[m, Failures: 0, Errors: 0, Skipped: 0, Time elapsed: 0.418 s - in org.apache.hadoop.util.[1mTestLineReader[m
[[1;34mINFO[m] Running org.apache.hadoop.util.[1mTestShutdownHookManager[m
[[1;34mINFO[m] [1;32mTests run: [0;1;32m5[m, Failures: 0, Errors: 0, Skipped: 0, Time elapsed: 3.464 s - in org.apache.hadoop.util.[1mTestShutdownHookManager[m
[[1;34mINFO[m] Running org.apache.hadoop.util.[1mTestZKUtil[m
[[1;34mINFO[m] [1;32mTests run: [0;1;32m9[m, Failures: 0, Errors: 0, Skipped: 0, Time elapsed: 0.421 s - in org.apache.hadoop.util.[1mTestZKUtil[m
[[1;34mINFO[m] Running org.apache.hadoop.util.[1mTestNativeCrc32[m
[[1;33mWARNING[m] [1;33mTests [0;1mrun: [0;1m22[m, Failures: 0, Errors: 0, [1;33mSkipped: [0;1;33m22[m, Time elapsed: 0.066 s - in org.apache.hadoop.util.[1mTestNativeCrc32[m
[[1;34mINFO[m] Running org.apache.hadoop.util.[1mTestCpuTimeTracker[m
[[1;34mINFO[m] [1;32mTests run: [0;1;32m1[m, Failures: 0, Errors: 0, Skipped: 0, Time elapsed: 2.409 s - in org.apache.hadoop.util.[1mTestCpuTimeTracker[m
[[1;34mINFO[m] Running org.apache.hadoop.util.[1mTestVersionUtil[m
[[1;34mINFO[m] [1;32mTests run: [0;1;32m1[m, Failures: 0, Errors: 0, Skipped: 0, Time elapsed: 0.396 s - in org.apache.hadoop.util.[1mTestVersionUtil[m
[[1;34mINFO[m] Running org.apache.hadoop.util.[1mTestHostsFileReader[m
[[1;34mINFO[m] [1;32mTests run: [0;1;32m10[m, Failures: 0, Errors: 0, Skipped: 0, Time elapsed: 0.423 s - in org.apache.hadoop.util.[1mTestHostsFileReader[m
[[1;34mINFO[m] Running org.apache.hadoop.util.[1mTestFastNumberFormat[m
[[1;34mINFO[m] [1;32mTests run: [0;1;32m1[m, Failures: 0, Errors: 0, Skipped: 0, Time elapsed: 0.401 s - in org.apache.hadoop.util.[1mTestFastNumberFormat[m
[[1;34mINFO[m] Running org.apache.hadoop.util.[1mTestWeakReferenceMap[m
[[1;34mINFO[m] [1;32mTests run: [0;1;32m5[m, Failures: 0, Errors: 0, Skipped: 0, Time elapsed: 0.086 s - in org.apache.hadoop.util.[1mTestWeakReferenceMap[m
[[1;34mINFO[m] Running org.apache.hadoop.util.[1mTestClasspath[m
[[1;34mINFO[m] [1;32mTests run: [0;1;32m7[m, Failures: 0, Errors: 0, Skipped: 0, Time elapsed: 0.434 s - in org.apache.hadoop.util.[1mTestClasspath[m
[[1;34mINFO[m] Running org.apache.hadoop.security.[1mTestIngressPortBasedResolver[m
[[1;34mINFO[m] [1;32mTests run: [0;1;32m1[m, Failures: 0, Errors: 0, Skipped: 0, Time elapsed: 0.429 s - in org.apache.hadoop.security.[1mTestIngressPortBasedResolver[m
[[1;34mINFO[m] Running org.apache.hadoop.security.[1mTestCompositeGroupMapping[m
[[1;34mINFO[m] [1;32mTests run: [0;1;32m3[m, Failures: 0, Errors: 0, Skipped: 0, Time elapsed: 0.503 s - in org.apache.hadoop.security.[1mTestCompositeGroupMapping[m
[[1;34mINFO[m] Running org.apache.hadoop.security.[1mTestUGILoginFromKeytab[m
[[1;34mINFO[m] [1;32mTests run: [0;1;32m12[m, Failures: 0, Errors: 0, Skipped: 0, Time elapsed: 18.965 s - in org.apache.hadoop.security.[1mTestUGILoginFromKeytab[m
[[1;34mINFO[m] Running org.apache.hadoop.security.http.[1mTestXFrameOptionsFilter[m
[[1;34mINFO[m] [1;32mTests run: [0;1;32m2[m, Failures: 0, Errors: 0, Skipped: 0, Time elapsed: 0.579 s - in org.apache.hadoop.security.http.[1mTestXFrameOptionsFilter[m
[[1;34mINFO[m] Running org.apache.hadoop.security.http.[1mTestCrossOriginFilter[m
[[1;34mINFO[m] [1;32mTests run: [0;1;32m12[m, Failures: 0, Errors: 0, Skipped: 0, Time elapsed: 0.581 s - in org.apache.hadoop.security.http.[1mTestCrossOriginFilter[m
[[1;34mINFO[m] Running org.apache.hadoop.security.http.[1mTestRestCsrfPreventionFilter[m
[[1;34mINFO[m] [1;32mTests run: [0;1;32m10[m, Failures: 0, Errors: 0, Skipped: 0, Time elapsed: 0.595 s - in org.apache.hadoop.security.http.[1mTestRestCsrfPreventionFilter[m
[[1;34mINFO[m] Running org.apache.hadoop.security.[1mTestGroupFallback[m
[[1;34mINFO[m] [1;32mTests run: [0;1;32m4[m, Failures: 0, Errors: 0, Skipped: 0, Time elapsed: 0.483 s - in org.apache.hadoop.security.[1mTestGroupFallback[m
[[1;34mINFO[m] Running org.apache.hadoop.security.alias.[1mTestCredentialProvider[m
[[1;34mINFO[m] [1;32mTests run: [0;1;32m2[m, Failures: 0, Errors: 0, Skipped: 0, Time elapsed: 0.413 s - in org.apache.hadoop.security.alias.[1mTestCredentialProvider[m
[[1;34mINFO[m] Running org.apache.hadoop.security.alias.[1mTestCredentialProviderFactory[m
[[1;31mERROR[m] [1;31mTests [0;1mrun: [0;1m7[m, [1;31mFailures: [0;1;31m1[m, Errors: 0, Skipped: 0, Time elapsed: 1.53 s[1;31m <<< FAILURE![m - in org.apache.hadoop.security.alias.[1mTestCredentialProviderFactory[m
[[1;31mERROR[m] testLocalBCFKSProvider(org.apache.hadoop.security.alias.TestCredentialProviderFactory)  Time elapsed: 0.012 s  <<< FAILURE!
java.lang.AssertionError: expected java.io.IOException to be thrown, but nothing was thrown
	at org.junit.Assert.assertThrows(Assert.java:1028)
	at org.junit.Assert.assertThrows(Assert.java:981)
	at org.apache.hadoop.security.alias.TestCredentialProviderFactory.testLocalBCFKSProvider(TestCredentialProviderFactory.java:262)
	at java.base/jdk.internal.reflect.NativeMethodAccessorImpl.invoke0(Native Method)
	at java.base/jdk.internal.reflect.NativeMethodAccessorImpl.invoke(NativeMethodAccessorImpl.java:62)
	at java.base/jdk.internal.reflect.DelegatingMethodAccessorImpl.invoke(DelegatingMethodAccessorImpl.java:43)
	at java.base/java.lang.reflect.Method.invoke(Method.java:566)
	at org.junit.runners.model.FrameworkMethod$1.runReflectiveCall(FrameworkMethod.java:59)
	at org.junit.internal.runners.model.ReflectiveCallable.run(ReflectiveCallable.java:12)
	at org.junit.runners.model.FrameworkMethod.invokeExplosively(FrameworkMethod.java:56)
	at org.junit.internal.runners.statements.InvokeMethod.evaluate(InvokeMethod.java:17)
	at edu.illinois.ConfigTrackJUnit4Statement.evaluate(ConfigTrackJUnit4Statement.java:27)
	at org.junit.internal.runners.statements.FailOnTimeout$CallableStatement.call(FailOnTimeout.java:299)
	at org.junit.internal.runners.statements.FailOnTimeout$CallableStatement.call(FailOnTimeout.java:293)
	at java.base/java.util.concurrent.FutureTask.run(FutureTask.java:264)
	at java.base/java.lang.Thread.run(Thread.java:829)

[[1;34mINFO[m] Running org.apache.hadoop.security.alias.[1mTestCredShell[m
[[1;34mINFO[m] [1;32mTests run: [0;1;32m12[m, Failures: 0, Errors: 0, Skipped: 0, Time elapsed: 0.778 s - in org.apache.hadoop.security.alias.[1mTestCredShell[m
[[1;34mINFO[m] Running org.apache.hadoop.security.[1mTestCredentials[m
[[1;34mINFO[m] [1;32mTests run: [0;1;32m10[m, Failures: 0, Errors: 0, Skipped: 0, Time elapsed: 0.464 s - in org.apache.hadoop.security.[1mTestCredentials[m
[[1;34mINFO[m] Running org.apache.hadoop.security.[1mTestKDiag[m
[[1;34mINFO[m] [1;32mTests run: [0;1;32m13[m, Failures: 0, Errors: 0, Skipped: 0, Time elapsed: 1.354 s - in org.apache.hadoop.security.[1mTestKDiag[m
[[1;34mINFO[m] Running org.apache.hadoop.security.authorize.[1mTestProxyUsers[m
[[1;34mINFO[m] [1;32mTests run: [0;1;32m17[m, Failures: 0, Errors: 0, Skipped: 0, Time elapsed: 0.501 s - in org.apache.hadoop.security.authorize.[1mTestProxyUsers[m
[[1;34mINFO[m] Running org.apache.hadoop.security.authorize.[1mTestDefaultImpersonationProvider[m
[[1;34mINFO[m] [1;32mTests run: [0;1;32m2[m, Failures: 0, Errors: 0, Skipped: 0, Time elapsed: 0.635 s - in org.apache.hadoop.security.authorize.[1mTestDefaultImpersonationProvider[m
[[1;34mINFO[m] Running org.apache.hadoop.security.authorize.[1mTestProxyServers[m
[[1;34mINFO[m] [1;32mTests run: [0;1;32m1[m, Failures: 0, Errors: 0, Skipped: 0, Time elapsed: 0.45 s - in org.apache.hadoop.security.authorize.[1mTestProxyServers[m
[[1;34mINFO[m] Running org.apache.hadoop.security.authorize.[1mTestAccessControlList[m
[[1;34mINFO[m] [1;32mTests run: [0;1;32m9[m, Failures: 0, Errors: 0, Skipped: 0, Time elapsed: 0.65 s - in org.apache.hadoop.security.authorize.[1mTestAccessControlList[m
[[1;34mINFO[m] Running org.apache.hadoop.security.authorize.[1mTestServiceAuthorization[m
[[1;34mINFO[m] [1;32mTests run: [0;1;32m8[m, Failures: 0, Errors: 0, Skipped: 0, Time elapsed: 0.511 s - in org.apache.hadoop.security.authorize.[1mTestServiceAuthorization[m
[[1;34mINFO[m] Running org.apache.hadoop.security.[1mTestNullGroupsMapping[m
[[1;34mINFO[m] [1;32mTests run: [0;1;32m1[m, Failures: 0, Errors: 0, Skipped: 0, Time elapsed: 0.396 s - in org.apache.hadoop.security.[1mTestNullGroupsMapping[m
[[1;34mINFO[m] Running org.apache.hadoop.security.[1mTestRuleBasedLdapGroupsMapping[m
[[1;34mINFO[m] [1;32mTests run: [0;1;32m3[m, Failures: 0, Errors: 0, Skipped: 0, Time elapsed: 0.602 s - in org.apache.hadoop.security.[1mTestRuleBasedLdapGroupsMapping[m
[[1;34mINFO[m] Running org.apache.hadoop.security.[1mTestSecurityUtil[m
[[1;34mINFO[m] [1;32mTests run: [0;1;32m21[m, Failures: 0, Errors: 0, Skipped: 0, Time elapsed: 0.778 s - in org.apache.hadoop.security.[1mTestSecurityUtil[m
[[1;34mINFO[m] Running org.apache.hadoop.security.token.[1mTestToken[m
[[1;34mINFO[m] [1;32mTests run: [0;1;32m4[m, Failures: 0, Errors: 0, Skipped: 0, Time elapsed: 0.442 s - in org.apache.hadoop.security.token.[1mTestToken[m
[[1;34mINFO[m] Running org.apache.hadoop.security.token.delegation.[1mTestZKDelegationTokenSecretManager[m
[[1;34mINFO[m] [1;32mTests run: [0;1;32m12[m, Failures: 0, Errors: 0, Skipped: 0, Time elapsed: 20.31 s - in org.apache.hadoop.security.token.delegation.[1mTestZKDelegationTokenSecretManager[m
[[1;34mINFO[m] Running org.apache.hadoop.security.token.delegation.web.[1mTestDelegationTokenManager[m
[[1;34mINFO[m] [1;32mTests run: [0;1;32m2[m, Failures: 0, Errors: 0, Skipped: 0, Time elapsed: 0.16 s - in org.apache.hadoop.security.token.delegation.web.[1mTestDelegationTokenManager[m
[[1;34mINFO[m] Running org.apache.hadoop.security.token.delegation.web.[1mTestDelegationTokenAuthenticationHandlerWithMocks[m
[[1;34mINFO[m] [1;32mTests run: [0;1;32m5[m, Failures: 0, Errors: 0, Skipped: 0, Time elapsed: 0.734 s - in org.apache.hadoop.security.token.delegation.web.[1mTestDelegationTokenAuthenticationHandlerWithMocks[m
[[1;34mINFO[m] Running org.apache.hadoop.security.token.delegation.web.[1mTestWebDelegationToken[m
[[1;34mINFO[m] [1;32mTests run: [0;1;32m12[m, Failures: 0, Errors: 0, Skipped: 0, Time elapsed: 3 s - in org.apache.hadoop.security.token.delegation.web.[1mTestWebDelegationToken[m
[[1;34mINFO[m] Running org.apache.hadoop.security.token.delegation.[1mTestDelegationToken[m
[[1;34mINFO[m] [1;32mTests run: [0;1;32m19[m, Failures: 0, Errors: 0, Skipped: 0, Time elapsed: 31.082 s - in org.apache.hadoop.security.token.delegation.[1mTestDelegationToken[m
[[1;34mINFO[m] Running org.apache.hadoop.security.token.[1mTestDtUtilShell[m
[[1;34mINFO[m] [1;32mTests run: [0;1;32m11[m, Failures: 0, Errors: 0, Skipped: 0, Time elapsed: 0.782 s - in org.apache.hadoop.security.token.[1mTestDtUtilShell[m
[[1;34mINFO[m] Running org.apache.hadoop.security.[1mTestShellBasedUnixGroupsMapping[m
[[1;34mINFO[m] [1;32mTests run: [0;1;32m6[m, Failures: 0, Errors: 0, Skipped: 0, Time elapsed: 2.661 s - in org.apache.hadoop.security.[1mTestShellBasedUnixGroupsMapping[m
[[1;34mINFO[m] Running org.apache.hadoop.security.[1mTestWhitelistBasedResolver[m
[[1;34mINFO[m] [1;32mTests run: [0;1;32m3[m, Failures: 0, Errors: 0, Skipped: 0, Time elapsed: 0.455 s - in org.apache.hadoop.security.[1mTestWhitelistBasedResolver[m
[[1;34mINFO[m] Running org.apache.hadoop.security.[1mTestUGIWithMiniKdc[m
[[1;34mINFO[m] [1;32mTests run: [0;1;32m1[m, Failures: 0, Errors: 0, Skipped: 0, Time elapsed: 3.069 s - in org.apache.hadoop.security.[1mTestUGIWithMiniKdc[m
[[1;34mINFO[m] Running org.apache.hadoop.security.[1mTestLdapGroupsMappingWithPosixGroup[m
[[1;34mINFO[m] [1;32mTests run: [0;1;32m1[m, Failures: 0, Errors: 0, Skipped: 0, Time elapsed: 0.308 s - in org.apache.hadoop.security.[1mTestLdapGroupsMappingWithPosixGroup[m
[[1;34mINFO[m] Running org.apache.hadoop.security.[1mTestProxyUserFromEnv[m
[[1;34mINFO[m] [1;32mTests run: [0;1;32m1[m, Failures: 0, Errors: 0, Skipped: 0, Time elapsed: 0.476 s - in org.apache.hadoop.security.[1mTestProxyUserFromEnv[m
[[1;34mINFO[m] Running org.apache.hadoop.security.authentication.server.[1mTestProxyUserAuthenticationFilter[m
[[1;34mINFO[m] [1;32mTests run: [0;1;32m1[m, Failures: 0, Errors: 0, Skipped: 0, Time elapsed: 0.634 s - in org.apache.hadoop.security.authentication.server.[1mTestProxyUserAuthenticationFilter[m
[[1;34mINFO[m] Running org.apache.hadoop.security.[1mTestAuthenticationFilter[m
[[1;34mINFO[m] [1;32mTests run: [0;1;32m1[m, Failures: 0, Errors: 0, Skipped: 0, Time elapsed: 0.561 s - in org.apache.hadoop.security.[1mTestAuthenticationFilter[m
[[1;34mINFO[m] Running org.apache.hadoop.security.[1mTestLdapGroupsMappingWithBindUserSwitch[m
[[1;34mINFO[m] [1;32mTests run: [0;1;32m4[m, Failures: 0, Errors: 0, Skipped: 0, Time elapsed: 0.721 s - in org.apache.hadoop.security.[1mTestLdapGroupsMappingWithBindUserSwitch[m
[[1;34mINFO[m] Running org.apache.hadoop.security.[1mTestDoAsEffectiveUser[m
[[1;34mINFO[m] [1;32mTests run: [0;1;32m9[m, Failures: 0, Errors: 0, Skipped: 0, Time elapsed: 0.306 s - in org.apache.hadoop.security.[1mTestDoAsEffectiveUser[m
[[1;34mINFO[m] Running org.apache.hadoop.security.[1mTestKDiagNoKDC[m
[[1;34mINFO[m] [1;32mTests run: [0;1;32m5[m, Failures: 0, Errors: 0, Skipped: 0, Time elapsed: 0.187 s - in org.apache.hadoop.security.[1mTestKDiagNoKDC[m
[[1;34mINFO[m] Running org.apache.hadoop.security.[1mTestLdapGroupsMapping[m
[[1;34mINFO[m] [1;32mTests run: [0;1;32m13[m, Failures: 0, Errors: 0, Skipped: 0, Time elapsed: 8.005 s - in org.apache.hadoop.security.[1mTestLdapGroupsMapping[m
[[1;34mINFO[m] Running org.apache.hadoop.security.[1mTestUGIWithExternalKdc[m
[[1;33mWARNING[m] [1;33mTests [0;1mrun: [0;1m1[m, Failures: 0, Errors: 0, [1;33mSkipped: [0;1;33m1[m, Time elapsed: 0.023 s - in org.apache.hadoop.security.[1mTestUGIWithExternalKdc[m
[[1;34mINFO[m] Running org.apache.hadoop.security.ssl.[1mTestDelegatingSSLSocketFactory[m
[[1;33mWARNING[m] [1;33mTests [0;1mrun: [0;1m2[m, Failures: 0, Errors: 0, [1;33mSkipped: [0;1;33m2[m, Time elapsed: 0.39 s - in org.apache.hadoop.security.ssl.[1mTestDelegatingSSLSocketFactory[m
[[1;34mINFO[m] Running org.apache.hadoop.security.ssl.[1mTestSSLFactory[m
[[1;34mINFO[m] [1;32mTests run: [0;1;32m20[m, Failures: 0, Errors: 0, Skipped: 0, Time elapsed: 1.079 s - in org.apache.hadoop.security.ssl.[1mTestSSLFactory[m
[[1;34mINFO[m] Running org.apache.hadoop.security.ssl.[1mTestReloadingX509TrustManager[m
[[1;34mINFO[m] [1;32mTests run: [0;1;32m6[m, Failures: 0, Errors: 0, Skipped: 0, Time elapsed: 4.559 s - in org.apache.hadoop.security.ssl.[1mTestReloadingX509TrustManager[m
[[1;34mINFO[m] Running org.apache.hadoop.security.ssl.[1mTestReloadingX509KeyManager[m
[[1;34mINFO[m] [1;32mTests run: [0;1;32m5[m, Failures: 0, Errors: 0, Skipped: 0, Time elapsed: 4.576 s - in org.apache.hadoop.security.ssl.[1mTestReloadingX509KeyManager[m
[[1;34mINFO[m] Running org.apache.hadoop.security.[1mTestUserFromEnv[m
[[1;34mINFO[m] [1;32mTests run: [0;1;32m1[m, Failures: 0, Errors: 0, Skipped: 0, Time elapsed: 0.467 s - in org.apache.hadoop.security.[1mTestUserFromEnv[m
[[1;34mINFO[m] Running org.apache.hadoop.security.[1mTestUserGroupInformation[m
[[1;34mINFO[m] [1;32mTests run: [0;1;32m41[m, Failures: 0, Errors: 0, Skipped: 0, Time elapsed: 2.87 s - in org.apache.hadoop.security.[1mTestUserGroupInformation[m
[[1;34mINFO[m] Running org.apache.hadoop.security.[1mTestRaceWhenRelogin[m
[[1;34mINFO[m] [1;32mTests run: [0;1;32m1[m, Failures: 0, Errors: 0, Skipped: 0, Time elapsed: 6.749 s - in org.apache.hadoop.security.[1mTestRaceWhenRelogin[m
[[1;34mINFO[m] Running org.apache.hadoop.security.[1mTestLdapGroupsMappingWithFailover[m
[[1;34mINFO[m] [1;32mTests run: [0;1;32m2[m, Failures: 0, Errors: 0, Skipped: 0, Time elapsed: 0.315 s - in org.apache.hadoop.security.[1mTestLdapGroupsMappingWithFailover[m
[[1;34mINFO[m] Running org.apache.hadoop.security.[1mTestFixKerberosTicketOrder[m
[[1;34mINFO[m] [1;32mTests run: [0;1;32m2[m, Failures: 0, Errors: 0, Skipped: 0, Time elapsed: 2.935 s - in org.apache.hadoop.security.[1mTestFixKerberosTicketOrder[m
[[1;34mINFO[m] Running org.apache.hadoop.security.[1mTestHttpCrossOriginFilterInitializer[m
[[1;34mINFO[m] [1;32mTests run: [0;1;32m1[m, Failures: 0, Errors: 0, Skipped: 0, Time elapsed: 0.427 s - in org.apache.hadoop.security.[1mTestHttpCrossOriginFilterInitializer[m
[[1;34mINFO[m] Running org.apache.hadoop.security.[1mTestLdapGroupsMappingWithOneQuery[m
[[1;34mINFO[m] [1;32mTests run: [0;1;32m1[m, Failures: 0, Errors: 0, Skipped: 0, Time elapsed: 0.321 s - in org.apache.hadoop.security.[1mTestLdapGroupsMappingWithOneQuery[m
[[1;34mINFO[m] Running org.apache.hadoop.security.[1mTestJNIGroupsMapping[m
[[1;33mWARNING[m] [1;33mTests [0;1mrun: [0;1m1[m, Failures: 0, Errors: 0, [1;33mSkipped: [0;1;33m1[m, Time elapsed: 0.06 s - in org.apache.hadoop.security.[1mTestJNIGroupsMapping[m
[[1;34mINFO[m] Running org.apache.hadoop.security.[1mTestGroupsCaching[m
[[1;34mINFO[m] [1;32mTests run: [0;1;32m16[m, Failures: 0, Errors: 0, Skipped: 0, Time elapsed: 1.253 s - in org.apache.hadoop.security.[1mTestGroupsCaching[m
[[1;34mINFO[m] Running org.apache.hadoop.security.[1mTestNetgroupCache[m
[[1;34mINFO[m] [1;32mTests run: [0;1;32m3[m, Failures: 0, Errors: 0, Skipped: 0, Time elapsed: 0.415 s - in org.apache.hadoop.security.[1mTestNetgroupCache[m
[[1;34mINFO[m] Running org.apache.hadoop.security.[1mTestShellBasedIdMapping[m
[[1;34mINFO[m] [1;32mTests run: [0;1;32m7[m, Failures: 0, Errors: 0, Skipped: 0, Time elapsed: 9.006 s - in org.apache.hadoop.security.[1mTestShellBasedIdMapping[m
[[1;34mINFO[m] Running org.apache.hadoop.test.[1mTestMultithreadedTestUtil[m
[[1;34mINFO[m] [1;32mTests run: [0;1;32m4[m, Failures: 0, Errors: 0, Skipped: 0, Time elapsed: 3.409 s - in org.apache.hadoop.test.[1mTestMultithreadedTestUtil[m
[[1;34mINFO[m] Running org.apache.hadoop.test.[1mTestJUnitSetup[m
[[1;34mINFO[m] [1;32mTests run: [0;1;32m1[m, Failures: 0, Errors: 0, Skipped: 0, Time elapsed: 0.393 s - in org.apache.hadoop.test.[1mTestJUnitSetup[m
[[1;34mINFO[m] Running org.apache.hadoop.test.[1mTestTimedOutTestsListener[m
[[1;34mINFO[m] [1;32mTests run: [0;1;32m1[m, Failures: 0, Errors: 0, Skipped: 0, Time elapsed: 0.411 s - in org.apache.hadoop.test.[1mTestTimedOutTestsListener[m
[[1;34mINFO[m] Running org.apache.hadoop.test.[1mTestLambdaTestUtils[m
[[1;34mINFO[m] [1;32mTests run: [0;1;32m43[m, Failures: 0, Errors: 0, Skipped: 0, Time elapsed: 0.616 s - in org.apache.hadoop.test.[1mTestLambdaTestUtils[m
[[1;34mINFO[m] Running org.apache.hadoop.test.[1mTestGenericTestUtils[m
[[1;34mINFO[m] [1;32mTests run: [0;1;32m8[m, Failures: 0, Errors: 0, Skipped: 0, Time elapsed: 0.075 s - in org.apache.hadoop.test.[1mTestGenericTestUtils[m
[[1;34mINFO[m] Running org.apache.hadoop.io.[1mTestBoundedByteArrayOutputStream[m
[[1;34mINFO[m] [1;32mTests run: [0;1;32m2[m, Failures: 0, Errors: 0, Skipped: 0, Time elapsed: 0.401 s - in org.apache.hadoop.io.[1mTestBoundedByteArrayOutputStream[m
[[1;34mINFO[m] Running org.apache.hadoop.io.[1mTestObjectWritableProtos[m
[[1;34mINFO[m] [1;32mTests run: [0;1;32m3[m, Failures: 0, Errors: 0, Skipped: 0, Time elapsed: 0.409 s - in org.apache.hadoop.io.[1mTestObjectWritableProtos[m
[[1;34mINFO[m] Running org.apache.hadoop.io.[1mTestSortedMapWritable[m
[[1;34mINFO[m] [1;32mTests run: [0;1;32m4[m, Failures: 0, Errors: 0, Skipped: 0, Time elapsed: 0.413 s - in org.apache.hadoop.io.[1mTestSortedMapWritable[m
[[1;34mINFO[m] Running org.apache.hadoop.io.[1mTestSequenceFileSerialization[m
[[1;34mINFO[m] [1;32mTests run: [0;1;32m1[m, Failures: 0, Errors: 0, Skipped: 0, Time elapsed: 0.505 s - in org.apache.hadoop.io.[1mTestSequenceFileSerialization[m
[[1;34mINFO[m] Running org.apache.hadoop.io.compress.[1mTestCompressorDecompressor[m
[[1;34mINFO[m] [1;32mTests run: [0;1;32m2[m, Failures: 0, Errors: 0, Skipped: 0, Time elapsed: 0.452 s - in org.apache.hadoop.io.compress.[1mTestCompressorDecompressor[m
[[1;34mINFO[m] Running org.apache.hadoop.io.compress.[1mTestDecompressorStream[m
[[1;34mINFO[m] [1;32mTests run: [0;1;32m3[m, Failures: 0, Errors: 0, Skipped: 0, Time elapsed: 0.405 s - in org.apache.hadoop.io.compress.[1mTestDecompressorStream[m
[[1;34mINFO[m] Running org.apache.hadoop.io.compress.[1mTestCompressionStreamReuse[m
[[1;33mWARNING[m] [1;33mTests [0;1mrun: [0;1m4[m, Failures: 0, Errors: 0, [1;33mSkipped: [0;1;33m1[m, Time elapsed: 1.369 s - in org.apache.hadoop.io.compress.[1mTestCompressionStreamReuse[m
[[1;34mINFO[m] Running org.apache.hadoop.io.compress.[1mTestBlockDecompressorStream[m
[[1;34mINFO[m] [1;32mTests run: [0;1;32m3[m, Failures: 0, Errors: 0, Skipped: 0, Time elapsed: 0.389 s - in org.apache.hadoop.io.compress.[1mTestBlockDecompressorStream[m
[[1;34mINFO[m] Running org.apache.hadoop.io.compress.[1mTestCodecFactory[m
[[1;34mINFO[m] [1;32mTests run: [0;1;32m1[m, Failures: 0, Errors: 0, Skipped: 0, Time elapsed: 0.446 s - in org.apache.hadoop.io.compress.[1mTestCodecFactory[m
[[1;34mINFO[m] Running org.apache.hadoop.io.compress.lz4.[1mTestLz4CompressorDecompressor[m
[[1;34mINFO[m] [1;32mTests run: [0;1;32m14[m, Failures: 0, Errors: 0, Skipped: 0, Time elapsed: 0.542 s - in org.apache.hadoop.io.compress.lz4.[1mTestLz4CompressorDecompressor[m
[[1;34mINFO[m] Running org.apache.hadoop.io.compress.zstd.[1mTestZStandardCompressorDecompressor[m
[[1;33mWARNING[m] [1;33mTests [0;1mrun: [0;1m20[m, Failures: 0, Errors: 0, [1;33mSkipped: [0;1;33m20[m, Time elapsed: 0.115 s - in org.apache.hadoop.io.compress.zstd.[1mTestZStandardCompressorDecompressor[m
[[1;34mINFO[m] Running org.apache.hadoop.io.compress.[1mTestBZip2Codec[m
[[1;34mINFO[m] [1;32mTests run: [0;1;32m1[m, Failures: 0, Errors: 0, Skipped: 0, Time elapsed: 1.645 s - in org.apache.hadoop.io.compress.[1mTestBZip2Codec[m
[[1;34mINFO[m] Running org.apache.hadoop.io.compress.snappy.[1mTestSnappyCompressorDecompressor[m
[[1;34mINFO[m] [1;32mTests run: [0;1;32m16[m, Failures: 0, Errors: 0, Skipped: 0, Time elapsed: 0.488 s - in org.apache.hadoop.io.compress.snappy.[1mTestSnappyCompressorDecompressor[m
[[1;34mINFO[m] Running org.apache.hadoop.io.compress.zlib.[1mTestZlibCompressorDecompressor[m
[[1;33mWARNING[m] [1;33mTests [0;1mrun: [0;1m10[m, Failures: 0, Errors: 0, [1;33mSkipped: [0;1;33m10[m, Time elapsed: 0.076 s - in org.apache.hadoop.io.compress.zlib.[1mTestZlibCompressorDecompressor[m
[[1;34mINFO[m] Running org.apache.hadoop.io.compress.[1mTestCodecPool[m
[[1;34mINFO[m] [1;32mTests run: [0;1;32m8[m, Failures: 0, Errors: 0, Skipped: 0, Time elapsed: 0.464 s - in org.apache.hadoop.io.compress.[1mTestCodecPool[m
[[1;34mINFO[m] Running org.apache.hadoop.io.compress.bzip2.[1mTestBzip2CompressorDecompressor[m
[[1;33mWARNING[m] [1;33mTests [0;1mrun: [0;1m2[m, Failures: 0, Errors: 0, [1;33mSkipped: [0;1;33m2[m, Time elapsed: 0.098 s - in org.apache.hadoop.io.compress.bzip2.[1mTestBzip2CompressorDecompressor[m
[[1;34mINFO[m] Running org.apache.hadoop.io.compress.bzip2.[1mTestBZip2TextFileWriter[m
[[1;34mINFO[m] [1;32mTests run: [0;1;32m4[m, Failures: 0, Errors: 0, Skipped: 0, Time elapsed: 2.454 s - in org.apache.hadoop.io.compress.bzip2.[1mTestBZip2TextFileWriter[m
[[1;34mINFO[m] Running org.apache.hadoop.io.compress.[1mTestGzipCodec[m
[[1;34mINFO[m] [1;32mTests run: [0;1;32m4[m, Failures: 0, Errors: 0, Skipped: 0, Time elapsed: 0.419 s - in org.apache.hadoop.io.compress.[1mTestGzipCodec[m
[[1;34mINFO[m] Running org.apache.hadoop.io.compress.[1mTestCodec[m
[[1;33mWARNING[m] [1;33mTests [0;1mrun: [0;1m32[m, Failures: 0, Errors: 0, [1;33mSkipped: [0;1;33m4[m, Time elapsed: 20.987 s - in org.apache.hadoop.io.compress.[1mTestCodec[m
[[1;34mINFO[m] Running org.apache.hadoop.io.compress.[1mTestCompressorStream[m
[[1;34mINFO[m] [1;32mTests run: [0;1;32m1[m, Failures: 0, Errors: 0, Skipped: 0, Time elapsed: 0.018 s - in org.apache.hadoop.io.compress.[1mTestCompressorStream[m
[[1;34mINFO[m] Running org.apache.hadoop.io.[1mTestVersionedWritable[m
[[1;34mINFO[m] [1;32mTests run: [0;1;32m3[m, Failures: 0, Errors: 0, Skipped: 0, Time elapsed: 0.393 s - in org.apache.hadoop.io.[1mTestVersionedWritable[m
[[1;34mINFO[m] Running org.apache.hadoop.io.[1mTestSequenceFileSync[m
[[1;34mINFO[m] [1;32mTests run: [0;1;32m2[m, Failures: 0, Errors: 0, Skipped: 0, Time elapsed: 0.611 s - in org.apache.hadoop.io.[1mTestSequenceFileSync[m
[[1;34mINFO[m] Running org.apache.hadoop.io.erasurecode.codec.[1mTestHHXORErasureCodec[m
[[1;34mINFO[m] [1;32mTests run: [0;1;32m1[m, Failures: 0, Errors: 0, Skipped: 0, Time elapsed: 0.402 s - in org.apache.hadoop.io.erasurecode.codec.[1mTestHHXORErasureCodec[m
[[1;34mINFO[m] Running org.apache.hadoop.io.erasurecode.[1mTestCodecRegistry[m
[[1;34mINFO[m] [1;32mTests run: [0;1;32m7[m, Failures: 0, Errors: 0, Skipped: 0, Time elapsed: 0.398 s - in org.apache.hadoop.io.erasurecode.[1mTestCodecRegistry[m
[[1;34mINFO[m] Running org.apache.hadoop.io.erasurecode.rawcoder.[1mTestRSRawCoder[m
[[1;34mINFO[m] [1;32mTests run: [0;1;32m17[m, Failures: 0, Errors: 0, Skipped: 0, Time elapsed: 0.144 s - in org.apache.hadoop.io.erasurecode.rawcoder.[1mTestRSRawCoder[m
[[1;34mINFO[m] Running org.apache.hadoop.io.erasurecode.rawcoder.[1mTestRSRawCoderInteroperable2[m
[[1;33mWARNING[m] [1;33mTests [0;1mrun: [0;1m17[m, Failures: 0, Errors: 0, [1;33mSkipped: [0;1;33m17[m, Time elapsed: 0.063 s - in org.apache.hadoop.io.erasurecode.rawcoder.[1mTestRSRawCoderInteroperable2[m
[[1;34mINFO[m] Running org.apache.hadoop.io.erasurecode.rawcoder.[1mTestCoderUtil[m
[[1;34mINFO[m] [1;32mTests run: [0;1;32m7[m, Failures: 0, Errors: 0, Skipped: 0, Time elapsed: 0.414 s - in org.apache.hadoop.io.erasurecode.rawcoder.[1mTestCoderUtil[m
[[1;34mINFO[m] Running org.apache.hadoop.io.erasurecode.rawcoder.[1mTestRSRawCoderInteroperable1[m
[[1;33mWARNING[m] [1;33mTests [0;1mrun: [0;1m17[m, Failures: 0, Errors: 0, [1;33mSkipped: [0;1;33m17[m, Time elapsed: 0.067 s - in org.apache.hadoop.io.erasurecode.rawcoder.[1mTestRSRawCoderInteroperable1[m
[[1;34mINFO[m] Running org.apache.hadoop.io.erasurecode.rawcoder.[1mTestRawErasureCoderBenchmark[m
[[1;33mWARNING[m] [1;33mTests [0;1mrun: [0;1m4[m, Failures: 0, Errors: 0, [1;33mSkipped: [0;1;33m1[m, Time elapsed: 9.47 s - in org.apache.hadoop.io.erasurecode.rawcoder.[1mTestRawErasureCoderBenchmark[m
[[1;34mINFO[m] Running org.apache.hadoop.io.erasurecode.rawcoder.[1mTestDecodingValidator[m
[[1;33mWARNING[m] [1;33mTests [0;1mrun: [0;1m24[m, Failures: 0, Errors: 0, [1;33mSkipped: [0;1;33m8[m, Time elapsed: 0.133 s - in org.apache.hadoop.io.erasurecode.rawcoder.[1mTestDecodingValidator[m
[[1;34mINFO[m] Running org.apache.hadoop.io.erasurecode.rawcoder.[1mTestXORRawCoder[m
[[1;34mINFO[m] [1;32mTests run: [0;1;32m7[m, Failures: 0, Errors: 0, Skipped: 0, Time elapsed: 0.095 s - in org.apache.hadoop.io.erasurecode.rawcoder.[1mTestXORRawCoder[m
[[1;34mINFO[m] Running org.apache.hadoop.io.erasurecode.rawcoder.[1mTestDummyRawCoder[m
[[1;34mINFO[m] [1;32mTests run: [0;1;32m4[m, Failures: 0, Errors: 0, Skipped: 0, Time elapsed: 0.07 s - in org.apache.hadoop.io.erasurecode.rawcoder.[1mTestDummyRawCoder[m
[[1;34mINFO[m] Running org.apache.hadoop.io.erasurecode.rawcoder.[1mTestRSLegacyRawCoder[m
[[1;34mINFO[m] [1;32mTests run: [0;1;32m17[m, Failures: 0, Errors: 0, Skipped: 0, Time elapsed: 0.133 s - in org.apache.hadoop.io.erasurecode.rawcoder.[1mTestRSLegacyRawCoder[m
[[1;34mINFO[m] Running org.apache.hadoop.io.erasurecode.rawcoder.[1mTestXORRawCoderInteroperable2[m
[[1;33mWARNING[m] [1;33mTests [0;1mrun: [0;1m7[m, Failures: 0, Errors: 0, [1;33mSkipped: [0;1;33m7[m, Time elapsed: 0.058 s - in org.apache.hadoop.io.erasurecode.rawcoder.[1mTestXORRawCoderInteroperable2[m
[[1;34mINFO[m] Running org.apache.hadoop.io.erasurecode.rawcoder.[1mTestNativeRSRawCoder[m
[[1;33mWARNING[m] [1;33mTests [0;1mrun: [0;1m18[m, Failures: 0, Errors: 0, [1;33mSkipped: [0;1;33m18[m, Time elapsed: 0.065 s - in org.apache.hadoop.io.erasurecode.rawcoder.[1mTestNativeRSRawCoder[m
[[1;34mINFO[m] Running org.apache.hadoop.io.erasurecode.rawcoder.[1mTestXORRawCoderInteroperable1[m
[[1;33mWARNING[m] [1;33mTests [0;1mrun: [0;1m7[m, Failures: 0, Errors: 0, [1;33mSkipped: [0;1;33m7[m, Time elapsed: 0.068 s - in org.apache.hadoop.io.erasurecode.rawcoder.[1mTestXORRawCoderInteroperable1[m
[[1;34mINFO[m] Running org.apache.hadoop.io.erasurecode.rawcoder.[1mTestNativeXORRawCoder[m
[[1;33mWARNING[m] [1;33mTests [0;1mrun: [0;1m8[m, Failures: 0, Errors: 0, [1;33mSkipped: [0;1;33m8[m, Time elapsed: 0.059 s - in org.apache.hadoop.io.erasurecode.rawcoder.[1mTestNativeXORRawCoder[m
[[1;34mINFO[m] Running org.apache.hadoop.io.erasurecode.[1mTestCodecRawCoderMapping[m
[[1;33mWARNING[m] [1;33mTests [0;1mrun: [0;1m6[m, Failures: 0, Errors: 0, [1;33mSkipped: [0;1;33m1[m, Time elapsed: 0.476 s - in org.apache.hadoop.io.erasurecode.[1mTestCodecRawCoderMapping[m
[[1;34mINFO[m] Running org.apache.hadoop.io.erasurecode.coder.[1mTestXORCoder[m
[[1;34mINFO[m] [1;32mTests run: [0;1;32m2[m, Failures: 0, Errors: 0, Skipped: 0, Time elapsed: 0.156 s - in org.apache.hadoop.io.erasurecode.coder.[1mTestXORCoder[m
[[1;34mINFO[m] Running org.apache.hadoop.io.erasurecode.coder.[1mTestRSErasureCoder[m
[[1;34mINFO[m] [1;32mTests run: [0;1;32m10[m, Failures: 0, Errors: 0, Skipped: 0, Time elapsed: 0.286 s - in org.apache.hadoop.io.erasurecode.coder.[1mTestRSErasureCoder[m
[[1;34mINFO[m] Running org.apache.hadoop.io.erasurecode.coder.[1mTestHHXORErasureCoder[m
[[1;34mINFO[m] [1;32mTests run: [0;1;32m9[m, Failures: 0, Errors: 0, Skipped: 0, Time elapsed: 0.318 s - in org.apache.hadoop.io.erasurecode.coder.[1mTestHHXORErasureCoder[m
[[1;34mINFO[m] Running org.apache.hadoop.io.erasurecode.[1mTestECSchema[m
[[1;34mINFO[m] [1;32mTests run: [0;1;32m2[m, Failures: 0, Errors: 0, Skipped: 0, Time elapsed: 0.412 s - in org.apache.hadoop.io.erasurecode.[1mTestECSchema[m
[[1;34mINFO[m] Running org.apache.hadoop.io.[1mTestDataByteBuffers[m
[[1;34mINFO[m] [1;32mTests run: [0;1;32m2[m, Failures: 0, Errors: 0, Skipped: 0, Time elapsed: 0.395 s - in org.apache.hadoop.io.[1mTestDataByteBuffers[m
[[1;34mINFO[m] Running org.apache.hadoop.io.[1mTestTextNonUTF8[m
[[1;34mINFO[m] [1;32mTests run: [0;1;32m1[m, Failures: 0, Errors: 0, Skipped: 0, Time elapsed: 0.403 s - in org.apache.hadoop.io.[1mTestTextNonUTF8[m
[[1;34mINFO[m] Running org.apache.hadoop.io.[1mTestSetFile[m
[[1;34mINFO[m] [1;32mTests run: [0;1;32m2[m, Failures: 0, Errors: 0, Skipped: 0, Time elapsed: 0.93 s - in org.apache.hadoop.io.[1mTestSetFile[m
[[1;34mINFO[m] Running org.apache.hadoop.io.serializer.[1mTestSerializationFactory[m
[[1;34mINFO[m] [1;32mTests run: [0;1;32m6[m, Failures: 0, Errors: 0, Skipped: 0, Time elapsed: 0.439 s - in org.apache.hadoop.io.serializer.[1mTestSerializationFactory[m
[[1;34mINFO[m] Running org.apache.hadoop.io.serializer.avro.[1mTestAvroSerialization[m
[[1;34mINFO[m] [1;32mTests run: [0;1;32m5[m, Failures: 0, Errors: 0, Skipped: 0, Time elapsed: 0.525 s - in org.apache.hadoop.io.serializer.avro.[1mTestAvroSerialization[m
[[1;34mINFO[m] Running org.apache.hadoop.io.serializer.[1mTestWritableSerialization[m
[[1;34mINFO[m] [1;32mTests run: [0;1;32m3[m, Failures: 0, Errors: 0, Skipped: 0, Time elapsed: 0.45 s - in org.apache.hadoop.io.serializer.[1mTestWritableSerialization[m
[[1;34mINFO[m] Running org.apache.hadoop.io.[1mTestEnumSetWritable[m
[[1;34mINFO[m] [1;32mTests run: [0;1;32m6[m, Failures: 0, Errors: 0, Skipped: 0, Time elapsed: 0.502 s - in org.apache.hadoop.io.[1mTestEnumSetWritable[m
[[1;34mINFO[m] Running org.apache.hadoop.io.[1mTestIOUtils[m
[[1;34mINFO[m] [1;32mTests run: [0;1;32m14[m, Failures: 0, Errors: 0, Skipped: 0, Time elapsed: 0.57 s - in org.apache.hadoop.io.[1mTestIOUtils[m
[[1;34mINFO[m] Running org.apache.hadoop.io.[1mTestArrayPrimitiveWritable[m
[[1;34mINFO[m] [1;32mTests run: [0;1;32m3[m, Failures: 0, Errors: 0, Skipped: 0, Time elapsed: 0.403 s - in org.apache.hadoop.io.[1mTestArrayPrimitiveWritable[m
[[1;34mINFO[m] Running org.apache.hadoop.io.[1mTestArrayFile[m
[[1;34mINFO[m] [1;32mTests run: [0;1;32m3[m, Failures: 0, Errors: 0, Skipped: 0, Time elapsed: 1.009 s - in org.apache.hadoop.io.[1mTestArrayFile[m
[[1;34mINFO[m] Running org.apache.hadoop.io.[1mTestSecureIOUtils[m
[[1;33mWARNING[m] [1;33mTests [0;1mrun: [0;1m4[m, Failures: 0, Errors: 0, [1;33mSkipped: [0;1;33m1[m, Time elapsed: 0.512 s - in org.apache.hadoop.io.[1mTestSecureIOUtils[m
[[1;34mINFO[m] Running org.apache.hadoop.io.[1mTestMapWritable[m
[[1;34mINFO[m] [1;32mTests run: [0;1;32m5[m, Failures: 0, Errors: 0, Skipped: 0, Time elapsed: 0.439 s - in org.apache.hadoop.io.[1mTestMapWritable[m
[[1;34mINFO[m] Running org.apache.hadoop.io.[1mTestUTF8[m
[[1;34mINFO[m] [1;32mTests run: [0;1;32m8[m, Failures: 0, Errors: 0, Skipped: 0, Time elapsed: 0.527 s - in org.apache.hadoop.io.[1mTestUTF8[m
[[1;34mINFO[m] Running org.apache.hadoop.io.retry.[1mTestDefaultRetryPolicy[m
[[1;34mINFO[m] [1;32mTests run: [0;1;32m4[m, Failures: 0, Errors: 0, Skipped: 0, Time elapsed: 0.457 s - in org.apache.hadoop.io.retry.[1mTestDefaultRetryPolicy[m
[[1;34mINFO[m] Running org.apache.hadoop.io.retry.[1mTestConnectionRetryPolicy[m
[[1;34mINFO[m] [1;32mTests run: [0;1;32m2[m, Failures: 0, Errors: 0, Skipped: 0, Time elapsed: 0.454 s - in org.apache.hadoop.io.retry.[1mTestConnectionRetryPolicy[m
[[1;34mINFO[m] Running org.apache.hadoop.io.retry.[1mTestRetryProxy[m
[[1;34mINFO[m] [1;32mTests run: [0;1;32m15[m, Failures: 0, Errors: 0, Skipped: 0, Time elapsed: 1.584 s - in org.apache.hadoop.io.retry.[1mTestRetryProxy[m
[[1;34mINFO[m] Running org.apache.hadoop.io.retry.[1mTestFailoverProxy[m
[[1;34mINFO[m] [1;32mTests run: [0;1;32m9[m, Failures: 0, Errors: 0, Skipped: 0, Time elapsed: 11.865 s - in org.apache.hadoop.io.retry.[1mTestFailoverProxy[m
[[1;34mINFO[m] Running org.apache.hadoop.io.[1mTestMD5Hash[m
[[1;34mINFO[m] [1;32mTests run: [0;1;32m2[m, Failures: 0, Errors: 0, Skipped: 0, Time elapsed: 0.407 s - in org.apache.hadoop.io.[1mTestMD5Hash[m
[[1;34mINFO[m] Running org.apache.hadoop.io.[1mTestBooleanWritable[m
[[1;34mINFO[m] [1;32mTests run: [0;1;32m2[m, Failures: 0, Errors: 0, Skipped: 0, Time elapsed: 0.409 s - in org.apache.hadoop.io.[1mTestBooleanWritable[m
[[1;34mINFO[m] Running org.apache.hadoop.io.[1mTestSequenceFile[m
[[1;34mINFO[m] [1;32mTests run: [0;1;32m11[m, Failures: 0, Errors: 0, Skipped: 0, Time elapsed: 3.463 s - in org.apache.hadoop.io.[1mTestSequenceFile[m
[[1;34mINFO[m] Running org.apache.hadoop.io.[1mTestMapFile[m
[[1;34mINFO[m] [1;32mTests run: [0;1;32m22[m, Failures: 0, Errors: 0, Skipped: 0, Time elapsed: 0.991 s - in org.apache.hadoop.io.[1mTestMapFile[m
[[1;34mINFO[m] Running org.apache.hadoop.io.[1mTestMoreWeakReferencedElasticByteBufferPool[m
[[1;34mINFO[m] [1;32mTests run: [0;1;32m2[m, Failures: 0, Errors: 0, Skipped: 0, Time elapsed: 0.091 s - in org.apache.hadoop.io.[1mTestMoreWeakReferencedElasticByteBufferPool[m
[[1;34mINFO[m] Running org.apache.hadoop.io.[1mTestBloomMapFile[m
[[1;34mINFO[m] [1;32mTests run: [0;1;32m7[m, Failures: 0, Errors: 0, Skipped: 0, Time elapsed: 0.89 s - in org.apache.hadoop.io.[1mTestBloomMapFile[m
[[1;34mINFO[m] Running org.apache.hadoop.io.[1mTestText[m
[[1;34mINFO[m] [1;32mTests run: [0;1;32m19[m, Failures: 0, Errors: 0, Skipped: 0, Time elapsed: 0.563 s - in org.apache.hadoop.io.[1mTestText[m
[[1;34mINFO[m] Running org.apache.hadoop.io.[1mTestGenericWritable[m
[[1;34mINFO[m] [1;32mTests run: [0;1;32m5[m, Failures: 0, Errors: 0, Skipped: 0, Time elapsed: 0.435 s - in org.apache.hadoop.io.[1mTestGenericWritable[m
[[1;34mINFO[m] Running org.apache.hadoop.io.file.tfile.[1mTestTFile[m
[[1;34mINFO[m] [1;32mTests run: [0;1;32m3[m, Failures: 0, Errors: 0, Skipped: 0, Time elapsed: 0.589 s - in org.apache.hadoop.io.file.tfile.[1mTestTFile[m
[[1;34mINFO[m] Running org.apache.hadoop.io.file.tfile.[1mTestTFileUnsortedByteArrays[m
[[1;34mINFO[m] [1;32mTests run: [0;1;32m4[m, Failures: 0, Errors: 0, Skipped: 0, Time elapsed: 0.546 s - in org.apache.hadoop.io.file.tfile.[1mTestTFileUnsortedByteArrays[m
[[1;34mINFO[m] Running org.apache.hadoop.io.file.tfile.[1mTestTFileComparator2[m
[[1;34mINFO[m] [1;32mTests run: [0;1;32m1[m, Failures: 0, Errors: 0, Skipped: 0, Time elapsed: 0.627 s - in org.apache.hadoop.io.file.tfile.[1mTestTFileComparator2[m
[[1;34mINFO[m] Running org.apache.hadoop.io.file.tfile.[1mTestVLong[m
[[1;34mINFO[m] [1;32mTests run: [0;1;32m9[m, Failures: 0, Errors: 0, Skipped: 0, Time elapsed: 0.707 s - in org.apache.hadoop.io.file.tfile.[1mTestVLong[m
[[1;34mINFO[m] Running org.apache.hadoop.io.file.tfile.[1mTestTFileLzoCodecsByteArrays[m
[[1;34mINFO[m] [1;32mTests run: [0;1;32m25[m, Failures: 0, Errors: 0, Skipped: 0, Time elapsed: 0.461 s - in org.apache.hadoop.io.file.tfile.[1mTestTFileLzoCodecsByteArrays[m
[[1;34mINFO[m] Running org.apache.hadoop.io.file.tfile.[1mTestCompression[m
[[1;34mINFO[m] [1;32mTests run: [0;1;32m2[m, Failures: 0, Errors: 0, Skipped: 0, Time elapsed: 0.446 s - in org.apache.hadoop.io.file.tfile.[1mTestCompression[m
[[1;34mINFO[m] Running org.apache.hadoop.io.file.tfile.[1mTestTFileSplit[m
[[1;34mINFO[m] [1;32mTests run: [0;1;32m1[m, Failures: 0, Errors: 0, Skipped: 0, Time elapsed: 1.156 s - in org.apache.hadoop.io.file.tfile.[1mTestTFileSplit[m
[[1;34mINFO[m] Running org.apache.hadoop.io.file.tfile.[1mTestTFileNoneCodecsByteArrays[m
[[1;34mINFO[m] [1;32mTests run: [0;1;32m25[m, Failures: 0, Errors: 0, Skipped: 0, Time elapsed: 0.674 s - in org.apache.hadoop.io.file.tfile.[1mTestTFileNoneCodecsByteArrays[m
[[1;34mINFO[m] Running org.apache.hadoop.io.file.tfile.[1mTestTFileNoneCodecsStreams[m
[[1;34mINFO[m] [1;32mTests run: [0;1;32m19[m, Failures: 0, Errors: 0, Skipped: 0, Time elapsed: 0.673 s - in org.apache.hadoop.io.file.tfile.[1mTestTFileNoneCodecsStreams[m
[[1;34mINFO[m] Running org.apache.hadoop.io.file.tfile.[1mTestTFileJClassComparatorByteArrays[m
[[1;34mINFO[m] [1;32mTests run: [0;1;32m25[m, Failures: 0, Errors: 0, Skipped: 0, Time elapsed: 0.784 s - in org.apache.hadoop.io.file.tfile.[1mTestTFileJClassComparatorByteArrays[m
[[1;34mINFO[m] Running org.apache.hadoop.io.file.tfile.[1mTestTFileComparators[m
[[1;34mINFO[m] [1;32mTests run: [0;1;32m3[m, Failures: 0, Errors: 0, Skipped: 0, Time elapsed: 0.514 s - in org.apache.hadoop.io.file.tfile.[1mTestTFileComparators[m
[[1;34mINFO[m] Running org.apache.hadoop.io.file.tfile.[1mTestTFileNoneCodecsJClassComparatorByteArrays[m
[[1;34mINFO[m] [1;32mTests run: [0;1;32m25[m, Failures: 0, Errors: 0, Skipped: 0, Time elapsed: 0.675 s - in org.apache.hadoop.io.file.tfile.[1mTestTFileNoneCodecsJClassComparatorByteArrays[m
[[1;34mINFO[m] Running org.apache.hadoop.io.file.tfile.[1mTestTFileByteArrays[m
[[1;34mINFO[m] [1;32mTests run: [0;1;32m25[m, Failures: 0, Errors: 0, Skipped: 0, Time elapsed: 0.786 s - in org.apache.hadoop.io.file.tfile.[1mTestTFileByteArrays[m
[[1;34mINFO[m] Running org.apache.hadoop.io.file.tfile.[1mTestTFileStreams[m
[[1;34mINFO[m] [1;32mTests run: [0;1;32m19[m, Failures: 0, Errors: 0, Skipped: 0, Time elapsed: 0.651 s - in org.apache.hadoop.io.file.tfile.[1mTestTFileStreams[m
[[1;34mINFO[m] Running org.apache.hadoop.io.file.tfile.[1mTestTFileLzoCodecsStreams[m
[[1;34mINFO[m] [1;32mTests run: [0;1;32m19[m, Failures: 0, Errors: 0, Skipped: 0, Time elapsed: 0.463 s - in org.apache.hadoop.io.file.tfile.[1mTestTFileLzoCodecsStreams[m
[[1;34mINFO[m] Running org.apache.hadoop.io.file.tfile.[1mTestTFileSeqFileComparison[m
[[1;34mINFO[m] [1;32mTests run: [0;1;32m1[m, Failures: 0, Errors: 0, Skipped: 0, Time elapsed: 1.488 s - in org.apache.hadoop.io.file.tfile.[1mTestTFileSeqFileComparison[m
[[1;34mINFO[m] Running org.apache.hadoop.io.file.tfile.[1mTestTFileSeek[m
[[1;34mINFO[m] [1;32mTests run: [0;1;32m1[m, Failures: 0, Errors: 0, Skipped: 0, Time elapsed: 1.115 s - in org.apache.hadoop.io.file.tfile.[1mTestTFileSeek[m
[[1;34mINFO[m] Running org.apache.hadoop.io.[1mTestArrayWritable[m
[[1;34mINFO[m] [1;32mTests run: [0;1;32m4[m, Failures: 0, Errors: 0, Skipped: 0, Time elapsed: 0.425 s - in org.apache.hadoop.io.[1mTestArrayWritable[m
[[1;34mINFO[m] Running org.apache.hadoop.io.[1mTestSequenceFileAppend[m
[[1;33mWARNING[m] [1;33mTests [0;1mrun: [0;1m5[m, Failures: 0, Errors: 0, [1;33mSkipped: [0;1;33m3[m, Time elapsed: 0.529 s - in org.apache.hadoop.io.[1mTestSequenceFileAppend[m
[[1;34mINFO[m] Running org.apache.hadoop.io.nativeio.[1mTestNativeIO[m
[[1;33mWARNING[m] [1;33mTests [0;1mrun: [0;1m28[m, Failures: 0, Errors: 0, [1;33mSkipped: [0;1;33m28[m, Time elapsed: 0.088 s - in org.apache.hadoop.io.nativeio.[1mTestNativeIO[m
[[1;34mINFO[m] Running org.apache.hadoop.io.nativeio.[1mTestSharedFileDescriptorFactory[m
[[1;33mWARNING[m] [1;33mTests [0;1mrun: [0;1m3[m, Failures: 0, Errors: 0, [1;33mSkipped: [0;1;33m3[m, Time elapsed: 0.068 s - in org.apache.hadoop.io.nativeio.[1mTestSharedFileDescriptorFactory[m
[[1;34mINFO[m] Running org.apache.hadoop.io.[1mTestWritableName[m
[[1;34mINFO[m] [1;32mTests run: [0;1;32m5[m, Failures: 0, Errors: 0, Skipped: 0, Time elapsed: 0.429 s - in org.apache.hadoop.io.[1mTestWritableName[m
[[1;34mINFO[m] Running org.apache.hadoop.io.[1mTestBytesWritable[m
[[1;34mINFO[m] [1;32mTests run: [0;1;32m6[m, Failures: 0, Errors: 0, Skipped: 0, Time elapsed: 0.421 s - in org.apache.hadoop.io.[1mTestBytesWritable[m
[[1;34mINFO[m] Running org.apache.hadoop.io.[1mTestDefaultStringifier[m
[[1;34mINFO[m] [1;32mTests run: [0;1;32m4[m, Failures: 0, Errors: 0, Skipped: 0, Time elapsed: 0.435 s - in org.apache.hadoop.io.[1mTestDefaultStringifier[m
[[1;34mINFO[m] Running org.apache.hadoop.io.[1mTestWritable[m
[[1;34mINFO[m] [1;32mTests run: [0;1;32m6[m, Failures: 0, Errors: 0, Skipped: 0, Time elapsed: 0.442 s - in org.apache.hadoop.io.[1mTestWritable[m
[[1;34mINFO[m] Running org.apache.hadoop.io.[1mTestWeakReferencedElasticByteBufferPool[m
[[1;34mINFO[m] [1;32mTests run: [0;1;32m10[m, Failures: 0, Errors: 0, Skipped: 0, Time elapsed: 0.068 s - in org.apache.hadoop.io.[1mTestWeakReferencedElasticByteBufferPool[m
[[1;34mINFO[m] Running org.apache.hadoop.io.[1mTestWritableUtils[m
[[1;34mINFO[m] [1;32mTests run: [0;1;32m1[m, Failures: 0, Errors: 0, Skipped: 0, Time elapsed: 0.4 s - in org.apache.hadoop.io.[1mTestWritableUtils[m
[[1;34mINFO[m] Running org.apache.hadoop.tools.[1mTestCommandShell[m
[[1;34mINFO[m] [1;32mTests run: [0;1;32m1[m, Failures: 0, Errors: 0, Skipped: 0, Time elapsed: 0.413 s - in org.apache.hadoop.tools.[1mTestCommandShell[m
[[1;34mINFO[m] Running org.apache.hadoop.log.[1mTestLogThrottlingHelper[m
[[1;34mINFO[m] [1;32mTests run: [0;1;32m8[m, Failures: 0, Errors: 0, Skipped: 0, Time elapsed: 0.405 s - in org.apache.hadoop.log.[1mTestLogThrottlingHelper[m
[[1;34mINFO[m] Running org.apache.hadoop.log.[1mTestLogLevel[m
[[1;34mINFO[m] [1;32mTests run: [0;1;32m7[m, Failures: 0, Errors: 0, Skipped: 0, Time elapsed: 8.081 s - in org.apache.hadoop.log.[1mTestLogLevel[m
[[1;34mINFO[m] 
[[1;34mINFO[m] Results:
[[1;34mINFO[m] 
[[1;31mERROR[m] [1;31mFailures: [m
[[1;31mERROR[m] [1;31m  TestKeyShell.testInvalidKeySize:190 expected:<1> but was:<0>[m
[[1;31mERROR[m] [1;31m  TestFsShellTouch.testTouchDir:260 
Expecting:
 <1700069588846L>
to be equal to:
 <1700069588000L>
but was not.[m
[[1;31mERROR[m] [1;31m  TestIPC.testProxyUserBinding:1766->checkUserBinding:1823 
Wanted but not invoked:
socket.bind(DovelyW-1/127.0.1.1:0);
-> at org.apache.hadoop.ipc.TestIPC.checkUserBinding(TestIPC.java:1823)

However, there were exactly 5 interactions with this mock:
socket.setTcpNoDelay(true);
-> at org.apache.hadoop.ipc.Client$Connection.setupConnection(Client.java:626)

socket.setKeepAlive(true);
-> at org.apache.hadoop.ipc.Client$Connection.setupConnection(Client.java:627)

socket.getChannel();
-> at org.apache.hadoop.net.NetUtils.connect(NetUtils.java:585)

socket.connect(0.0.0.0/0.0.0.0:0, 20000);
-> at org.apache.hadoop.net.NetUtils.connect(NetUtils.java:599)

socket.close();
-> at org.apache.hadoop.ipc.Client$Connection.closeConnection(Client.java:898)

[m
[[1;31mERROR[m] [1;31m  TestIPC.testUserBinding:1761->checkUserBinding:1823 
Wanted but not invoked:
socket.bind(DovelyW-1/127.0.1.1:0);
-> at org.apache.hadoop.ipc.TestIPC.checkUserBinding(TestIPC.java:1823)

However, there were exactly 5 interactions with this mock:
socket.setTcpNoDelay(true);
-> at org.apache.hadoop.ipc.Client$Connection.setupConnection(Client.java:626)

socket.setKeepAlive(true);
-> at org.apache.hadoop.ipc.Client$Connection.setupConnection(Client.java:627)

socket.getChannel();
-> at org.apache.hadoop.net.NetUtils.connect(NetUtils.java:585)

socket.connect(0.0.0.0/0.0.0.0:0, 20000);
-> at org.apache.hadoop.net.NetUtils.connect(NetUtils.java:599)

socket.close();
-> at org.apache.hadoop.ipc.Client$Connection.closeConnection(Client.java:898)

[m
[[1;31mERROR[m] [1;31m  TestCredentialProviderFactory.testLocalBCFKSProvider:262 expected java.io.IOException to be thrown, but nothing was thrown[m
[[1;31mERROR[m] [1;31m  TestNativeCodeLoader.testNativeCodeLoaded:52 TestNativeCodeLoader: libhadoop.so testing was required, but libhadoop.so was not loaded.[m
[[1;31mERROR[m] [1;31mErrors: [m
[[1;31mERROR[m] [1;31m  TestConfiguration.testReload » ConcurrentModification[m
[[1;34mINFO[m] 
[[1;31mERROR[m] [1;31mTests run: 5061, Failures: 6, Errors: 1, Skipped: 384[m
[[1;34mINFO[m] 
[[1;31mERROR[m] There are test failures.

Please refer to /home/dovely/Ctest/ctest-runner/app/hadoop/hadoop-common-project/hadoop-common/target/surefire-reports for the individual test results.
Please refer to dump files (if any exist) [date].dump, [date]-jvmRun[N].dump and [date].dumpstream.
[[1;34mINFO[m] [1m------------------------------------------------------------------------[m
[[1;34mINFO[m] [1;32mBUILD SUCCESS[m
[[1;34mINFO[m] [1m------------------------------------------------------------------------[m
[[1;34mINFO[m] Total time:  23:47 min
[[1;34mINFO[m] Finished at: 2023-11-16T01:56:36+08:00
[[1;34mINFO[m] [1m------------------------------------------------------------------------[m
