[[1;34mINFO[m] Scanning for projects...
[[1;33mWARNING[m] 
[[1;33mWARNING[m] Some problems were encountered while building the effective model for org.alluxio:alluxio-core-common:jar:2.9.3
[[1;33mWARNING[m] 'build.plugins.plugin.version' for pl.project13.maven:git-commit-id-plugin is missing. @ org.alluxio:alluxio-parent:2.9.3, /home/xinyu/port_ctest_runner/alluxio/pom.xml, line 1171, column 15
[[1;33mWARNING[m] 
[[1;33mWARNING[m] It is highly recommended to fix these problems because they threaten the stability of your build.
[[1;33mWARNING[m] 
[[1;33mWARNING[m] For this reason, future Maven versions might no longer support building such malformed projects.
[[1;33mWARNING[m] 
[[1;34mINFO[m] 
[[1;34mINFO[m] [1m------------------< [0;36morg.alluxio:alluxio-core-common[0;1m >-------------------[m
[[1;34mINFO[m] [1mBuilding Alluxio Core - Common Utilities 2.9.3[m
[[1;34mINFO[m] [1m--------------------------------[ jar ]---------------------------------[m
[[1;34mINFO[m] 
[[1;34mINFO[m] [1m--- [0;32mmaven-surefire-plugin:3.0.0-M5:test[m [1m(default-cli)[m @ [36malluxio-core-common[0;1m ---[m
[[1;34mINFO[m] 
[[1;34mINFO[m] -------------------------------------------------------
[[1;34mINFO[m]  T E S T S
[[1;34mINFO[m] -------------------------------------------------------
[[1;34mINFO[m] Running alluxio.[1mAbstractMasterClientTest[m
[[1;34mINFO[m] Running alluxio.[1mAbstractClientTest[m
[[1;34mINFO[m] [1;32mTests run: [0;1;32m5[m, Failures: 0, Errors: 0, Skipped: 0, Time elapsed: 0.663 s - in alluxio.[1mAbstractClientTest[m
[[1;34mINFO[m] Running alluxio.[1mAlluxioURITest[m
[[1;33mWARNING[m] [1;33mTests [0;1mrun: [0;1m44[m, Failures: 0, Errors: 0, [1;33mSkipped: [0;1;33m3[m, Time elapsed: 0.215 s - in alluxio.[1mAlluxioURITest[m
[[1;34mINFO[m] Running alluxio.[1mAuthenticatedClientUserResourceTest[m
[[1;34mINFO[m] [1;32mTests run: [0;1;32m1[m, Failures: 0, Errors: 0, Skipped: 0, Time elapsed: 0.265 s - in alluxio.[1mAuthenticatedClientUserResourceTest[m
[[1;34mINFO[m] [1;32mTests run: [0;1;32m4[m, Failures: 0, Errors: 0, Skipped: 0, Time elapsed: 1.695 s - in alluxio.[1mAbstractMasterClientTest[m
[[1;34mINFO[m] Running alluxio.[1mAuthenticatedUserRuleTest[m
[[1;34mINFO[m] Running alluxio.[1mConfigurationRuleTest[m
[[1;34mINFO[m] [1;32mTests run: [0;1;32m2[m, Failures: 0, Errors: 0, Skipped: 0, Time elapsed: 0.289 s - in alluxio.[1mAuthenticatedUserRuleTest[m
[[1;34mINFO[m] [1;32mTests run: [0;1;32m3[m, Failures: 0, Errors: 0, Skipped: 0, Time elapsed: 0.307 s - in alluxio.[1mConfigurationRuleTest[m
[[1;34mINFO[m] Running alluxio.[1mSessionInfoTest[m
[[1;34mINFO[m] [1;32mTests run: [0;1;32m4[m, Failures: 0, Errors: 0, Skipped: 0, Time elapsed: 0.101 s - in alluxio.[1mSessionInfoTest[m
[[1;34mINFO[m] Running alluxio.[1mSystemErrRuleTest[m
[[1;34mINFO[m] [1;32mTests run: [0;1;32m1[m, Failures: 0, Errors: 0, Skipped: 0, Time elapsed: 0.096 s - in alluxio.[1mSystemErrRuleTest[m
[[1;34mINFO[m] Running alluxio.[1mSystemOutRuleTest[m
[[1;34mINFO[m] [1;32mTests run: [0;1;32m1[m, Failures: 0, Errors: 0, Skipped: 0, Time elapsed: 0.093 s - in alluxio.[1mSystemOutRuleTest[m
[[1;34mINFO[m] Running alluxio.[1mTestLoggerRuleTest[m
[[1;34mINFO[m] [1;32mTests run: [0;1;32m2[m, Failures: 0, Errors: 0, Skipped: 0, Time elapsed: 0.164 s - in alluxio.[1mTestLoggerRuleTest[m
[[1;34mINFO[m] Running alluxio.[1mUnderFileSystemFactoryRegistryRuleTest[m
[[1;34mINFO[m] Running alluxio.check.[1mUpdateCheckTest[m
[[1;34mINFO[m] [1;32mTests run: [0;1;32m1[m, Failures: 0, Errors: 0, Skipped: 0, Time elapsed: 0.733 s - in alluxio.[1mUnderFileSystemFactoryRegistryRuleTest[m
[[1;34mINFO[m] Running alluxio.cli.[1mAbstractShellTest[m
[[1;31mERROR[m] WARNING: An illegal reflective access operation has occurred
[[1;31mERROR[m] WARNING: Illegal reflective access by org.powermock.reflect.internal.WhiteboxImpl (file:/home/xinyu/.m2/repository/org/powermock/powermock-reflect/2.0.7/powermock-reflect-2.0.7.jar) to method java.lang.Object.clone()
[[1;31mERROR[m] WARNING: Please consider reporting this to the maintainers of org.powermock.reflect.internal.WhiteboxImpl
[[1;31mERROR[m] WARNING: Use --illegal-access=warn to enable warnings of further illegal reflective access operations
[[1;31mERROR[m] WARNING: All illegal access operations will be denied in a future release
[[1;34mINFO[m] [1;32mTests run: [0;1;32m4[m, Failures: 0, Errors: 0, Skipped: 0, Time elapsed: 0.699 s - in alluxio.cli.[1mAbstractShellTest[m
[[1;34mINFO[m] Running alluxio.cli.[1mCommandTest[m
[[1;34mINFO[m] [1;32mTests run: [0;1;32m2[m, Failures: 0, Errors: 0, Skipped: 0, Time elapsed: 0.199 s - in alluxio.cli.[1mCommandTest[m
[[1;34mINFO[m] [1;32mTests run: [0;1;32m18[m, Failures: 0, Errors: 0, Skipped: 0, Time elapsed: 2.058 s - in alluxio.check.[1mUpdateCheckTest[m
[[1;34mINFO[m] Running alluxio.client.file.[1mCacheContextTest[m
[[1;34mINFO[m] [1;32mTests run: [0;1;32m2[m, Failures: 0, Errors: 0, Skipped: 0, Time elapsed: 0.098 s - in alluxio.client.file.[1mCacheContextTest[m
[[1;34mINFO[m] Running alluxio.client.file.[1mURIStatusTest[m
[[1;34mINFO[m] Running alluxio.client.quota.[1mCacheScopeTest[m
[[1;34mINFO[m] [1;32mTests run: [0;1;32m3[m, Failures: 0, Errors: 0, Skipped: 0, Time elapsed: 0.18 s - in alluxio.client.file.[1mURIStatusTest[m
[[1;34mINFO[m] [1;32mTests run: [0;1;32m3[m, Failures: 0, Errors: 0, Skipped: 0, Time elapsed: 0.097 s - in alluxio.client.quota.[1mCacheScopeTest[m
[[1;34mINFO[m] Running alluxio.collections.[1mBuiltinBitSetTest[m
[[1;34mINFO[m] Running alluxio.collections.[1mConcurrentIdentityHashMapTest[m
[[1;34mINFO[m] [1;32mTests run: [0;1;32m1[m, Failures: 0, Errors: 0, Skipped: 0, Time elapsed: 0.097 s - in alluxio.collections.[1mBuiltinBitSetTest[m
[[1;34mINFO[m] [1;32mTests run: [0;1;32m7[m, Failures: 0, Errors: 0, Skipped: 0, Time elapsed: 0.103 s - in alluxio.collections.[1mConcurrentIdentityHashMapTest[m
[[1;34mINFO[m] Running alluxio.collections.[1mDirectedAcyclicGraphTest[m
[[1;34mINFO[m] [1;32mTests run: [0;1;32m2[m, Failures: 0, Errors: 0, Skipped: 0, Time elapsed: 0.094 s - in alluxio.collections.[1mDirectedAcyclicGraphTest[m
[[1;34mINFO[m] Running alluxio.collections.[1mIndexedSetConcurrencyTest[m
[[1;34mINFO[m] Running alluxio.collections.[1mIndexedSetTest[m
[[1;34mINFO[m] [1;32mTests run: [0;1;32m13[m, Failures: 0, Errors: 0, Skipped: 0, Time elapsed: 0.184 s - in alluxio.collections.[1mIndexedSetTest[m
[[1;34mINFO[m] Running alluxio.collections.[1mLockPoolTest[m
[[1;34mINFO[m] [1;32mTests run: [0;1;32m3[m, Failures: 0, Errors: 0, Skipped: 0, Time elapsed: 0.676 s - in alluxio.collections.[1mLockPoolTest[m
[[1;34mINFO[m] Running alluxio.collections.[1mPairTest[m
[[1;34mINFO[m] [1;32mTests run: [0;1;32m1[m, Failures: 0, Errors: 0, Skipped: 0, Time elapsed: 0.187 s - in alluxio.collections.[1mPairTest[m
[[1;34mINFO[m] Running alluxio.collections.[1mPrefixListTest[m
[[1;34mINFO[m] [1;32mTests run: [0;1;32m4[m, Failures: 0, Errors: 0, Skipped: 0, Time elapsed: 0.196 s - in alluxio.collections.[1mPrefixListTest[m
[[1;34mINFO[m] Running alluxio.collections.[1mUnmodifiableArrayListTest[m
[[1;34mINFO[m] [1;32mTests run: [0;1;32m11[m, Failures: 0, Errors: 0, Skipped: 0, Time elapsed: 0.182 s - in alluxio.collections.[1mUnmodifiableArrayListTest[m
[[1;34mINFO[m] Running alluxio.concurrent.[1mClientRWLockTest[m
[[1;34mINFO[m] [1;32mTests run: [0;1;32m5[m, Failures: 0, Errors: 0, Skipped: 0, Time elapsed: 0.178 s - in alluxio.concurrent.[1mClientRWLockTest[m
[[1;34mINFO[m] Running alluxio.concurrent.[1mCountingLatchTest[m
[[1;34mINFO[m] [1;32mTests run: [0;1;32m8[m, Failures: 0, Errors: 0, Skipped: 0, Time elapsed: 5.245 s - in alluxio.concurrent.[1mCountingLatchTest[m
[[1;34mINFO[m] Running alluxio.conf.[1mAlluxioPropertiesTest[m
[[1;34mINFO[m] [1;32mTests run: [0;1;32m12[m, Failures: 0, Errors: 0, Skipped: 0, Time elapsed: 0.71 s - in alluxio.conf.[1mAlluxioPropertiesTest[m
[[1;34mINFO[m] Running alluxio.conf.[1mCredentialConfigItemsTest[m
[[1;34mINFO[m] [1;32mTests run: [0;1;32m2[m, Failures: 0, Errors: 0, Skipped: 0, Time elapsed: 0.289 s - in alluxio.conf.[1mCredentialConfigItemsTest[m
[[1;34mINFO[m] Running alluxio.conf.[1mInstancedConfigurationTest[m
[[1;31mERROR[m] [1;31mTests [0;1mrun: [0;1m106[m, Failures: 0, [1;31mErrors: [0;1;31m22[m, Skipped: 0, Time elapsed: 1.54 s[1;31m <<< FAILURE![m - in alluxio.conf.[1mInstancedConfigurationTest[m
[[1;31mERROR[m] alluxio.conf.InstancedConfigurationTest.getTemplateCredentialsDisplayValue  Time elapsed: 0.118 s  <<< ERROR!
edu.illinois.UnUsedConfigParamException: git.commit.id.full was not used during the test.
	at edu.illinois.CTestJUnit4Runner2$3.evaluate(CTestJUnit4Runner2.java:192)
	at org.junit.rules.ExternalResource$1.evaluate(ExternalResource.java:54)
	at org.junit.rules.ExternalResource$1.evaluate(ExternalResource.java:54)
	at org.junit.rules.ExpectedException$ExpectedExceptionStatement.evaluate(ExpectedException.java:258)
	at org.junit.runners.ParentRunner$3.evaluate(ParentRunner.java:306)
	at org.junit.runners.BlockJUnit4ClassRunner$1.evaluate(BlockJUnit4ClassRunner.java:100)
	at org.junit.runners.ParentRunner.runLeaf(ParentRunner.java:366)
	at org.junit.runners.BlockJUnit4ClassRunner.runChild(BlockJUnit4ClassRunner.java:103)
	at org.junit.runners.BlockJUnit4ClassRunner.runChild(BlockJUnit4ClassRunner.java:63)
	at org.junit.runners.ParentRunner$4.run(ParentRunner.java:331)
	at org.junit.runners.ParentRunner$1.schedule(ParentRunner.java:79)
	at org.junit.runners.ParentRunner.runChildren(ParentRunner.java:329)
	at org.junit.runners.ParentRunner.access$100(ParentRunner.java:66)
	at org.junit.runners.ParentRunner$2.evaluate(ParentRunner.java:293)
	at edu.illinois.CTestJUnit4Runner2$1.evaluate(CTestJUnit4Runner2.java:133)
	at org.junit.internal.runners.statements.RunAfters.evaluate(RunAfters.java:27)
	at edu.illinois.CTestJUnit4Runner2$4.evaluate(CTestJUnit4Runner2.java:214)
	at org.junit.runners.ParentRunner$3.evaluate(ParentRunner.java:306)
	at org.junit.runners.ParentRunner.run(ParentRunner.java:413)
	at org.apache.maven.surefire.junit4.JUnit4Provider.execute(JUnit4Provider.java:364)
	at org.apache.maven.surefire.junit4.JUnit4Provider.executeWithRerun(JUnit4Provider.java:272)
	at org.apache.maven.surefire.junit4.JUnit4Provider.executeTestSet(JUnit4Provider.java:237)
	at org.apache.maven.surefire.junit4.JUnit4Provider.invoke(JUnit4Provider.java:158)
	at org.apache.maven.surefire.booter.ForkedBooter.runSuitesInProcess(ForkedBooter.java:428)
	at org.apache.maven.surefire.booter.ForkedBooter.execute(ForkedBooter.java:162)
	at org.apache.maven.surefire.booter.ForkedBooter.run(ForkedBooter.java:562)
	at org.apache.maven.surefire.booter.ForkedBooter.main(ForkedBooter.java:548)

[[1;31mERROR[m] alluxio.conf.InstancedConfigurationTest.toRawMap  Time elapsed: 0.053 s  <<< ERROR!
edu.illinois.UnUsedConfigParamException: git.commit.id.full was not used during the test.
	at edu.illinois.CTestJUnit4Runner2$3.evaluate(CTestJUnit4Runner2.java:192)
	at org.junit.rules.ExternalResource$1.evaluate(ExternalResource.java:54)
	at org.junit.rules.ExternalResource$1.evaluate(ExternalResource.java:54)
	at org.junit.rules.ExpectedException$ExpectedExceptionStatement.evaluate(ExpectedException.java:258)
	at org.junit.runners.ParentRunner$3.evaluate(ParentRunner.java:306)
	at org.junit.runners.BlockJUnit4ClassRunner$1.evaluate(BlockJUnit4ClassRunner.java:100)
	at org.junit.runners.ParentRunner.runLeaf(ParentRunner.java:366)
	at org.junit.runners.BlockJUnit4ClassRunner.runChild(BlockJUnit4ClassRunner.java:103)
	at org.junit.runners.BlockJUnit4ClassRunner.runChild(BlockJUnit4ClassRunner.java:63)
	at org.junit.runners.ParentRunner$4.run(ParentRunner.java:331)
	at org.junit.runners.ParentRunner$1.schedule(ParentRunner.java:79)
	at org.junit.runners.ParentRunner.runChildren(ParentRunner.java:329)
	at org.junit.runners.ParentRunner.access$100(ParentRunner.java:66)
	at org.junit.runners.ParentRunner$2.evaluate(ParentRunner.java:293)
	at edu.illinois.CTestJUnit4Runner2$1.evaluate(CTestJUnit4Runner2.java:133)
	at org.junit.internal.runners.statements.RunAfters.evaluate(RunAfters.java:27)
	at edu.illinois.CTestJUnit4Runner2$4.evaluate(CTestJUnit4Runner2.java:214)
	at org.junit.runners.ParentRunner$3.evaluate(ParentRunner.java:306)
	at org.junit.runners.ParentRunner.run(ParentRunner.java:413)
	at org.apache.maven.surefire.junit4.JUnit4Provider.execute(JUnit4Provider.java:364)
	at org.apache.maven.surefire.junit4.JUnit4Provider.executeWithRerun(JUnit4Provider.java:272)
	at org.apache.maven.surefire.junit4.JUnit4Provider.executeTestSet(JUnit4Provider.java:237)
	at org.apache.maven.surefire.junit4.JUnit4Provider.invoke(JUnit4Provider.java:158)
	at org.apache.maven.surefire.booter.ForkedBooter.runSuitesInProcess(ForkedBooter.java:428)
	at org.apache.maven.surefire.booter.ForkedBooter.execute(ForkedBooter.java:162)
	at org.apache.maven.surefire.booter.ForkedBooter.run(ForkedBooter.java:562)
	at org.apache.maven.surefire.booter.ForkedBooter.main(ForkedBooter.java:548)

[[1;31mERROR[m] alluxio.conf.InstancedConfigurationTest.getDefaultDisplayValue  Time elapsed: 0.021 s  <<< ERROR!
edu.illinois.UnUsedConfigParamException: git.commit.id.full was not used during the test.
	at edu.illinois.CTestJUnit4Runner2$3.evaluate(CTestJUnit4Runner2.java:192)
	at org.junit.rules.ExternalResource$1.evaluate(ExternalResource.java:54)
	at org.junit.rules.ExternalResource$1.evaluate(ExternalResource.java:54)
	at org.junit.rules.ExpectedException$ExpectedExceptionStatement.evaluate(ExpectedException.java:258)
	at org.junit.runners.ParentRunner$3.evaluate(ParentRunner.java:306)
	at org.junit.runners.BlockJUnit4ClassRunner$1.evaluate(BlockJUnit4ClassRunner.java:100)
	at org.junit.runners.ParentRunner.runLeaf(ParentRunner.java:366)
	at org.junit.runners.BlockJUnit4ClassRunner.runChild(BlockJUnit4ClassRunner.java:103)
	at org.junit.runners.BlockJUnit4ClassRunner.runChild(BlockJUnit4ClassRunner.java:63)
	at org.junit.runners.ParentRunner$4.run(ParentRunner.java:331)
	at org.junit.runners.ParentRunner$1.schedule(ParentRunner.java:79)
	at org.junit.runners.ParentRunner.runChildren(ParentRunner.java:329)
	at org.junit.runners.ParentRunner.access$100(ParentRunner.java:66)
	at org.junit.runners.ParentRunner$2.evaluate(ParentRunner.java:293)
	at edu.illinois.CTestJUnit4Runner2$1.evaluate(CTestJUnit4Runner2.java:133)
	at org.junit.internal.runners.statements.RunAfters.evaluate(RunAfters.java:27)
	at edu.illinois.CTestJUnit4Runner2$4.evaluate(CTestJUnit4Runner2.java:214)
	at org.junit.runners.ParentRunner$3.evaluate(ParentRunner.java:306)
	at org.junit.runners.ParentRunner.run(ParentRunner.java:413)
	at org.apache.maven.surefire.junit4.JUnit4Provider.execute(JUnit4Provider.java:364)
	at org.apache.maven.surefire.junit4.JUnit4Provider.executeWithRerun(JUnit4Provider.java:272)
	at org.apache.maven.surefire.junit4.JUnit4Provider.executeTestSet(JUnit4Provider.java:237)
	at org.apache.maven.surefire.junit4.JUnit4Provider.invoke(JUnit4Provider.java:158)
	at org.apache.maven.surefire.booter.ForkedBooter.runSuitesInProcess(ForkedBooter.java:428)
	at org.apache.maven.surefire.booter.ForkedBooter.execute(ForkedBooter.java:162)
	at org.apache.maven.surefire.booter.ForkedBooter.run(ForkedBooter.java:562)
	at org.apache.maven.surefire.booter.ForkedBooter.main(ForkedBooter.java:548)

[[1;31mERROR[m] alluxio.conf.InstancedConfigurationTest.getNestedPropertiesWrongPrefix  Time elapsed: 0.01 s  <<< ERROR!
edu.illinois.UnUsedConfigParamException: git.commit.id.full was not used during the test.
	at edu.illinois.CTestJUnit4Runner2$3.evaluate(CTestJUnit4Runner2.java:192)
	at org.junit.rules.ExternalResource$1.evaluate(ExternalResource.java:54)
	at org.junit.rules.ExternalResource$1.evaluate(ExternalResource.java:54)
	at org.junit.rules.ExpectedException$ExpectedExceptionStatement.evaluate(ExpectedException.java:258)
	at org.junit.runners.ParentRunner$3.evaluate(ParentRunner.java:306)
	at org.junit.runners.BlockJUnit4ClassRunner$1.evaluate(BlockJUnit4ClassRunner.java:100)
	at org.junit.runners.ParentRunner.runLeaf(ParentRunner.java:366)
	at org.junit.runners.BlockJUnit4ClassRunner.runChild(BlockJUnit4ClassRunner.java:103)
	at org.junit.runners.BlockJUnit4ClassRunner.runChild(BlockJUnit4ClassRunner.java:63)
	at org.junit.runners.ParentRunner$4.run(ParentRunner.java:331)
	at org.junit.runners.ParentRunner$1.schedule(ParentRunner.java:79)
	at org.junit.runners.ParentRunner.runChildren(ParentRunner.java:329)
	at org.junit.runners.ParentRunner.access$100(ParentRunner.java:66)
	at org.junit.runners.ParentRunner$2.evaluate(ParentRunner.java:293)
	at edu.illinois.CTestJUnit4Runner2$1.evaluate(CTestJUnit4Runner2.java:133)
	at org.junit.internal.runners.statements.RunAfters.evaluate(RunAfters.java:27)
	at edu.illinois.CTestJUnit4Runner2$4.evaluate(CTestJUnit4Runner2.java:214)
	at org.junit.runners.ParentRunner$3.evaluate(ParentRunner.java:306)
	at org.junit.runners.ParentRunner.run(ParentRunner.java:413)
	at org.apache.maven.surefire.junit4.JUnit4Provider.execute(JUnit4Provider.java:364)
	at org.apache.maven.surefire.junit4.JUnit4Provider.executeWithRerun(JUnit4Provider.java:272)
	at org.apache.maven.surefire.junit4.JUnit4Provider.executeTestSet(JUnit4Provider.java:237)
	at org.apache.maven.surefire.junit4.JUnit4Provider.invoke(JUnit4Provider.java:158)
	at org.apache.maven.surefire.booter.ForkedBooter.runSuitesInProcess(ForkedBooter.java:428)
	at org.apache.maven.surefire.booter.ForkedBooter.execute(ForkedBooter.java:162)
	at org.apache.maven.surefire.booter.ForkedBooter.run(ForkedBooter.java:562)
	at org.apache.maven.surefire.booter.ForkedBooter.main(ForkedBooter.java:548)

[[1;31mERROR[m] alluxio.conf.InstancedConfigurationTest.getNestedPropertiesEmptyTrailingProperty  Time elapsed: 0.007 s  <<< ERROR!
edu.illinois.UnUsedConfigParamException: git.commit.id.full was not used during the test.
	at edu.illinois.CTestJUnit4Runner2$3.evaluate(CTestJUnit4Runner2.java:192)
	at org.junit.rules.ExternalResource$1.evaluate(ExternalResource.java:54)
	at org.junit.rules.ExternalResource$1.evaluate(ExternalResource.java:54)
	at org.junit.rules.ExpectedException$ExpectedExceptionStatement.evaluate(ExpectedException.java:258)
	at org.junit.runners.ParentRunner$3.evaluate(ParentRunner.java:306)
	at org.junit.runners.BlockJUnit4ClassRunner$1.evaluate(BlockJUnit4ClassRunner.java:100)
	at org.junit.runners.ParentRunner.runLeaf(ParentRunner.java:366)
	at org.junit.runners.BlockJUnit4ClassRunner.runChild(BlockJUnit4ClassRunner.java:103)
	at org.junit.runners.BlockJUnit4ClassRunner.runChild(BlockJUnit4ClassRunner.java:63)
	at org.junit.runners.ParentRunner$4.run(ParentRunner.java:331)
	at org.junit.runners.ParentRunner$1.schedule(ParentRunner.java:79)
	at org.junit.runners.ParentRunner.runChildren(ParentRunner.java:329)
	at org.junit.runners.ParentRunner.access$100(ParentRunner.java:66)
	at org.junit.runners.ParentRunner$2.evaluate(ParentRunner.java:293)
	at edu.illinois.CTestJUnit4Runner2$1.evaluate(CTestJUnit4Runner2.java:133)
	at org.junit.internal.runners.statements.RunAfters.evaluate(RunAfters.java:27)
	at edu.illinois.CTestJUnit4Runner2$4.evaluate(CTestJUnit4Runner2.java:214)
	at org.junit.runners.ParentRunner$3.evaluate(ParentRunner.java:306)
	at org.junit.runners.ParentRunner.run(ParentRunner.java:413)
	at org.apache.maven.surefire.junit4.JUnit4Provider.execute(JUnit4Provider.java:364)
	at org.apache.maven.surefire.junit4.JUnit4Provider.executeWithRerun(JUnit4Provider.java:272)
	at org.apache.maven.surefire.junit4.JUnit4Provider.executeTestSet(JUnit4Provider.java:237)
	at org.apache.maven.surefire.junit4.JUnit4Provider.invoke(JUnit4Provider.java:158)
	at org.apache.maven.surefire.booter.ForkedBooter.runSuitesInProcess(ForkedBooter.java:428)
	at org.apache.maven.surefire.booter.ForkedBooter.execute(ForkedBooter.java:162)
	at org.apache.maven.surefire.booter.ForkedBooter.run(ForkedBooter.java:562)
	at org.apache.maven.surefire.booter.ForkedBooter.main(ForkedBooter.java:548)

[[1;31mERROR[m] alluxio.conf.InstancedConfigurationTest.testAllKeyTypes  Time elapsed: 0.098 s  <<< ERROR!
edu.illinois.UnUsedConfigParamException: git.commit.id.full was not used during the test.
	at edu.illinois.CTestJUnit4Runner2$3.evaluate(CTestJUnit4Runner2.java:192)
	at org.junit.rules.ExternalResource$1.evaluate(ExternalResource.java:54)
	at org.junit.rules.ExternalResource$1.evaluate(ExternalResource.java:54)
	at org.junit.rules.ExpectedException$ExpectedExceptionStatement.evaluate(ExpectedException.java:258)
	at org.junit.runners.ParentRunner$3.evaluate(ParentRunner.java:306)
	at org.junit.runners.BlockJUnit4ClassRunner$1.evaluate(BlockJUnit4ClassRunner.java:100)
	at org.junit.runners.ParentRunner.runLeaf(ParentRunner.java:366)
	at org.junit.runners.BlockJUnit4ClassRunner.runChild(BlockJUnit4ClassRunner.java:103)
	at org.junit.runners.BlockJUnit4ClassRunner.runChild(BlockJUnit4ClassRunner.java:63)
	at org.junit.runners.ParentRunner$4.run(ParentRunner.java:331)
	at org.junit.runners.ParentRunner$1.schedule(ParentRunner.java:79)
	at org.junit.runners.ParentRunner.runChildren(ParentRunner.java:329)
	at org.junit.runners.ParentRunner.access$100(ParentRunner.java:66)
	at org.junit.runners.ParentRunner$2.evaluate(ParentRunner.java:293)
	at edu.illinois.CTestJUnit4Runner2$1.evaluate(CTestJUnit4Runner2.java:133)
	at org.junit.internal.runners.statements.RunAfters.evaluate(RunAfters.java:27)
	at edu.illinois.CTestJUnit4Runner2$4.evaluate(CTestJUnit4Runner2.java:214)
	at org.junit.runners.ParentRunner$3.evaluate(ParentRunner.java:306)
	at org.junit.runners.ParentRunner.run(ParentRunner.java:413)
	at org.apache.maven.surefire.junit4.JUnit4Provider.execute(JUnit4Provider.java:364)
	at org.apache.maven.surefire.junit4.JUnit4Provider.executeWithRerun(JUnit4Provider.java:272)
	at org.apache.maven.surefire.junit4.JUnit4Provider.executeTestSet(JUnit4Provider.java:237)
	at org.apache.maven.surefire.junit4.JUnit4Provider.invoke(JUnit4Provider.java:158)
	at org.apache.maven.surefire.booter.ForkedBooter.runSuitesInProcess(ForkedBooter.java:428)
	at org.apache.maven.surefire.booter.ForkedBooter.execute(ForkedBooter.java:162)
	at org.apache.maven.surefire.booter.ForkedBooter.run(ForkedBooter.java:562)
	at org.apache.maven.surefire.booter.ForkedBooter.main(ForkedBooter.java:548)

[[1;31mERROR[m] alluxio.conf.InstancedConfigurationTest.getNestedProperties  Time elapsed: 0.006 s  <<< ERROR!
edu.illinois.UnUsedConfigParamException: git.commit.id.full was not used during the test.
	at edu.illinois.CTestJUnit4Runner2$3.evaluate(CTestJUnit4Runner2.java:192)
	at org.junit.rules.ExternalResource$1.evaluate(ExternalResource.java:54)
	at org.junit.rules.ExternalResource$1.evaluate(ExternalResource.java:54)
	at org.junit.rules.ExpectedException$ExpectedExceptionStatement.evaluate(ExpectedException.java:258)
	at org.junit.runners.ParentRunner$3.evaluate(ParentRunner.java:306)
	at org.junit.runners.BlockJUnit4ClassRunner$1.evaluate(BlockJUnit4ClassRunner.java:100)
	at org.junit.runners.ParentRunner.runLeaf(ParentRunner.java:366)
	at org.junit.runners.BlockJUnit4ClassRunner.runChild(BlockJUnit4ClassRunner.java:103)
	at org.junit.runners.BlockJUnit4ClassRunner.runChild(BlockJUnit4ClassRunner.java:63)
	at org.junit.runners.ParentRunner$4.run(ParentRunner.java:331)
	at org.junit.runners.ParentRunner$1.schedule(ParentRunner.java:79)
	at org.junit.runners.ParentRunner.runChildren(ParentRunner.java:329)
	at org.junit.runners.ParentRunner.access$100(ParentRunner.java:66)
	at org.junit.runners.ParentRunner$2.evaluate(ParentRunner.java:293)
	at edu.illinois.CTestJUnit4Runner2$1.evaluate(CTestJUnit4Runner2.java:133)
	at org.junit.internal.runners.statements.RunAfters.evaluate(RunAfters.java:27)
	at edu.illinois.CTestJUnit4Runner2$4.evaluate(CTestJUnit4Runner2.java:214)
	at org.junit.runners.ParentRunner$3.evaluate(ParentRunner.java:306)
	at org.junit.runners.ParentRunner.run(ParentRunner.java:413)
	at org.apache.maven.surefire.junit4.JUnit4Provider.execute(JUnit4Provider.java:364)
	at org.apache.maven.surefire.junit4.JUnit4Provider.executeWithRerun(JUnit4Provider.java:272)
	at org.apache.maven.surefire.junit4.JUnit4Provider.executeTestSet(JUnit4Provider.java:237)
	at org.apache.maven.surefire.junit4.JUnit4Provider.invoke(JUnit4Provider.java:158)
	at org.apache.maven.surefire.booter.ForkedBooter.runSuitesInProcess(ForkedBooter.java:428)
	at org.apache.maven.surefire.booter.ForkedBooter.execute(ForkedBooter.java:162)
	at org.apache.maven.surefire.booter.ForkedBooter.run(ForkedBooter.java:562)
	at org.apache.maven.surefire.booter.ForkedBooter.main(ForkedBooter.java:548)

[[1;31mERROR[m] alluxio.conf.InstancedConfigurationTest.toMap  Time elapsed: 0.01 s  <<< ERROR!
edu.illinois.UnUsedConfigParamException: git.commit.id.full was not used during the test.
	at edu.illinois.CTestJUnit4Runner2$3.evaluate(CTestJUnit4Runner2.java:192)
	at org.junit.rules.ExternalResource$1.evaluate(ExternalResource.java:54)
	at org.junit.rules.ExternalResource$1.evaluate(ExternalResource.java:54)
	at org.junit.rules.ExpectedException$ExpectedExceptionStatement.evaluate(ExpectedException.java:258)
	at org.junit.runners.ParentRunner$3.evaluate(ParentRunner.java:306)
	at org.junit.runners.BlockJUnit4ClassRunner$1.evaluate(BlockJUnit4ClassRunner.java:100)
	at org.junit.runners.ParentRunner.runLeaf(ParentRunner.java:366)
	at org.junit.runners.BlockJUnit4ClassRunner.runChild(BlockJUnit4ClassRunner.java:103)
	at org.junit.runners.BlockJUnit4ClassRunner.runChild(BlockJUnit4ClassRunner.java:63)
	at org.junit.runners.ParentRunner$4.run(ParentRunner.java:331)
	at org.junit.runners.ParentRunner$1.schedule(ParentRunner.java:79)
	at org.junit.runners.ParentRunner.runChildren(ParentRunner.java:329)
	at org.junit.runners.ParentRunner.access$100(ParentRunner.java:66)
	at org.junit.runners.ParentRunner$2.evaluate(ParentRunner.java:293)
	at edu.illinois.CTestJUnit4Runner2$1.evaluate(CTestJUnit4Runner2.java:133)
	at org.junit.internal.runners.statements.RunAfters.evaluate(RunAfters.java:27)
	at edu.illinois.CTestJUnit4Runner2$4.evaluate(CTestJUnit4Runner2.java:214)
	at org.junit.runners.ParentRunner$3.evaluate(ParentRunner.java:306)
	at org.junit.runners.ParentRunner.run(ParentRunner.java:413)
	at org.apache.maven.surefire.junit4.JUnit4Provider.execute(JUnit4Provider.java:364)
	at org.apache.maven.surefire.junit4.JUnit4Provider.executeWithRerun(JUnit4Provider.java:272)
	at org.apache.maven.surefire.junit4.JUnit4Provider.executeTestSet(JUnit4Provider.java:237)
	at org.apache.maven.surefire.junit4.JUnit4Provider.invoke(JUnit4Provider.java:158)
	at org.apache.maven.surefire.booter.ForkedBooter.runSuitesInProcess(ForkedBooter.java:428)
	at org.apache.maven.surefire.booter.ForkedBooter.execute(ForkedBooter.java:162)
	at org.apache.maven.surefire.booter.ForkedBooter.run(ForkedBooter.java:562)
	at org.apache.maven.surefire.booter.ForkedBooter.main(ForkedBooter.java:548)

[[1;31mERROR[m] alluxio.conf.InstancedConfigurationTest.getNestedDefaultDisplayValue  Time elapsed: 0.011 s  <<< ERROR!
edu.illinois.UnUsedConfigParamException: git.commit.id.full was not used during the test.
	at edu.illinois.CTestJUnit4Runner2$3.evaluate(CTestJUnit4Runner2.java:192)
	at org.junit.rules.ExternalResource$1.evaluate(ExternalResource.java:54)
	at org.junit.rules.ExternalResource$1.evaluate(ExternalResource.java:54)
	at org.junit.rules.ExpectedException$ExpectedExceptionStatement.evaluate(ExpectedException.java:258)
	at org.junit.runners.ParentRunner$3.evaluate(ParentRunner.java:306)
	at org.junit.runners.BlockJUnit4ClassRunner$1.evaluate(BlockJUnit4ClassRunner.java:100)
	at org.junit.runners.ParentRunner.runLeaf(ParentRunner.java:366)
	at org.junit.runners.BlockJUnit4ClassRunner.runChild(BlockJUnit4ClassRunner.java:103)
	at org.junit.runners.BlockJUnit4ClassRunner.runChild(BlockJUnit4ClassRunner.java:63)
	at org.junit.runners.ParentRunner$4.run(ParentRunner.java:331)
	at org.junit.runners.ParentRunner$1.schedule(ParentRunner.java:79)
	at org.junit.runners.ParentRunner.runChildren(ParentRunner.java:329)
	at org.junit.runners.ParentRunner.access$100(ParentRunner.java:66)
	at org.junit.runners.ParentRunner$2.evaluate(ParentRunner.java:293)
	at edu.illinois.CTestJUnit4Runner2$1.evaluate(CTestJUnit4Runner2.java:133)
	at org.junit.internal.runners.statements.RunAfters.evaluate(RunAfters.java:27)
	at edu.illinois.CTestJUnit4Runner2$4.evaluate(CTestJUnit4Runner2.java:214)
	at org.junit.runners.ParentRunner$3.evaluate(ParentRunner.java:306)
	at org.junit.runners.ParentRunner.run(ParentRunner.java:413)
	at org.apache.maven.surefire.junit4.JUnit4Provider.execute(JUnit4Provider.java:364)
	at org.apache.maven.surefire.junit4.JUnit4Provider.executeWithRerun(JUnit4Provider.java:272)
	at org.apache.maven.surefire.junit4.JUnit4Provider.executeTestSet(JUnit4Provider.java:237)
	at org.apache.maven.surefire.junit4.JUnit4Provider.invoke(JUnit4Provider.java:158)
	at org.apache.maven.surefire.booter.ForkedBooter.runSuitesInProcess(ForkedBooter.java:428)
	at org.apache.maven.surefire.booter.ForkedBooter.execute(ForkedBooter.java:162)
	at org.apache.maven.surefire.booter.ForkedBooter.run(ForkedBooter.java:562)
	at org.apache.maven.surefire.booter.ForkedBooter.main(ForkedBooter.java:548)

[[1;31mERROR[m] alluxio.conf.InstancedConfigurationTest.getCredentialsDisplayValue  Time elapsed: 0.009 s  <<< ERROR!
edu.illinois.UnUsedConfigParamException: git.commit.id.full was not used during the test.
	at edu.illinois.CTestJUnit4Runner2$3.evaluate(CTestJUnit4Runner2.java:192)
	at org.junit.rules.ExternalResource$1.evaluate(ExternalResource.java:54)
	at org.junit.rules.ExternalResource$1.evaluate(ExternalResource.java:54)
	at org.junit.rules.ExpectedException$ExpectedExceptionStatement.evaluate(ExpectedException.java:258)
	at org.junit.runners.ParentRunner$3.evaluate(ParentRunner.java:306)
	at org.junit.runners.BlockJUnit4ClassRunner$1.evaluate(BlockJUnit4ClassRunner.java:100)
	at org.junit.runners.ParentRunner.runLeaf(ParentRunner.java:366)
	at org.junit.runners.BlockJUnit4ClassRunner.runChild(BlockJUnit4ClassRunner.java:103)
	at org.junit.runners.BlockJUnit4ClassRunner.runChild(BlockJUnit4ClassRunner.java:63)
	at org.junit.runners.ParentRunner$4.run(ParentRunner.java:331)
	at org.junit.runners.ParentRunner$1.schedule(ParentRunner.java:79)
	at org.junit.runners.ParentRunner.runChildren(ParentRunner.java:329)
	at org.junit.runners.ParentRunner.access$100(ParentRunner.java:66)
	at org.junit.runners.ParentRunner$2.evaluate(ParentRunner.java:293)
	at edu.illinois.CTestJUnit4Runner2$1.evaluate(CTestJUnit4Runner2.java:133)
	at org.junit.internal.runners.statements.RunAfters.evaluate(RunAfters.java:27)
	at edu.illinois.CTestJUnit4Runner2$4.evaluate(CTestJUnit4Runner2.java:214)
	at org.junit.runners.ParentRunner$3.evaluate(ParentRunner.java:306)
	at org.junit.runners.ParentRunner.run(ParentRunner.java:413)
	at org.apache.maven.surefire.junit4.JUnit4Provider.execute(JUnit4Provider.java:364)
	at org.apache.maven.surefire.junit4.JUnit4Provider.executeWithRerun(JUnit4Provider.java:272)
	at org.apache.maven.surefire.junit4.JUnit4Provider.executeTestSet(JUnit4Provider.java:237)
	at org.apache.maven.surefire.junit4.JUnit4Provider.invoke(JUnit4Provider.java:158)
	at org.apache.maven.surefire.booter.ForkedBooter.runSuitesInProcess(ForkedBooter.java:428)
	at org.apache.maven.surefire.booter.ForkedBooter.execute(ForkedBooter.java:162)
	at org.apache.maven.surefire.booter.ForkedBooter.run(ForkedBooter.java:562)
	at org.apache.maven.surefire.booter.ForkedBooter.main(ForkedBooter.java:548)

[[1;31mERROR[m] alluxio.conf.InstancedConfigurationTest.getNestedCredentialsDisplayValue  Time elapsed: 0.008 s  <<< ERROR!
edu.illinois.UnUsedConfigParamException: git.commit.id.full was not used during the test.
	at edu.illinois.CTestJUnit4Runner2$3.evaluate(CTestJUnit4Runner2.java:192)
	at org.junit.rules.ExternalResource$1.evaluate(ExternalResource.java:54)
	at org.junit.rules.ExternalResource$1.evaluate(ExternalResource.java:54)
	at org.junit.rules.ExpectedException$ExpectedExceptionStatement.evaluate(ExpectedException.java:258)
	at org.junit.runners.ParentRunner$3.evaluate(ParentRunner.java:306)
	at org.junit.runners.BlockJUnit4ClassRunner$1.evaluate(BlockJUnit4ClassRunner.java:100)
	at org.junit.runners.ParentRunner.runLeaf(ParentRunner.java:366)
	at org.junit.runners.BlockJUnit4ClassRunner.runChild(BlockJUnit4ClassRunner.java:103)
	at org.junit.runners.BlockJUnit4ClassRunner.runChild(BlockJUnit4ClassRunner.java:63)
	at org.junit.runners.ParentRunner$4.run(ParentRunner.java:331)
	at org.junit.runners.ParentRunner$1.schedule(ParentRunner.java:79)
	at org.junit.runners.ParentRunner.runChildren(ParentRunner.java:329)
	at org.junit.runners.ParentRunner.access$100(ParentRunner.java:66)
	at org.junit.runners.ParentRunner$2.evaluate(ParentRunner.java:293)
	at edu.illinois.CTestJUnit4Runner2$1.evaluate(CTestJUnit4Runner2.java:133)
	at org.junit.internal.runners.statements.RunAfters.evaluate(RunAfters.java:27)
	at edu.illinois.CTestJUnit4Runner2$4.evaluate(CTestJUnit4Runner2.java:214)
	at org.junit.runners.ParentRunner$3.evaluate(ParentRunner.java:306)
	at org.junit.runners.ParentRunner.run(ParentRunner.java:413)
	at org.apache.maven.surefire.junit4.JUnit4Provider.execute(JUnit4Provider.java:364)
	at org.apache.maven.surefire.junit4.JUnit4Provider.executeWithRerun(JUnit4Provider.java:272)
	at org.apache.maven.surefire.junit4.JUnit4Provider.executeTestSet(JUnit4Provider.java:237)
	at org.apache.maven.surefire.junit4.JUnit4Provider.invoke(JUnit4Provider.java:158)
	at org.apache.maven.surefire.booter.ForkedBooter.runSuitesInProcess(ForkedBooter.java:428)
	at org.apache.maven.surefire.booter.ForkedBooter.execute(ForkedBooter.java:162)
	at org.apache.maven.surefire.booter.ForkedBooter.run(ForkedBooter.java:562)
	at org.apache.maven.surefire.booter.ForkedBooter.main(ForkedBooter.java:548)

[[1;31mERROR[m] alluxio.conf.InstancedConfigurationTest.getTemplateCredentialsDisplayValue  Time elapsed: 0.017 s  <<< ERROR!
edu.illinois.UnUsedConfigParamException: git.commit.id.full was not used during the test.
	at edu.illinois.CTestJUnit4Runner2$3.evaluate(CTestJUnit4Runner2.java:192)
	at org.junit.rules.ExternalResource$1.evaluate(ExternalResource.java:54)
	at org.junit.rules.ExternalResource$1.evaluate(ExternalResource.java:54)
	at org.junit.rules.ExpectedException$ExpectedExceptionStatement.evaluate(ExpectedException.java:258)
	at org.junit.runners.ParentRunner$3.evaluate(ParentRunner.java:306)
	at org.junit.runners.BlockJUnit4ClassRunner$1.evaluate(BlockJUnit4ClassRunner.java:100)
	at org.junit.runners.ParentRunner.runLeaf(ParentRunner.java:366)
	at org.junit.runners.BlockJUnit4ClassRunner.runChild(BlockJUnit4ClassRunner.java:103)
	at org.junit.runners.BlockJUnit4ClassRunner.runChild(BlockJUnit4ClassRunner.java:63)
	at org.junit.runners.ParentRunner$4.run(ParentRunner.java:331)
	at org.junit.runners.ParentRunner$1.schedule(ParentRunner.java:79)
	at org.junit.runners.ParentRunner.runChildren(ParentRunner.java:329)
	at org.junit.runners.ParentRunner.access$100(ParentRunner.java:66)
	at org.junit.runners.ParentRunner$2.evaluate(ParentRunner.java:293)
	at edu.illinois.CTestJUnit4Runner2$1.evaluate(CTestJUnit4Runner2.java:133)
	at org.junit.internal.runners.statements.RunAfters.evaluate(RunAfters.java:27)
	at edu.illinois.CTestJUnit4Runner2$4.evaluate(CTestJUnit4Runner2.java:214)
	at org.junit.runners.ParentRunner$3.evaluate(ParentRunner.java:306)
	at org.junit.runners.ParentRunner.run(ParentRunner.java:413)
	at org.apache.maven.surefire.junit4.JUnit4Provider.execute(JUnit4Provider.java:364)
	at org.apache.maven.surefire.junit4.JUnit4Provider.executeWithRerun(JUnit4Provider.java:289)
	at org.apache.maven.surefire.junit4.JUnit4Provider.executeTestSet(JUnit4Provider.java:237)
	at org.apache.maven.surefire.junit4.JUnit4Provider.invoke(JUnit4Provider.java:158)
	at org.apache.maven.surefire.booter.ForkedBooter.runSuitesInProcess(ForkedBooter.java:428)
	at org.apache.maven.surefire.booter.ForkedBooter.execute(ForkedBooter.java:162)
	at org.apache.maven.surefire.booter.ForkedBooter.run(ForkedBooter.java:562)
	at org.apache.maven.surefire.booter.ForkedBooter.main(ForkedBooter.java:548)

[[1;31mERROR[m] alluxio.conf.InstancedConfigurationTest.toRawMap  Time elapsed: 0.005 s  <<< ERROR!
edu.illinois.UnUsedConfigParamException: git.commit.id.full was not used during the test.
	at edu.illinois.CTestJUnit4Runner2$3.evaluate(CTestJUnit4Runner2.java:192)
	at org.junit.rules.ExternalResource$1.evaluate(ExternalResource.java:54)
	at org.junit.rules.ExternalResource$1.evaluate(ExternalResource.java:54)
	at org.junit.rules.ExpectedException$ExpectedExceptionStatement.evaluate(ExpectedException.java:258)
	at org.junit.runners.ParentRunner$3.evaluate(ParentRunner.java:306)
	at org.junit.runners.BlockJUnit4ClassRunner$1.evaluate(BlockJUnit4ClassRunner.java:100)
	at org.junit.runners.ParentRunner.runLeaf(ParentRunner.java:366)
	at org.junit.runners.BlockJUnit4ClassRunner.runChild(BlockJUnit4ClassRunner.java:103)
	at org.junit.runners.BlockJUnit4ClassRunner.runChild(BlockJUnit4ClassRunner.java:63)
	at org.junit.runners.ParentRunner$4.run(ParentRunner.java:331)
	at org.junit.runners.ParentRunner$1.schedule(ParentRunner.java:79)
	at org.junit.runners.ParentRunner.runChildren(ParentRunner.java:329)
	at org.junit.runners.ParentRunner.access$100(ParentRunner.java:66)
	at org.junit.runners.ParentRunner$2.evaluate(ParentRunner.java:293)
	at edu.illinois.CTestJUnit4Runner2$1.evaluate(CTestJUnit4Runner2.java:133)
	at org.junit.internal.runners.statements.RunAfters.evaluate(RunAfters.java:27)
	at edu.illinois.CTestJUnit4Runner2$4.evaluate(CTestJUnit4Runner2.java:214)
	at org.junit.runners.ParentRunner$3.evaluate(ParentRunner.java:306)
	at org.junit.runners.ParentRunner.run(ParentRunner.java:413)
	at org.apache.maven.surefire.junit4.JUnit4Provider.execute(JUnit4Provider.java:364)
	at org.apache.maven.surefire.junit4.JUnit4Provider.executeWithRerun(JUnit4Provider.java:289)
	at org.apache.maven.surefire.junit4.JUnit4Provider.executeTestSet(JUnit4Provider.java:237)
	at org.apache.maven.surefire.junit4.JUnit4Provider.invoke(JUnit4Provider.java:158)
	at org.apache.maven.surefire.booter.ForkedBooter.runSuitesInProcess(ForkedBooter.java:428)
	at org.apache.maven.surefire.booter.ForkedBooter.execute(ForkedBooter.java:162)
	at org.apache.maven.surefire.booter.ForkedBooter.run(ForkedBooter.java:562)
	at org.apache.maven.surefire.booter.ForkedBooter.main(ForkedBooter.java:548)

[[1;31mERROR[m] alluxio.conf.InstancedConfigurationTest.getDefaultDisplayValue  Time elapsed: 0.007 s  <<< ERROR!
edu.illinois.UnUsedConfigParamException: git.commit.id.full was not used during the test.
	at edu.illinois.CTestJUnit4Runner2$3.evaluate(CTestJUnit4Runner2.java:192)
	at org.junit.rules.ExternalResource$1.evaluate(ExternalResource.java:54)
	at org.junit.rules.ExternalResource$1.evaluate(ExternalResource.java:54)
	at org.junit.rules.ExpectedException$ExpectedExceptionStatement.evaluate(ExpectedException.java:258)
	at org.junit.runners.ParentRunner$3.evaluate(ParentRunner.java:306)
	at org.junit.runners.BlockJUnit4ClassRunner$1.evaluate(BlockJUnit4ClassRunner.java:100)
	at org.junit.runners.ParentRunner.runLeaf(ParentRunner.java:366)
	at org.junit.runners.BlockJUnit4ClassRunner.runChild(BlockJUnit4ClassRunner.java:103)
	at org.junit.runners.BlockJUnit4ClassRunner.runChild(BlockJUnit4ClassRunner.java:63)
	at org.junit.runners.ParentRunner$4.run(ParentRunner.java:331)
	at org.junit.runners.ParentRunner$1.schedule(ParentRunner.java:79)
	at org.junit.runners.ParentRunner.runChildren(ParentRunner.java:329)
	at org.junit.runners.ParentRunner.access$100(ParentRunner.java:66)
	at org.junit.runners.ParentRunner$2.evaluate(ParentRunner.java:293)
	at edu.illinois.CTestJUnit4Runner2$1.evaluate(CTestJUnit4Runner2.java:133)
	at org.junit.internal.runners.statements.RunAfters.evaluate(RunAfters.java:27)
	at edu.illinois.CTestJUnit4Runner2$4.evaluate(CTestJUnit4Runner2.java:214)
	at org.junit.runners.ParentRunner$3.evaluate(ParentRunner.java:306)
	at org.junit.runners.ParentRunner.run(ParentRunner.java:413)
	at org.apache.maven.surefire.junit4.JUnit4Provider.execute(JUnit4Provider.java:364)
	at org.apache.maven.surefire.junit4.JUnit4Provider.executeWithRerun(JUnit4Provider.java:289)
	at org.apache.maven.surefire.junit4.JUnit4Provider.executeTestSet(JUnit4Provider.java:237)
	at org.apache.maven.surefire.junit4.JUnit4Provider.invoke(JUnit4Provider.java:158)
	at org.apache.maven.surefire.booter.ForkedBooter.runSuitesInProcess(ForkedBooter.java:428)
	at org.apache.maven.surefire.booter.ForkedBooter.execute(ForkedBooter.java:162)
	at org.apache.maven.surefire.booter.ForkedBooter.run(ForkedBooter.java:562)
	at org.apache.maven.surefire.booter.ForkedBooter.main(ForkedBooter.java:548)

[[1;31mERROR[m] alluxio.conf.InstancedConfigurationTest.getNestedPropertiesWrongPrefix  Time elapsed: 0.006 s  <<< ERROR!
edu.illinois.UnUsedConfigParamException: git.commit.id.full was not used during the test.
	at edu.illinois.CTestJUnit4Runner2$3.evaluate(CTestJUnit4Runner2.java:192)
	at org.junit.rules.ExternalResource$1.evaluate(ExternalResource.java:54)
	at org.junit.rules.ExternalResource$1.evaluate(ExternalResource.java:54)
	at org.junit.rules.ExpectedException$ExpectedExceptionStatement.evaluate(ExpectedException.java:258)
	at org.junit.runners.ParentRunner$3.evaluate(ParentRunner.java:306)
	at org.junit.runners.BlockJUnit4ClassRunner$1.evaluate(BlockJUnit4ClassRunner.java:100)
	at org.junit.runners.ParentRunner.runLeaf(ParentRunner.java:366)
	at org.junit.runners.BlockJUnit4ClassRunner.runChild(BlockJUnit4ClassRunner.java:103)
	at org.junit.runners.BlockJUnit4ClassRunner.runChild(BlockJUnit4ClassRunner.java:63)
	at org.junit.runners.ParentRunner$4.run(ParentRunner.java:331)
	at org.junit.runners.ParentRunner$1.schedule(ParentRunner.java:79)
	at org.junit.runners.ParentRunner.runChildren(ParentRunner.java:329)
	at org.junit.runners.ParentRunner.access$100(ParentRunner.java:66)
	at org.junit.runners.ParentRunner$2.evaluate(ParentRunner.java:293)
	at edu.illinois.CTestJUnit4Runner2$1.evaluate(CTestJUnit4Runner2.java:133)
	at org.junit.internal.runners.statements.RunAfters.evaluate(RunAfters.java:27)
	at edu.illinois.CTestJUnit4Runner2$4.evaluate(CTestJUnit4Runner2.java:214)
	at org.junit.runners.ParentRunner$3.evaluate(ParentRunner.java:306)
	at org.junit.runners.ParentRunner.run(ParentRunner.java:413)
	at org.apache.maven.surefire.junit4.JUnit4Provider.execute(JUnit4Provider.java:364)
	at org.apache.maven.surefire.junit4.JUnit4Provider.executeWithRerun(JUnit4Provider.java:289)
	at org.apache.maven.surefire.junit4.JUnit4Provider.executeTestSet(JUnit4Provider.java:237)
	at org.apache.maven.surefire.junit4.JUnit4Provider.invoke(JUnit4Provider.java:158)
	at org.apache.maven.surefire.booter.ForkedBooter.runSuitesInProcess(ForkedBooter.java:428)
	at org.apache.maven.surefire.booter.ForkedBooter.execute(ForkedBooter.java:162)
	at org.apache.maven.surefire.booter.ForkedBooter.run(ForkedBooter.java:562)
	at org.apache.maven.surefire.booter.ForkedBooter.main(ForkedBooter.java:548)

[[1;31mERROR[m] alluxio.conf.InstancedConfigurationTest.getNestedPropertiesEmptyTrailingProperty  Time elapsed: 0.007 s  <<< ERROR!
edu.illinois.UnUsedConfigParamException: git.commit.id.full was not used during the test.
	at edu.illinois.CTestJUnit4Runner2$3.evaluate(CTestJUnit4Runner2.java:192)
	at org.junit.rules.ExternalResource$1.evaluate(ExternalResource.java:54)
	at org.junit.rules.ExternalResource$1.evaluate(ExternalResource.java:54)
	at org.junit.rules.ExpectedException$ExpectedExceptionStatement.evaluate(ExpectedException.java:258)
	at org.junit.runners.ParentRunner$3.evaluate(ParentRunner.java:306)
	at org.junit.runners.BlockJUnit4ClassRunner$1.evaluate(BlockJUnit4ClassRunner.java:100)
	at org.junit.runners.ParentRunner.runLeaf(ParentRunner.java:366)
	at org.junit.runners.BlockJUnit4ClassRunner.runChild(BlockJUnit4ClassRunner.java:103)
	at org.junit.runners.BlockJUnit4ClassRunner.runChild(BlockJUnit4ClassRunner.java:63)
	at org.junit.runners.ParentRunner$4.run(ParentRunner.java:331)
	at org.junit.runners.ParentRunner$1.schedule(ParentRunner.java:79)
	at org.junit.runners.ParentRunner.runChildren(ParentRunner.java:329)
	at org.junit.runners.ParentRunner.access$100(ParentRunner.java:66)
	at org.junit.runners.ParentRunner$2.evaluate(ParentRunner.java:293)
	at edu.illinois.CTestJUnit4Runner2$1.evaluate(CTestJUnit4Runner2.java:133)
	at org.junit.internal.runners.statements.RunAfters.evaluate(RunAfters.java:27)
	at edu.illinois.CTestJUnit4Runner2$4.evaluate(CTestJUnit4Runner2.java:214)
	at org.junit.runners.ParentRunner$3.evaluate(ParentRunner.java:306)
	at org.junit.runners.ParentRunner.run(ParentRunner.java:413)
	at org.apache.maven.surefire.junit4.JUnit4Provider.execute(JUnit4Provider.java:364)
	at org.apache.maven.surefire.junit4.JUnit4Provider.executeWithRerun(JUnit4Provider.java:289)
	at org.apache.maven.surefire.junit4.JUnit4Provider.executeTestSet(JUnit4Provider.java:237)
	at org.apache.maven.surefire.junit4.JUnit4Provider.invoke(JUnit4Provider.java:158)
	at org.apache.maven.surefire.booter.ForkedBooter.runSuitesInProcess(ForkedBooter.java:428)
	at org.apache.maven.surefire.booter.ForkedBooter.execute(ForkedBooter.java:162)
	at org.apache.maven.surefire.booter.ForkedBooter.run(ForkedBooter.java:562)
	at org.apache.maven.surefire.booter.ForkedBooter.main(ForkedBooter.java:548)

[[1;31mERROR[m] alluxio.conf.InstancedConfigurationTest.testAllKeyTypes  Time elapsed: 0.12 s  <<< ERROR!
edu.illinois.UnUsedConfigParamException: git.commit.id.full was not used during the test.
	at edu.illinois.CTestJUnit4Runner2$3.evaluate(CTestJUnit4Runner2.java:192)
	at org.junit.rules.ExternalResource$1.evaluate(ExternalResource.java:54)
	at org.junit.rules.ExternalResource$1.evaluate(ExternalResource.java:54)
	at org.junit.rules.ExpectedException$ExpectedExceptionStatement.evaluate(ExpectedException.java:258)
	at org.junit.runners.ParentRunner$3.evaluate(ParentRunner.java:306)
	at org.junit.runners.BlockJUnit4ClassRunner$1.evaluate(BlockJUnit4ClassRunner.java:100)
	at org.junit.runners.ParentRunner.runLeaf(ParentRunner.java:366)
	at org.junit.runners.BlockJUnit4ClassRunner.runChild(BlockJUnit4ClassRunner.java:103)
	at org.junit.runners.BlockJUnit4ClassRunner.runChild(BlockJUnit4ClassRunner.java:63)
	at org.junit.runners.ParentRunner$4.run(ParentRunner.java:331)
	at org.junit.runners.ParentRunner$1.schedule(ParentRunner.java:79)
	at org.junit.runners.ParentRunner.runChildren(ParentRunner.java:329)
	at org.junit.runners.ParentRunner.access$100(ParentRunner.java:66)
	at org.junit.runners.ParentRunner$2.evaluate(ParentRunner.java:293)
	at edu.illinois.CTestJUnit4Runner2$1.evaluate(CTestJUnit4Runner2.java:133)
	at org.junit.internal.runners.statements.RunAfters.evaluate(RunAfters.java:27)
	at edu.illinois.CTestJUnit4Runner2$4.evaluate(CTestJUnit4Runner2.java:214)
	at org.junit.runners.ParentRunner$3.evaluate(ParentRunner.java:306)
	at org.junit.runners.ParentRunner.run(ParentRunner.java:413)
	at org.apache.maven.surefire.junit4.JUnit4Provider.execute(JUnit4Provider.java:364)
	at org.apache.maven.surefire.junit4.JUnit4Provider.executeWithRerun(JUnit4Provider.java:289)
	at org.apache.maven.surefire.junit4.JUnit4Provider.executeTestSet(JUnit4Provider.java:237)
	at org.apache.maven.surefire.junit4.JUnit4Provider.invoke(JUnit4Provider.java:158)
	at org.apache.maven.surefire.booter.ForkedBooter.runSuitesInProcess(ForkedBooter.java:428)
	at org.apache.maven.surefire.booter.ForkedBooter.execute(ForkedBooter.java:162)
	at org.apache.maven.surefire.booter.ForkedBooter.run(ForkedBooter.java:562)
	at org.apache.maven.surefire.booter.ForkedBooter.main(ForkedBooter.java:548)

[[1;31mERROR[m] alluxio.conf.InstancedConfigurationTest.getNestedProperties  Time elapsed: 0.008 s  <<< ERROR!
edu.illinois.UnUsedConfigParamException: git.commit.id.full was not used during the test.
	at edu.illinois.CTestJUnit4Runner2$3.evaluate(CTestJUnit4Runner2.java:192)
	at org.junit.rules.ExternalResource$1.evaluate(ExternalResource.java:54)
	at org.junit.rules.ExternalResource$1.evaluate(ExternalResource.java:54)
	at org.junit.rules.ExpectedException$ExpectedExceptionStatement.evaluate(ExpectedException.java:258)
	at org.junit.runners.ParentRunner$3.evaluate(ParentRunner.java:306)
	at org.junit.runners.BlockJUnit4ClassRunner$1.evaluate(BlockJUnit4ClassRunner.java:100)
	at org.junit.runners.ParentRunner.runLeaf(ParentRunner.java:366)
	at org.junit.runners.BlockJUnit4ClassRunner.runChild(BlockJUnit4ClassRunner.java:103)
	at org.junit.runners.BlockJUnit4ClassRunner.runChild(BlockJUnit4ClassRunner.java:63)
	at org.junit.runners.ParentRunner$4.run(ParentRunner.java:331)
	at org.junit.runners.ParentRunner$1.schedule(ParentRunner.java:79)
	at org.junit.runners.ParentRunner.runChildren(ParentRunner.java:329)
	at org.junit.runners.ParentRunner.access$100(ParentRunner.java:66)
	at org.junit.runners.ParentRunner$2.evaluate(ParentRunner.java:293)
	at edu.illinois.CTestJUnit4Runner2$1.evaluate(CTestJUnit4Runner2.java:133)
	at org.junit.internal.runners.statements.RunAfters.evaluate(RunAfters.java:27)
	at edu.illinois.CTestJUnit4Runner2$4.evaluate(CTestJUnit4Runner2.java:214)
	at org.junit.runners.ParentRunner$3.evaluate(ParentRunner.java:306)
	at org.junit.runners.ParentRunner.run(ParentRunner.java:413)
	at org.apache.maven.surefire.junit4.JUnit4Provider.execute(JUnit4Provider.java:364)
	at org.apache.maven.surefire.junit4.JUnit4Provider.executeWithRerun(JUnit4Provider.java:289)
	at org.apache.maven.surefire.junit4.JUnit4Provider.executeTestSet(JUnit4Provider.java:237)
	at org.apache.maven.surefire.junit4.JUnit4Provider.invoke(JUnit4Provider.java:158)
	at org.apache.maven.surefire.booter.ForkedBooter.runSuitesInProcess(ForkedBooter.java:428)
	at org.apache.maven.surefire.booter.ForkedBooter.execute(ForkedBooter.java:162)
	at org.apache.maven.surefire.booter.ForkedBooter.run(ForkedBooter.java:562)
	at org.apache.maven.surefire.booter.ForkedBooter.main(ForkedBooter.java:548)

[[1;31mERROR[m] alluxio.conf.InstancedConfigurationTest.toMap  Time elapsed: 0.024 s  <<< ERROR!
edu.illinois.UnUsedConfigParamException: git.commit.id.full was not used during the test.
	at edu.illinois.CTestJUnit4Runner2$3.evaluate(CTestJUnit4Runner2.java:192)
	at org.junit.rules.ExternalResource$1.evaluate(ExternalResource.java:54)
	at org.junit.rules.ExternalResource$1.evaluate(ExternalResource.java:54)
	at org.junit.rules.ExpectedException$ExpectedExceptionStatement.evaluate(ExpectedException.java:258)
	at org.junit.runners.ParentRunner$3.evaluate(ParentRunner.java:306)
	at org.junit.runners.BlockJUnit4ClassRunner$1.evaluate(BlockJUnit4ClassRunner.java:100)
	at org.junit.runners.ParentRunner.runLeaf(ParentRunner.java:366)
	at org.junit.runners.BlockJUnit4ClassRunner.runChild(BlockJUnit4ClassRunner.java:103)
	at org.junit.runners.BlockJUnit4ClassRunner.runChild(BlockJUnit4ClassRunner.java:63)
	at org.junit.runners.ParentRunner$4.run(ParentRunner.java:331)
	at org.junit.runners.ParentRunner$1.schedule(ParentRunner.java:79)
	at org.junit.runners.ParentRunner.runChildren(ParentRunner.java:329)
	at org.junit.runners.ParentRunner.access$100(ParentRunner.java:66)
	at org.junit.runners.ParentRunner$2.evaluate(ParentRunner.java:293)
	at edu.illinois.CTestJUnit4Runner2$1.evaluate(CTestJUnit4Runner2.java:133)
	at org.junit.internal.runners.statements.RunAfters.evaluate(RunAfters.java:27)
	at edu.illinois.CTestJUnit4Runner2$4.evaluate(CTestJUnit4Runner2.java:214)
	at org.junit.runners.ParentRunner$3.evaluate(ParentRunner.java:306)
	at org.junit.runners.ParentRunner.run(ParentRunner.java:413)
	at org.apache.maven.surefire.junit4.JUnit4Provider.execute(JUnit4Provider.java:364)
	at org.apache.maven.surefire.junit4.JUnit4Provider.executeWithRerun(JUnit4Provider.java:289)
	at org.apache.maven.surefire.junit4.JUnit4Provider.executeTestSet(JUnit4Provider.java:237)
	at org.apache.maven.surefire.junit4.JUnit4Provider.invoke(JUnit4Provider.java:158)
	at org.apache.maven.surefire.booter.ForkedBooter.runSuitesInProcess(ForkedBooter.java:428)
	at org.apache.maven.surefire.booter.ForkedBooter.execute(ForkedBooter.java:162)
	at org.apache.maven.surefire.booter.ForkedBooter.run(ForkedBooter.java:562)
	at org.apache.maven.surefire.booter.ForkedBooter.main(ForkedBooter.java:548)

[[1;31mERROR[m] alluxio.conf.InstancedConfigurationTest.getNestedDefaultDisplayValue  Time elapsed: 0.031 s  <<< ERROR!
edu.illinois.UnUsedConfigParamException: git.commit.id.full was not used during the test.
	at edu.illinois.CTestJUnit4Runner2$3.evaluate(CTestJUnit4Runner2.java:192)
	at org.junit.rules.ExternalResource$1.evaluate(ExternalResource.java:54)
	at org.junit.rules.ExternalResource$1.evaluate(ExternalResource.java:54)
	at org.junit.rules.ExpectedException$ExpectedExceptionStatement.evaluate(ExpectedException.java:258)
	at org.junit.runners.ParentRunner$3.evaluate(ParentRunner.java:306)
	at org.junit.runners.BlockJUnit4ClassRunner$1.evaluate(BlockJUnit4ClassRunner.java:100)
	at org.junit.runners.ParentRunner.runLeaf(ParentRunner.java:366)
	at org.junit.runners.BlockJUnit4ClassRunner.runChild(BlockJUnit4ClassRunner.java:103)
	at org.junit.runners.BlockJUnit4ClassRunner.runChild(BlockJUnit4ClassRunner.java:63)
	at org.junit.runners.ParentRunner$4.run(ParentRunner.java:331)
	at org.junit.runners.ParentRunner$1.schedule(ParentRunner.java:79)
	at org.junit.runners.ParentRunner.runChildren(ParentRunner.java:329)
	at org.junit.runners.ParentRunner.access$100(ParentRunner.java:66)
	at org.junit.runners.ParentRunner$2.evaluate(ParentRunner.java:293)
	at edu.illinois.CTestJUnit4Runner2$1.evaluate(CTestJUnit4Runner2.java:133)
	at org.junit.internal.runners.statements.RunAfters.evaluate(RunAfters.java:27)
	at edu.illinois.CTestJUnit4Runner2$4.evaluate(CTestJUnit4Runner2.java:214)
	at org.junit.runners.ParentRunner$3.evaluate(ParentRunner.java:306)
	at org.junit.runners.ParentRunner.run(ParentRunner.java:413)
	at org.apache.maven.surefire.junit4.JUnit4Provider.execute(JUnit4Provider.java:364)
	at org.apache.maven.surefire.junit4.JUnit4Provider.executeWithRerun(JUnit4Provider.java:289)
	at org.apache.maven.surefire.junit4.JUnit4Provider.executeTestSet(JUnit4Provider.java:237)
	at org.apache.maven.surefire.junit4.JUnit4Provider.invoke(JUnit4Provider.java:158)
	at org.apache.maven.surefire.booter.ForkedBooter.runSuitesInProcess(ForkedBooter.java:428)
	at org.apache.maven.surefire.booter.ForkedBooter.execute(ForkedBooter.java:162)
	at org.apache.maven.surefire.booter.ForkedBooter.run(ForkedBooter.java:562)
	at org.apache.maven.surefire.booter.ForkedBooter.main(ForkedBooter.java:548)

[[1;31mERROR[m] alluxio.conf.InstancedConfigurationTest.getCredentialsDisplayValue  Time elapsed: 0.009 s  <<< ERROR!
edu.illinois.UnUsedConfigParamException: git.commit.id.full was not used during the test.
	at edu.illinois.CTestJUnit4Runner2$3.evaluate(CTestJUnit4Runner2.java:192)
	at org.junit.rules.ExternalResource$1.evaluate(ExternalResource.java:54)
	at org.junit.rules.ExternalResource$1.evaluate(ExternalResource.java:54)
	at org.junit.rules.ExpectedException$ExpectedExceptionStatement.evaluate(ExpectedException.java:258)
	at org.junit.runners.ParentRunner$3.evaluate(ParentRunner.java:306)
	at org.junit.runners.BlockJUnit4ClassRunner$1.evaluate(BlockJUnit4ClassRunner.java:100)
	at org.junit.runners.ParentRunner.runLeaf(ParentRunner.java:366)
	at org.junit.runners.BlockJUnit4ClassRunner.runChild(BlockJUnit4ClassRunner.java:103)
	at org.junit.runners.BlockJUnit4ClassRunner.runChild(BlockJUnit4ClassRunner.java:63)
	at org.junit.runners.ParentRunner$4.run(ParentRunner.java:331)
	at org.junit.runners.ParentRunner$1.schedule(ParentRunner.java:79)
	at org.junit.runners.ParentRunner.runChildren(ParentRunner.java:329)
	at org.junit.runners.ParentRunner.access$100(ParentRunner.java:66)
	at org.junit.runners.ParentRunner$2.evaluate(ParentRunner.java:293)
	at edu.illinois.CTestJUnit4Runner2$1.evaluate(CTestJUnit4Runner2.java:133)
	at org.junit.internal.runners.statements.RunAfters.evaluate(RunAfters.java:27)
	at edu.illinois.CTestJUnit4Runner2$4.evaluate(CTestJUnit4Runner2.java:214)
	at org.junit.runners.ParentRunner$3.evaluate(ParentRunner.java:306)
	at org.junit.runners.ParentRunner.run(ParentRunner.java:413)
	at org.apache.maven.surefire.junit4.JUnit4Provider.execute(JUnit4Provider.java:364)
	at org.apache.maven.surefire.junit4.JUnit4Provider.executeWithRerun(JUnit4Provider.java:289)
	at org.apache.maven.surefire.junit4.JUnit4Provider.executeTestSet(JUnit4Provider.java:237)
	at org.apache.maven.surefire.junit4.JUnit4Provider.invoke(JUnit4Provider.java:158)
	at org.apache.maven.surefire.booter.ForkedBooter.runSuitesInProcess(ForkedBooter.java:428)
	at org.apache.maven.surefire.booter.ForkedBooter.execute(ForkedBooter.java:162)
	at org.apache.maven.surefire.booter.ForkedBooter.run(ForkedBooter.java:562)
	at org.apache.maven.surefire.booter.ForkedBooter.main(ForkedBooter.java:548)

[[1;31mERROR[m] alluxio.conf.InstancedConfigurationTest.getNestedCredentialsDisplayValue  Time elapsed: 0.011 s  <<< ERROR!
edu.illinois.UnUsedConfigParamException: git.commit.id.full was not used during the test.
	at edu.illinois.CTestJUnit4Runner2$3.evaluate(CTestJUnit4Runner2.java:192)
	at org.junit.rules.ExternalResource$1.evaluate(ExternalResource.java:54)
	at org.junit.rules.ExternalResource$1.evaluate(ExternalResource.java:54)
	at org.junit.rules.ExpectedException$ExpectedExceptionStatement.evaluate(ExpectedException.java:258)
	at org.junit.runners.ParentRunner$3.evaluate(ParentRunner.java:306)
	at org.junit.runners.BlockJUnit4ClassRunner$1.evaluate(BlockJUnit4ClassRunner.java:100)
	at org.junit.runners.ParentRunner.runLeaf(ParentRunner.java:366)
	at org.junit.runners.BlockJUnit4ClassRunner.runChild(BlockJUnit4ClassRunner.java:103)
	at org.junit.runners.BlockJUnit4ClassRunner.runChild(BlockJUnit4ClassRunner.java:63)
	at org.junit.runners.ParentRunner$4.run(ParentRunner.java:331)
	at org.junit.runners.ParentRunner$1.schedule(ParentRunner.java:79)
	at org.junit.runners.ParentRunner.runChildren(ParentRunner.java:329)
	at org.junit.runners.ParentRunner.access$100(ParentRunner.java:66)
	at org.junit.runners.ParentRunner$2.evaluate(ParentRunner.java:293)
	at edu.illinois.CTestJUnit4Runner2$1.evaluate(CTestJUnit4Runner2.java:133)
	at org.junit.internal.runners.statements.RunAfters.evaluate(RunAfters.java:27)
	at edu.illinois.CTestJUnit4Runner2$4.evaluate(CTestJUnit4Runner2.java:214)
	at org.junit.runners.ParentRunner$3.evaluate(ParentRunner.java:306)
	at org.junit.runners.ParentRunner.run(ParentRunner.java:413)
	at org.apache.maven.surefire.junit4.JUnit4Provider.execute(JUnit4Provider.java:364)
	at org.apache.maven.surefire.junit4.JUnit4Provider.executeWithRerun(JUnit4Provider.java:289)
	at org.apache.maven.surefire.junit4.JUnit4Provider.executeTestSet(JUnit4Provider.java:237)
	at org.apache.maven.surefire.junit4.JUnit4Provider.invoke(JUnit4Provider.java:158)
	at org.apache.maven.surefire.booter.ForkedBooter.runSuitesInProcess(ForkedBooter.java:428)
	at org.apache.maven.surefire.booter.ForkedBooter.execute(ForkedBooter.java:162)
	at org.apache.maven.surefire.booter.ForkedBooter.run(ForkedBooter.java:562)
	at org.apache.maven.surefire.booter.ForkedBooter.main(ForkedBooter.java:548)

[[1;34mINFO[m] Running alluxio.conf.[1mPropertyKeyTest[m
[[1;34mINFO[m] [1;32mTests run: [0;1;32m26[m, Failures: 0, Errors: 0, Skipped: 0, Time elapsed: 0.59 s - in alluxio.conf.[1mPropertyKeyTest[m
[[1;34mINFO[m] Running alluxio.conf.[1mSourceTest[m
[[1;34mINFO[m] [1;32mTests run: [0;1;32m2[m, Failures: 0, Errors: 0, Skipped: 0, Time elapsed: 0.125 s - in alluxio.conf.[1mSourceTest[m
[[1;34mINFO[m] Running alluxio.conf.path.[1mPrefixPathMatcherTest[m
[[1;34mINFO[m] [1;32mTests run: [0;1;32m4[m, Failures: 0, Errors: 0, Skipped: 0, Time elapsed: 0.325 s - in alluxio.conf.path.[1mPrefixPathMatcherTest[m
[[1;34mINFO[m] Running alluxio.conf.path.[1mTrieNodeTest[m
[[1;34mINFO[m] [1;32mTests run: [0;1;32m9[m, Failures: 0, Errors: 0, Skipped: 0, Time elapsed: 0.206 s - in alluxio.conf.path.[1mTrieNodeTest[m
[[1;34mINFO[m] Running alluxio.grpc.[1mGrpcChannelPoolTest[m
[[1;34mINFO[m] [1;32mTests run: [0;1;32m5[m, Failures: 0, Errors: 0, Skipped: 0, Time elapsed: 2.284 s - in alluxio.grpc.[1mGrpcChannelPoolTest[m
[[1;34mINFO[m] Running alluxio.grpc.[1mGrpcUtilsTest[m
[[1;34mINFO[m] [1;32mTests run: [0;1;32m1[m, Failures: 0, Errors: 0, Skipped: 0, Time elapsed: 0.109 s - in alluxio.grpc.[1mGrpcUtilsTest[m
[[1;34mINFO[m] Running alluxio.grpc.[1mReadResponseMarshallerTest[m
[[1;34mINFO[m] [1;32mTests run: [0;1;32m5[m, Failures: 0, Errors: 0, Skipped: 0, Time elapsed: 0.423 s - in alluxio.grpc.[1mReadResponseMarshallerTest[m
[[1;34mINFO[m] Running alluxio.grpc.[1mWriteRequestMarshallerTest[m
[[1;34mINFO[m] [1;32mTests run: [0;1;32m1[m, Failures: 0, Errors: 0, Skipped: 0, Time elapsed: 0.377 s - in alluxio.grpc.[1mWriteRequestMarshallerTest[m
[[1;34mINFO[m] Running alluxio.heartbeat.[1mHeartbeatContextTest[m
[[1;34mINFO[m] [1;32mTests run: [0;1;32m2[m, Failures: 0, Errors: 0, Skipped: 0, Time elapsed: 0.171 s - in alluxio.heartbeat.[1mHeartbeatContextTest[m
[[1;34mINFO[m] Running alluxio.heartbeat.[1mHeartbeatThreadTest[m
[[1;34mINFO[m] [1;32mTests run: [0;1;32m2[m, Failures: 0, Errors: 0, Skipped: 0, Time elapsed: 1.148 s - in alluxio.heartbeat.[1mHeartbeatThreadTest[m
[[1;34mINFO[m] Running alluxio.heartbeat.[1mSleepingTimerTest[m
[[1;34mINFO[m] [1;32mTests run: [0;1;32m3[m, Failures: 0, Errors: 0, Skipped: 0, Time elapsed: 0.759 s - in alluxio.heartbeat.[1mSleepingTimerTest[m
[[1;34mINFO[m] Running alluxio.master.[1mMasterInquireClientTest[m
[[1;34mINFO[m] [1;32mTests run: [0;1;32m4[m, Failures: 0, Errors: 0, Skipped: 0, Time elapsed: 24.173 s - in alluxio.collections.[1mIndexedSetConcurrencyTest[m
[[1;34mINFO[m] [1;32mTests run: [0;1;32m3[m, Failures: 0, Errors: 0, Skipped: 0, Time elapsed: 0.471 s - in alluxio.master.[1mMasterInquireClientTest[m
[[1;34mINFO[m] Running alluxio.master.[1mPollingMasterInquireClientTest[m
[[1;34mINFO[m] Running alluxio.master.[1mPortReservationRuleTest[m
[[1;34mINFO[m] [1;32mTests run: [0;1;32m2[m, Failures: 0, Errors: 0, Skipped: 0, Time elapsed: 0.133 s - in alluxio.master.[1mPortReservationRuleTest[m
[[1;34mINFO[m] Running alluxio.master.[1mZkMasterInquireClientTest[m
[[1;34mINFO[m] [1;32mTests run: [0;1;32m1[m, Failures: 0, Errors: 0, Skipped: 0, Time elapsed: 0.633 s - in alluxio.master.[1mPollingMasterInquireClientTest[m
[[1;34mINFO[m] Running alluxio.master.block.[1mBlockIdTest[m
[[1;34mINFO[m] [1;32mTests run: [0;1;32m5[m, Failures: 0, Errors: 0, Skipped: 0, Time elapsed: 0.091 s - in alluxio.master.block.[1mBlockIdTest[m
[[1;34mINFO[m] Running alluxio.metrics.[1mMetricTest[m
[[1;34mINFO[m] [1;32mTests run: [0;1;32m3[m, Failures: 0, Errors: 0, Skipped: 0, Time elapsed: 0.218 s - in alluxio.metrics.[1mMetricTest[m
[[1;34mINFO[m] Running alluxio.metrics.[1mMetricsConfigTest[m
[[1;34mINFO[m] [1;32mTests run: [0;1;32m2[m, Failures: 0, Errors: 0, Skipped: 0, Time elapsed: 0.157 s - in alluxio.metrics.[1mMetricsConfigTest[m
[[1;34mINFO[m] Running alluxio.metrics.[1mMetricsSystemTest[m
[[1;34mINFO[m] [1;32mTests run: [0;1;32m9[m, Failures: 0, Errors: 0, Skipped: 0, Time elapsed: 2.54 s - in alluxio.metrics.[1mMetricsSystemTest[m
[[1;34mINFO[m] Running alluxio.network.protocol.databuffer.[1mRefCountedNioByteBufTest[m
[[1;34mINFO[m] [1;32mTests run: [0;1;32m375[m, Failures: 0, Errors: 0, Skipped: 0, Time elapsed: 3.271 s - in alluxio.network.protocol.databuffer.[1mRefCountedNioByteBufTest[m
[[1;34mINFO[m] Running alluxio.refresh.[1mTimeoutRefreshTest[m
[[1;34mINFO[m] [1;32mTests run: [0;1;32m1[m, Failures: 0, Errors: 0, Skipped: 0, Time elapsed: 0.878 s - in alluxio.refresh.[1mTimeoutRefreshTest[m
[[1;34mINFO[m] Running alluxio.resource.[1mCloseableIteratorTest[m
[[1;34mINFO[m] [1;32mTests run: [0;1;32m3[m, Failures: 0, Errors: 0, Skipped: 0, Time elapsed: 0.283 s - in alluxio.resource.[1mCloseableIteratorTest[m
[[1;34mINFO[m] Running alluxio.resource.[1mDynamicResourcePoolTest[m
[[1;34mINFO[m] [1;32mTests run: [0;1;32m8[m, Failures: 0, Errors: 0, Skipped: 0, Time elapsed: 8.339 s - in alluxio.resource.[1mDynamicResourcePoolTest[m
[[1;34mINFO[m] Running alluxio.resource.[1mLockResourceTest[m
[[1;34mINFO[m] [1;32mTests run: [0;1;32m3[m, Failures: 0, Errors: 0, Skipped: 0, Time elapsed: 0.271 s - in alluxio.resource.[1mLockResourceTest[m
[[1;34mINFO[m] Running alluxio.resource.[1mResourcePoolTest[m
[[1;34mINFO[m] [1;32mTests run: [0;1;32m3[m, Failures: 0, Errors: 0, Skipped: 0, Time elapsed: 5.274 s - in alluxio.resource.[1mResourcePoolTest[m
[[1;34mINFO[m] Running alluxio.retry.[1mCountingRetryTest[m
[[1;34mINFO[m] [1;32mTests run: [0;1;32m1[m, Failures: 0, Errors: 0, Skipped: 0, Time elapsed: 0.088 s - in alluxio.retry.[1mCountingRetryTest[m
[[1;34mINFO[m] Running alluxio.retry.[1mExponentialBackoffRetryTest[m
[[1;34mINFO[m] [1;32mTests run: [0;1;32m1[m, Failures: 0, Errors: 0, Skipped: 0, Time elapsed: 0.09 s - in alluxio.retry.[1mExponentialBackoffRetryTest[m
[[1;34mINFO[m] Running alluxio.retry.[1mExponentialTimeBoundedRetryTest[m
[[1;34mINFO[m] [1;32mTests run: [0;1;32m1[m, Failures: 0, Errors: 0, Skipped: 0, Time elapsed: 0.135 s - in alluxio.retry.[1mExponentialTimeBoundedRetryTest[m
[[1;34mINFO[m] Running alluxio.retry.[1mRetryUtilsTest[m
[[1;34mINFO[m] [1;32mTests run: [0;1;32m2[m, Failures: 0, Errors: 0, Skipped: 0, Time elapsed: 0.159 s - in alluxio.retry.[1mRetryUtilsTest[m
[[1;34mINFO[m] Running alluxio.retry.[1mTimeoutRetryTest[m
[[1;34mINFO[m] [1;32mTests run: [0;1;32m1[m, Failures: 0, Errors: 0, Skipped: 0, Time elapsed: 0.209 s - in alluxio.retry.[1mTimeoutRetryTest[m
[[1;34mINFO[m] Running alluxio.security.[1mUserTest[m
[[1;34mINFO[m] [1;32mTests run: [0;1;32m2[m, Failures: 0, Errors: 0, Skipped: 0, Time elapsed: 0.094 s - in alluxio.security.[1mUserTest[m
[[1;34mINFO[m] Running alluxio.security.authentication.[1mCustomAuthenticationProviderTest[m
[[1;34mINFO[m] [1;32mTests run: [0;1;32m2[m, Failures: 0, Errors: 0, Skipped: 0, Time elapsed: 0.158 s - in alluxio.security.authentication.[1mCustomAuthenticationProviderTest[m
[[1;34mINFO[m] Running alluxio.security.authentication.[1mPlainSaslClientCallbackHandlerTest[m
[[1;34mINFO[m] [1;32mTests run: [0;1;32m5[m, Failures: 0, Errors: 0, Skipped: 0, Time elapsed: 0.107 s - in alluxio.security.authentication.[1mPlainSaslClientCallbackHandlerTest[m
[[1;34mINFO[m] Running alluxio.security.authentication.[1mPlainSaslServerCallbackHandlerTest[m
[[1;34mINFO[m] [1;32mTests run: [0;1;32m3[m, Failures: 0, Errors: 0, Skipped: 0, Time elapsed: 0.278 s - in alluxio.security.authentication.[1mPlainSaslServerCallbackHandlerTest[m
[[1;34mINFO[m] Running alluxio.security.authentication.[1mPlainSaslServerProviderTest[m
[[1;34mINFO[m] [1;32mTests run: [0;1;32m2[m, Failures: 0, Errors: 0, Skipped: 0, Time elapsed: 0.128 s - in alluxio.security.authentication.[1mPlainSaslServerProviderTest[m
[[1;34mINFO[m] Running alluxio.security.authentication.[1mPlainSaslServerTest[m
[[1;34mINFO[m] [1;32mTests run: [0;1;32m5[m, Failures: 0, Errors: 0, Skipped: 0, Time elapsed: 0.099 s - in alluxio.security.authentication.[1mPlainSaslServerTest[m
[[1;34mINFO[m] Running alluxio.security.authentication.[1mSaslHandlersTest[m
[[1;34mINFO[m] [1;32mTests run: [0;1;32m4[m, Failures: 0, Errors: 0, Skipped: 0, Time elapsed: 0.308 s - in alluxio.security.authentication.[1mSaslHandlersTest[m
[[1;34mINFO[m] Running alluxio.security.authentication.[1mSimpleAuthenticationProviderTest[m
[[1;34mINFO[m] [1;32mTests run: [0;1;32m1[m, Failures: 0, Errors: 0, Skipped: 0, Time elapsed: 0.087 s - in alluxio.security.authentication.[1mSimpleAuthenticationProviderTest[m
[[1;34mINFO[m] Running alluxio.security.authorization.[1mAccessControlListTest[m
[[1;34mINFO[m] [1;32mTests run: [0;1;32m8[m, Failures: 0, Errors: 0, Skipped: 0, Time elapsed: 0.111 s - in alluxio.security.authorization.[1mAccessControlListTest[m
[[1;34mINFO[m] Running alluxio.security.authorization.[1mAclActionsTest[m
[[1;34mINFO[m] [1;32mTests run: [0;1;32m5[m, Failures: 0, Errors: 0, Skipped: 0, Time elapsed: 0.096 s - in alluxio.security.authorization.[1mAclActionsTest[m
[[1;34mINFO[m] Running alluxio.security.authorization.[1mAclEntryTest[m
[[1;34mINFO[m] [1;32mTests run: [0;1;32m8[m, Failures: 0, Errors: 0, Skipped: 0, Time elapsed: 0.094 s - in alluxio.security.authorization.[1mAclEntryTest[m
[[1;34mINFO[m] Running alluxio.security.authorization.[1mModeBitsTest[m
[[1;34mINFO[m] [1;32mTests run: [0;1;32m6[m, Failures: 0, Errors: 0, Skipped: 0, Time elapsed: 0.091 s - in alluxio.security.authorization.[1mModeBitsTest[m
[[1;34mINFO[m] Running alluxio.security.authorization.[1mModeParserTest[m
[[1;34mINFO[m] [1;32mTests run: [0;1;32m11[m, Failures: 0, Errors: 0, Skipped: 0, Time elapsed: 0.109 s - in alluxio.security.authorization.[1mModeParserTest[m
[[1;34mINFO[m] Running alluxio.security.authorization.[1mModeTest[m
[[1;34mINFO[m] [1;32mTests run: [0;1;32m14[m, Failures: 0, Errors: 0, Skipped: 0, Time elapsed: 0.281 s - in alluxio.security.authorization.[1mModeTest[m
[[1;34mINFO[m] Running alluxio.security.group.[1mGroupMappingServiceTest[m
[[1;34mINFO[m] [1;32mTests run: [0;1;32m1[m, Failures: 0, Errors: 0, Skipped: 0, Time elapsed: 0.28 s - in alluxio.security.group.[1mGroupMappingServiceTest[m
[[1;34mINFO[m] Running alluxio.security.group.[1mIdentityUserGroupsMappingTest[m
[[1;34mINFO[m] [1;32mTests run: [0;1;32m1[m, Failures: 0, Errors: 0, Skipped: 0, Time elapsed: 0.091 s - in alluxio.security.group.[1mIdentityUserGroupsMappingTest[m
[[1;34mINFO[m] Running alluxio.security.group.[1mShellBasedUnixGroupsMappingTest[m
[[1;31mERROR[m] WARNING: An illegal reflective access operation has occurred
[[1;31mERROR[m] WARNING: Illegal reflective access by org.powermock.reflect.internal.WhiteboxImpl (file:/home/xinyu/.m2/repository/org/powermock/powermock-reflect/2.0.7/powermock-reflect-2.0.7.jar) to method java.lang.Object.clone()
[[1;31mERROR[m] WARNING: Please consider reporting this to the maintainers of org.powermock.reflect.internal.WhiteboxImpl
[[1;31mERROR[m] WARNING: Use --illegal-access=warn to enable warnings of further illegal reflective access operations
[[1;31mERROR[m] WARNING: All illegal access operations will be denied in a future release
[[1;34mINFO[m] [1;32mTests run: [0;1;32m1[m, Failures: 0, Errors: 0, Skipped: 0, Time elapsed: 1.224 s - in alluxio.security.group.[1mShellBasedUnixGroupsMappingTest[m
[[1;34mINFO[m] Running alluxio.security.login.[1mLoginModuleTest[m
[[1;34mINFO[m] [1;32mTests run: [0;1;32m2[m, Failures: 0, Errors: 0, Skipped: 0, Time elapsed: 0.178 s - in alluxio.security.login.[1mLoginModuleTest[m
[[1;34mINFO[m] Running alluxio.security.user.[1mUserStateTest[m
[[1;34mINFO[m] [1;32mTests run: [0;1;32m8[m, Failures: 0, Errors: 0, Skipped: 0, Time elapsed: 0.282 s - in alluxio.security.user.[1mUserStateTest[m
[[1;34mINFO[m] Running alluxio.shell.[1mShellCommandTest[m
[[1;34mINFO[m] [1;32mTests run: [0;1;32m5[m, Failures: 0, Errors: 0, Skipped: 0, Time elapsed: 0.18 s - in alluxio.shell.[1mShellCommandTest[m
[[1;34mINFO[m] Running alluxio.test.util.[1mCommonTestUtilsTest[m
[[1;31mERROR[m] WARNING: An illegal reflective access operation has occurred
[[1;31mERROR[m] WARNING: Illegal reflective access by org.powermock.reflect.internal.WhiteboxImpl (file:/home/xinyu/.m2/repository/org/powermock/powermock-reflect/2.0.7/powermock-reflect-2.0.7.jar) to method java.lang.Object.clone()
[[1;31mERROR[m] WARNING: Please consider reporting this to the maintainers of org.powermock.reflect.internal.WhiteboxImpl
[[1;31mERROR[m] WARNING: Use --illegal-access=warn to enable warnings of further illegal reflective access operations
[[1;31mERROR[m] WARNING: All illegal access operations will be denied in a future release
[[1;34mINFO[m] [1;32mTests run: [0;1;32m5[m, Failures: 0, Errors: 0, Skipped: 0, Time elapsed: 1.062 s - in alluxio.test.util.[1mCommonTestUtilsTest[m
[[1;34mINFO[m] Running alluxio.time.[1mExponentialTimerTest[m
[[1;34mINFO[m] [1;32mTests run: [0;1;32m4[m, Failures: 0, Errors: 0, Skipped: 0, Time elapsed: 36.899 s - in alluxio.master.[1mZkMasterInquireClientTest[m
[[1;34mINFO[m] Running alluxio.time.[1mManualSleeperTest[m
[[1;34mINFO[m] [1;32mTests run: [0;1;32m2[m, Failures: 0, Errors: 0, Skipped: 0, Time elapsed: 0.098 s - in alluxio.time.[1mManualSleeperTest[m
[[1;34mINFO[m] Running alluxio.underfs.[1mFingerprintTest[m
[[1;34mINFO[m] [1;32mTests run: [0;1;32m6[m, Failures: 0, Errors: 0, Skipped: 0, Time elapsed: 0.175 s - in alluxio.underfs.[1mFingerprintTest[m
[[1;34mINFO[m] Running alluxio.underfs.[1mObjectUnderFileSystemTest[m
[[1;34mINFO[m] [1;32mTests run: [0;1;32m2[m, Failures: 0, Errors: 0, Skipped: 0, Time elapsed: 1.722 s - in alluxio.time.[1mExponentialTimerTest[m
[[1;34mINFO[m] Running alluxio.underfs.[1mUfsDirectoryStatusTest[m
[[1;34mINFO[m] [1;32mTests run: [0;1;32m2[m, Failures: 0, Errors: 0, Skipped: 0, Time elapsed: 0.102 s - in alluxio.underfs.[1mUfsDirectoryStatusTest[m
[[1;34mINFO[m] Running alluxio.underfs.[1mUfsFileStatusTest[m
[[1;34mINFO[m] [1;32mTests run: [0;1;32m1[m, Failures: 0, Errors: 0, Skipped: 0, Time elapsed: 0.725 s - in alluxio.underfs.[1mObjectUnderFileSystemTest[m
[[1;34mINFO[m] [1;32mTests run: [0;1;32m2[m, Failures: 0, Errors: 0, Skipped: 0, Time elapsed: 0.161 s - in alluxio.underfs.[1mUfsFileStatusTest[m
[[1;34mINFO[m] Running alluxio.underfs.[1mUnderFileSystemConfigurationTest[m
[[1;34mINFO[m] Running alluxio.underfs.[1mUnderFileSystemTest[m
[[1;34mINFO[m] [1;32mTests run: [0;1;32m6[m, Failures: 0, Errors: 0, Skipped: 0, Time elapsed: 0.304 s - in alluxio.underfs.[1mUnderFileSystemConfigurationTest[m
[[1;33mWARNING[m] [1;33mTests [0;1mrun: [0;1m2[m, Failures: 0, Errors: 0, [1;33mSkipped: [0;1;33m1[m, Time elapsed: 0.298 s - in alluxio.underfs.[1mUnderFileSystemTest[m
[[1;34mINFO[m] Running alluxio.underfs.options.[1mCreateOptionsTest[m
[[1;34mINFO[m] Running alluxio.underfs.options.[1mDeleteOptionsTest[m
[[1;34mINFO[m] [1;32mTests run: [0;1;32m4[m, Failures: 0, Errors: 0, Skipped: 0, Time elapsed: 0.327 s - in alluxio.underfs.options.[1mCreateOptionsTest[m
[[1;34mINFO[m] Running alluxio.underfs.options.[1mFileLocationOptionsTest[m
[[1;34mINFO[m] [1;32mTests run: [0;1;32m3[m, Failures: 0, Errors: 0, Skipped: 0, Time elapsed: 0.122 s - in alluxio.underfs.options.[1mFileLocationOptionsTest[m
[[1;31mERROR[m] WARNING: An illegal reflective access operation has occurred
[[1;31mERROR[m] WARNING: Illegal reflective access by org.powermock.reflect.internal.WhiteboxImpl (file:/home/xinyu/.m2/repository/org/powermock/powermock-reflect/2.0.7/powermock-reflect-2.0.7.jar) to method java.lang.Object.clone()
[[1;31mERROR[m] WARNING: Please consider reporting this to the maintainers of org.powermock.reflect.internal.WhiteboxImpl
[[1;31mERROR[m] WARNING: Use --illegal-access=warn to enable warnings of further illegal reflective access operations
[[1;31mERROR[m] WARNING: All illegal access operations will be denied in a future release
[[1;34mINFO[m] Running alluxio.underfs.options.[1mListOptionsTest[m
[[1;34mINFO[m] [1;32mTests run: [0;1;32m3[m, Failures: 0, Errors: 0, Skipped: 0, Time elapsed: 0.807 s - in alluxio.underfs.options.[1mDeleteOptionsTest[m
[[1;34mINFO[m] [1;32mTests run: [0;1;32m3[m, Failures: 0, Errors: 0, Skipped: 0, Time elapsed: 0.115 s - in alluxio.underfs.options.[1mListOptionsTest[m
[[1;34mINFO[m] Running alluxio.underfs.options.[1mMkdirsOptionsTest[m
[[1;34mINFO[m] Running alluxio.underfs.options.[1mOpenOptionsTest[m
[[1;34mINFO[m] [1;32mTests run: [0;1;32m4[m, Failures: 0, Errors: 0, Skipped: 0, Time elapsed: 0.315 s - in alluxio.underfs.options.[1mMkdirsOptionsTest[m
[[1;34mINFO[m] Running alluxio.uri.[1mAuthorityTest[m
[[1;34mINFO[m] [1;32mTests run: [0;1;32m7[m, Failures: 0, Errors: 0, Skipped: 0, Time elapsed: 0.178 s - in alluxio.uri.[1mAuthorityTest[m
[[1;31mERROR[m] WARNING: An illegal reflective access operation has occurred
[[1;31mERROR[m] WARNING: Illegal reflective access by org.powermock.reflect.internal.WhiteboxImpl (file:/home/xinyu/.m2/repository/org/powermock/powermock-reflect/2.0.7/powermock-reflect-2.0.7.jar) to method java.lang.Object.clone()
[[1;31mERROR[m] WARNING: Please consider reporting this to the maintainers of org.powermock.reflect.internal.WhiteboxImpl
[[1;31mERROR[m] WARNING: Use --illegal-access=warn to enable warnings of further illegal reflective access operations
[[1;31mERROR[m] WARNING: All illegal access operations will be denied in a future release
[[1;34mINFO[m] [1;32mTests run: [0;1;32m3[m, Failures: 0, Errors: 0, Skipped: 0, Time elapsed: 0.793 s - in alluxio.underfs.options.[1mOpenOptionsTest[m
[[1;34mINFO[m] Running alluxio.util.[1mBucketCounterTest[m
[[1;34mINFO[m] [1;32mTests run: [0;1;32m1[m, Failures: 0, Errors: 0, Skipped: 0, Time elapsed: 0.091 s - in alluxio.util.[1mBucketCounterTest[m
[[1;34mINFO[m] Running alluxio.util.[1mCommonUtilsTest[m
[[1;34mINFO[m] Running alluxio.util.[1mConfigurationUtilsTest[m
[[1;34mINFO[m] [1;32mTests run: [0;1;32m11[m, Failures: 0, Errors: 0, Skipped: 0, Time elapsed: 0.458 s - in alluxio.util.[1mConfigurationUtilsTest[m
[[1;34mINFO[m] Running alluxio.util.[1mExceptionUtilsTest[m
[[1;34mINFO[m] [1;32mTests run: [0;1;32m2[m, Failures: 0, Errors: 0, Skipped: 0, Time elapsed: 0.166 s - in alluxio.util.[1mExceptionUtilsTest[m
[[1;34mINFO[m] Running alluxio.util.[1mFormatUtilsTest[m
[[1;31mERROR[m] WARNING: An illegal reflective access operation has occurred
[[1;31mERROR[m] WARNING: Illegal reflective access by org.powermock.reflect.internal.WhiteboxImpl (file:/home/xinyu/.m2/repository/org/powermock/powermock-reflect/2.0.7/powermock-reflect-2.0.7.jar) to method java.lang.Object.clone()
[[1;31mERROR[m] WARNING: Please consider reporting this to the maintainers of org.powermock.reflect.internal.WhiteboxImpl
[[1;31mERROR[m] WARNING: Use --illegal-access=warn to enable warnings of further illegal reflective access operations
[[1;31mERROR[m] WARNING: All illegal access operations will be denied in a future release
[[1;34mINFO[m] [1;32mTests run: [0;1;32m9[m, Failures: 0, Errors: 0, Skipped: 0, Time elapsed: 0.489 s - in alluxio.util.[1mFormatUtilsTest[m
[[1;34mINFO[m] Running alluxio.util.[1mHFSUtilsTest[m
[[1;34mINFO[m] [1;32mTests run: [0;1;32m8[m, Failures: 0, Errors: 0, Skipped: 0, Time elapsed: 0.1 s - in alluxio.util.[1mHFSUtilsTest[m
[[1;34mINFO[m] Running alluxio.util.[1mIdUtilsTest[m
[[1;34mINFO[m] [1;32mTests run: [0;1;32m28[m, Failures: 0, Errors: 0, Skipped: 0, Time elapsed: 2.448 s - in alluxio.util.[1mCommonUtilsTest[m
[[1;34mINFO[m] [1;32mTests run: [0;1;32m3[m, Failures: 0, Errors: 0, Skipped: 0, Time elapsed: 0.165 s - in alluxio.util.[1mIdUtilsTest[m
[[1;34mINFO[m] Running alluxio.util.[1mJvmPauseMonitorTest[m
[[1;34mINFO[m] Running alluxio.util.[1mLogUtilsTest[m
[[1;34mINFO[m] [1;32mTests run: [0;1;32m5[m, Failures: 0, Errors: 0, Skipped: 0, Time elapsed: 0.193 s - in alluxio.util.[1mLogUtilsTest[m
[[1;34mINFO[m] Running alluxio.util.[1mObjectSizeCalculatorTest[m
[[1;31mERROR[m] WARNING: An illegal reflective access operation has occurred
[[1;31mERROR[m] WARNING: Illegal reflective access by alluxio.util.ObjectSizeCalculator$ClassSizeInfo (file:/home/xinyu/port_ctest_runner/alluxio/core/common/target/classes/) to field java.util.concurrent.ConcurrentHashMap.table
[[1;31mERROR[m] WARNING: Please consider reporting this to the maintainers of alluxio.util.ObjectSizeCalculator$ClassSizeInfo
[[1;31mERROR[m] WARNING: Use --illegal-access=warn to enable warnings of further illegal reflective access operations
[[1;31mERROR[m] WARNING: All illegal access operations will be denied in a future release
[[1;34mINFO[m] [1;32mTests run: [0;1;32m15[m, Failures: 0, Errors: 0, Skipped: 0, Time elapsed: 0.194 s - in alluxio.util.[1mObjectSizeCalculatorTest[m
[[1;34mINFO[m] Running alluxio.util.[1mSecurityUtilsTest[m
[[1;34mINFO[m] [1;32mTests run: [0;1;32m2[m, Failures: 0, Errors: 0, Skipped: 0, Time elapsed: 0.279 s - in alluxio.util.[1mSecurityUtilsTest[m
[[1;34mINFO[m] Running alluxio.util.[1mShellUtilsTest[m
[[1;34mINFO[m] [1;32mTests run: [0;1;32m9[m, Failures: 0, Errors: 0, Skipped: 0, Time elapsed: 0.194 s - in alluxio.util.[1mShellUtilsTest[m
[[1;34mINFO[m] Running alluxio.util.[1mUnderFileSystemUtilsTest[m
[[1;34mINFO[m] [1;32mTests run: [0;1;32m1[m, Failures: 0, Errors: 0, Skipped: 0, Time elapsed: 0.159 s - in alluxio.util.[1mUnderFileSystemUtilsTest[m
[[1;34mINFO[m] Running alluxio.util.[1mWaitForOptionsTest[m
[[1;34mINFO[m] [1;32mTests run: [0;1;32m3[m, Failures: 0, Errors: 0, Skipped: 0, Time elapsed: 0.107 s - in alluxio.util.[1mWaitForOptionsTest[m
[[1;34mINFO[m] Running alluxio.util.executor.[1mControllableSchedulerTest[m
[[1;34mINFO[m] [1;32mTests run: [0;1;32m4[m, Failures: 0, Errors: 0, Skipped: 0, Time elapsed: 0.732 s - in alluxio.util.executor.[1mControllableSchedulerTest[m
[[1;34mINFO[m] [1;32mTests run: [0;1;32m7[m, Failures: 0, Errors: 0, Skipped: 0, Time elapsed: 3.432 s - in alluxio.util.[1mJvmPauseMonitorTest[m
[[1;34mINFO[m] Running alluxio.util.executor.[1mUniqueBlockingQueueTest[m
[[1;34mINFO[m] Running alluxio.util.io.[1mBufferUtilsTest[m
[[1;34mINFO[m] [1;32mTests run: [0;1;32m2[m, Failures: 0, Errors: 0, Skipped: 0, Time elapsed: 0.098 s - in alluxio.util.executor.[1mUniqueBlockingQueueTest[m
[[1;34mINFO[m] Running alluxio.util.io.[1mByteIOUtilsTest[m
[[1;34mINFO[m] [1;32mTests run: [0;1;32m4[m, Failures: 0, Errors: 0, Skipped: 0, Time elapsed: 0.103 s - in alluxio.util.io.[1mByteIOUtilsTest[m
[[1;34mINFO[m] Running alluxio.util.io.[1mFileUtilsTest[m
[[1;34mINFO[m] [1;32mTests run: [0;1;32m15[m, Failures: 0, Errors: 0, Skipped: 0, Time elapsed: 0.401 s - in alluxio.util.io.[1mFileUtilsTest[m
[[1;34mINFO[m] [1;32mTests run: [0;1;32m11[m, Failures: 0, Errors: 0, Skipped: 0, Time elapsed: 1.108 s - in alluxio.util.io.[1mBufferUtilsTest[m
[[1;34mINFO[m] Running alluxio.util.io.[1mPathUtilsTest[m
[[1;34mINFO[m] Running alluxio.util.logging.[1mSamplingLoggerTest[m
[[1;34mINFO[m] [1;32mTests run: [0;1;32m20[m, Failures: 0, Errors: 0, Skipped: 0, Time elapsed: 0.289 s - in alluxio.util.io.[1mPathUtilsTest[m
[[1;34mINFO[m] Running alluxio.util.network.[1mGetMasterWorkerAddressTest[m
[[1;34mINFO[m] [1;32mTests run: [0;1;32m3[m, Failures: 0, Errors: 0, Skipped: 0, Time elapsed: 0.542 s - in alluxio.util.logging.[1mSamplingLoggerTest[m
[[1;34mINFO[m] Running alluxio.util.network.[1mNetworkAddressUtilsTest[m
[[1;34mINFO[m] [1;32mTests run: [0;1;32m1[m, Failures: 0, Errors: 0, Skipped: 0, Time elapsed: 0.301 s - in alluxio.util.network.[1mGetMasterWorkerAddressTest[m
[[1;34mINFO[m] Running alluxio.util.proto.[1mBlockLocationUtilsTest[m
[[1;34mINFO[m] [1;32mTests run: [0;1;32m17[m, Failures: 0, Errors: 0, Skipped: 0, Time elapsed: 0.336 s - in alluxio.util.network.[1mNetworkAddressUtilsTest[m
[[1;34mINFO[m] [1;32mTests run: [0;1;32m2[m, Failures: 0, Errors: 0, Skipped: 0, Time elapsed: 0.17 s - in alluxio.util.proto.[1mBlockLocationUtilsTest[m
[[1;34mINFO[m] Running alluxio.wire.[1mAlluxioMasterInfoTest[m
[[1;34mINFO[m] Running alluxio.wire.[1mAlluxioProxyInfoTest[m
[[1;34mINFO[m] [1;32mTests run: [0;1;32m2[m, Failures: 0, Errors: 0, Skipped: 0, Time elapsed: 0.685 s - in alluxio.wire.[1mAlluxioProxyInfoTest[m
[[1;34mINFO[m] [1;32mTests run: [0;1;32m2[m, Failures: 0, Errors: 0, Skipped: 0, Time elapsed: 0.928 s - in alluxio.wire.[1mAlluxioMasterInfoTest[m
[[1;34mINFO[m] Running alluxio.wire.[1mAlluxioWorkerInfoTest[m
[[1;34mINFO[m] Running alluxio.wire.[1mBlockInfoTest[m
[[1;34mINFO[m] [1;32mTests run: [0;1;32m2[m, Failures: 0, Errors: 0, Skipped: 0, Time elapsed: 0.371 s - in alluxio.wire.[1mBlockInfoTest[m
[[1;34mINFO[m] [1;32mTests run: [0;1;32m2[m, Failures: 0, Errors: 0, Skipped: 0, Time elapsed: 0.76 s - in alluxio.wire.[1mAlluxioWorkerInfoTest[m
[[1;34mINFO[m] Running alluxio.wire.[1mBlockLocationTest[m
[[1;34mINFO[m] Running alluxio.wire.[1mBlockMasterInfoTest[m
[[1;34mINFO[m] [1;32mTests run: [0;1;32m2[m, Failures: 0, Errors: 0, Skipped: 0, Time elapsed: 0.361 s - in alluxio.wire.[1mBlockLocationTest[m
[[1;34mINFO[m] [1;32mTests run: [0;1;32m2[m, Failures: 0, Errors: 0, Skipped: 0, Time elapsed: 0.328 s - in alluxio.wire.[1mBlockMasterInfoTest[m
[[1;34mINFO[m] Running alluxio.wire.[1mCapacityTest[m
[[1;34mINFO[m] Running alluxio.wire.[1mFileBlockInfoTest[m
[[1;34mINFO[m] [1;32mTests run: [0;1;32m2[m, Failures: 0, Errors: 0, Skipped: 0, Time elapsed: 0.39 s - in alluxio.wire.[1mFileBlockInfoTest[m
[[1;34mINFO[m] [1;32mTests run: [0;1;32m2[m, Failures: 0, Errors: 0, Skipped: 0, Time elapsed: 0.711 s - in alluxio.wire.[1mCapacityTest[m
[[1;34mINFO[m] Running alluxio.wire.[1mFileInfoTest[m
[[1;34mINFO[m] Running alluxio.wire.[1mInconsistentPropertyTest[m
[[1;34mINFO[m] [1;32mTests run: [0;1;32m2[m, Failures: 0, Errors: 0, Skipped: 0, Time elapsed: 0.185 s - in alluxio.wire.[1mInconsistentPropertyTest[m
[[1;34mINFO[m] [1;32mTests run: [0;1;32m3[m, Failures: 0, Errors: 0, Skipped: 0, Time elapsed: 0.533 s - in alluxio.wire.[1mFileInfoTest[m
[[1;34mINFO[m] Running alluxio.wire.[1mMasterInfoTest[m
[[1;34mINFO[m] Running alluxio.wire.[1mMountPointInfoTest[m
[[1;34mINFO[m] [1;32mTests run: [0;1;32m1[m, Failures: 0, Errors: 0, Skipped: 0, Time elapsed: 0.434 s - in alluxio.wire.[1mMasterInfoTest[m
[[1;34mINFO[m] [1;32mTests run: [0;1;32m2[m, Failures: 0, Errors: 0, Skipped: 0, Time elapsed: 0.414 s - in alluxio.wire.[1mMountPointInfoTest[m
[[1;34mINFO[m] Running alluxio.wire.[1mTieredIdentityTest[m
[[1;34mINFO[m] Running alluxio.wire.[1mWorkerInfoTest[m
[[1;34mINFO[m] [1;32mTests run: [0;1;32m5[m, Failures: 0, Errors: 0, Skipped: 0, Time elapsed: 0.474 s - in alluxio.wire.[1mTieredIdentityTest[m
[[1;34mINFO[m] [1;32mTests run: [0;1;32m3[m, Failures: 0, Errors: 0, Skipped: 0, Time elapsed: 0.444 s - in alluxio.wire.[1mWorkerInfoTest[m
[[1;34mINFO[m] Running alluxio.wire.[1mWorkerNetAddressTest[m
[[1;34mINFO[m] Running alluxio.worker.block.io.[1mLocalFileBlockReaderTest[m
[[1;34mINFO[m] [1;32mTests run: [0;1;32m2[m, Failures: 0, Errors: 0, Skipped: 0, Time elapsed: 0.352 s - in alluxio.wire.[1mWorkerNetAddressTest[m
[[1;34mINFO[m] [1;32mTests run: [0;1;32m6[m, Failures: 0, Errors: 0, Skipped: 0, Time elapsed: 0.339 s - in alluxio.worker.block.io.[1mLocalFileBlockReaderTest[m
[[1;34mINFO[m] Running alluxio.worker.block.io.[1mLocalFileBlockWriterTest[m
[[1;34mINFO[m] [1;32mTests run: [0;1;32m3[m, Failures: 0, Errors: 0, Skipped: 0, Time elapsed: 0.215 s - in alluxio.worker.block.io.[1mLocalFileBlockWriterTest[m
[[1;34mINFO[m] 
[[1;34mINFO[m] Results:
[[1;34mINFO[m] 
[[1;31mERROR[m] [1;31mErrors: [m
[[1;31mERROR[m] [1;31malluxio.conf.InstancedConfigurationTest.getCredentialsDisplayValue[m
[[1;31mERROR[m] [1;31m  Run 1: InstancedConfigurationTest.getCredentialsDisplayValue » UnUsedConfigParam git....[m
[[1;31mERROR[m] [1;31m  Run 2: InstancedConfigurationTest.getCredentialsDisplayValue » UnUsedConfigParam git....[m
[[1;34mINFO[m] 
[[1;31mERROR[m] [1;31malluxio.conf.InstancedConfigurationTest.getDefaultDisplayValue[m
[[1;31mERROR[m] [1;31m  Run 1: InstancedConfigurationTest.getDefaultDisplayValue » UnUsedConfigParam git.comm...[m
[[1;31mERROR[m] [1;31m  Run 2: InstancedConfigurationTest.getDefaultDisplayValue » UnUsedConfigParam git.comm...[m
[[1;34mINFO[m] 
[[1;31mERROR[m] [1;31malluxio.conf.InstancedConfigurationTest.getNestedCredentialsDisplayValue[m
[[1;31mERROR[m] [1;31m  Run 1: InstancedConfigurationTest.getNestedCredentialsDisplayValue » UnUsedConfigParam[m
[[1;31mERROR[m] [1;31m  Run 2: InstancedConfigurationTest.getNestedCredentialsDisplayValue » UnUsedConfigParam[m
[[1;34mINFO[m] 
[[1;31mERROR[m] [1;31malluxio.conf.InstancedConfigurationTest.getNestedDefaultDisplayValue[m
[[1;31mERROR[m] [1;31m  Run 1: InstancedConfigurationTest.getNestedDefaultDisplayValue » UnUsedConfigParam gi...[m
[[1;31mERROR[m] [1;31m  Run 2: InstancedConfigurationTest.getNestedDefaultDisplayValue » UnUsedConfigParam gi...[m
[[1;34mINFO[m] 
[[1;31mERROR[m] [1;31malluxio.conf.InstancedConfigurationTest.getNestedProperties[m
[[1;31mERROR[m] [1;31m  Run 1: InstancedConfigurationTest.getNestedProperties » UnUsedConfigParam git.commit....[m
[[1;31mERROR[m] [1;31m  Run 2: InstancedConfigurationTest.getNestedProperties » UnUsedConfigParam git.commit....[m
[[1;34mINFO[m] 
[[1;31mERROR[m] [1;31malluxio.conf.InstancedConfigurationTest.getNestedPropertiesEmptyTrailingProperty[m
[[1;31mERROR[m] [1;31m  Run 1: InstancedConfigurationTest.getNestedPropertiesEmptyTrailingProperty » UnUsedConfigParam[m
[[1;31mERROR[m] [1;31m  Run 2: InstancedConfigurationTest.getNestedPropertiesEmptyTrailingProperty » UnUsedConfigParam[m
[[1;34mINFO[m] 
[[1;31mERROR[m] [1;31malluxio.conf.InstancedConfigurationTest.getNestedPropertiesWrongPrefix[m
[[1;31mERROR[m] [1;31m  Run 1: InstancedConfigurationTest.getNestedPropertiesWrongPrefix » UnUsedConfigParam ...[m
[[1;31mERROR[m] [1;31m  Run 2: InstancedConfigurationTest.getNestedPropertiesWrongPrefix » UnUsedConfigParam ...[m
[[1;34mINFO[m] 
[[1;31mERROR[m] [1;31malluxio.conf.InstancedConfigurationTest.getTemplateCredentialsDisplayValue[m
[[1;31mERROR[m] [1;31m  Run 1: InstancedConfigurationTest.getTemplateCredentialsDisplayValue » UnUsedConfigParam[m
[[1;31mERROR[m] [1;31m  Run 2: InstancedConfigurationTest.getTemplateCredentialsDisplayValue » UnUsedConfigParam[m
[[1;34mINFO[m] 
[[1;31mERROR[m] [1;31malluxio.conf.InstancedConfigurationTest.testAllKeyTypes[m
[[1;31mERROR[m] [1;31m  Run 1: InstancedConfigurationTest.testAllKeyTypes » UnUsedConfigParam git.commit.id.f...[m
[[1;31mERROR[m] [1;31m  Run 2: InstancedConfigurationTest.testAllKeyTypes » UnUsedConfigParam git.commit.id.f...[m
[[1;34mINFO[m] 
[[1;31mERROR[m] [1;31malluxio.conf.InstancedConfigurationTest.toMap[m
[[1;31mERROR[m] [1;31m  Run 1: InstancedConfigurationTest.toMap » UnUsedConfigParam git.commit.id.full was no...[m
[[1;31mERROR[m] [1;31m  Run 2: InstancedConfigurationTest.toMap » UnUsedConfigParam git.commit.id.full was no...[m
[[1;34mINFO[m] 
[[1;31mERROR[m] [1;31malluxio.conf.InstancedConfigurationTest.toRawMap[m
[[1;31mERROR[m] [1;31m  Run 1: InstancedConfigurationTest.toRawMap » UnUsedConfigParam git.commit.id.full was...[m
[[1;31mERROR[m] [1;31m  Run 2: InstancedConfigurationTest.toRawMap » UnUsedConfigParam git.commit.id.full was...[m
[[1;34mINFO[m] 
[[1;34mINFO[m] 
[[1;31mERROR[m] [1;31mTests run: 1131, Failures: 0, Errors: 11, Skipped: 4[m
[[1;34mINFO[m] 
[[1;34mINFO[m] [1m------------------------------------------------------------------------[m
[[1;34mINFO[m] [1;31mBUILD FAILURE[m
[[1;34mINFO[m] [1m------------------------------------------------------------------------[m
[[1;34mINFO[m] Total time:  01:29 min
[[1;34mINFO[m] Finished at: 2023-12-26T15:58:32-06:00
[[1;34mINFO[m] [1m------------------------------------------------------------------------[m
[[1;31mERROR[m] Failed to execute goal [32morg.apache.maven.plugins:maven-surefire-plugin:3.0.0-M5:test[m [1m(default-cli)[m on project [36malluxio-core-common[m: [1;31mThere are test failures.[m
[[1;31mERROR[m] [1;31m[m
[[1;31mERROR[m] [1;31mPlease refer to /home/xinyu/port_ctest_runner/alluxio/core/common/target/surefire-reports for the individual test results.[m
[[1;31mERROR[m] [1;31mPlease refer to dump files (if any exist) [date].dump, [date]-jvmRun[N].dump and [date].dumpstream.[m
[[1;31mERROR[m] -> [1m[Help 1][m
[[1;31mERROR[m] 
[[1;31mERROR[m] To see the full stack trace of the errors, re-run Maven with the [1m-e[m switch.
[[1;31mERROR[m] Re-run Maven using the [1m-X[m switch to enable full debug logging.
[[1;31mERROR[m] 
[[1;31mERROR[m] For more information about the errors and possible solutions, please read the following articles:
[[1;31mERROR[m] [1m[Help 1][m http://cwiki.apache.org/confluence/display/MAVEN/MojoFailureException
